<?xml version="1.0" encoding="UTF-8"?>
<testsuites name="TSC - Post several ideas" time="668.862" tests="8" failures="4" errors="0">
   <testsuite name="TS2 - Post an idea" tests="2" failures="1" errors="0" time="641.531" skipped="0" timestamp="2023-08-26 16:37:35" hostname="quan.trinh - 192.168.0.22" id="Test Suites/TS2 - Post an idea">
      <properties>
         <property name="deviceName" value=""/>
         <property name="devicePlatform" value=""/>
         <property name="logFolder" value="/Users/quan.trinh/git/ideaexchangetest/Reports/20230826_163724/TS2 - Post an idea/20230826_163725"/>
         <property name="logFiles" value="/Users/quan.trinh/git/ideaexchangetest/Reports/20230826_163724/TS2 - Post an idea/20230826_163725/execution0.log"/>
         <property name="attachments" value="/Users/quan.trinh/git/ideaexchangetest/Reports/20230826_163724/TS2 - Post an idea/20230826_163725/1693042890104.png, /Users/quan.trinh/git/ideaexchangetest/Reports/20230826_163724/TS2 - Post an idea/20230826_163725/1693042890658.png, /Users/quan.trinh/git/ideaexchangetest/Reports/20230826_163724/TS2 - Post an idea/20230826_163725/1693043030807.png, /Users/quan.trinh/git/ideaexchangetest/Reports/20230826_163724/TS2 - Post an idea/20230826_163725/1693043031284.png, /Users/quan.trinh/git/ideaexchangetest/Reports/20230826_163724/TS2 - Post an idea/20230826_163725/1693043173373.png, /Users/quan.trinh/git/ideaexchangetest/Reports/20230826_163724/TS2 - Post an idea/20230826_163725/1693043173783.png, /Users/quan.trinh/git/ideaexchangetest/Reports/20230826_163724/TS2 - Post an idea/20230826_163725/1693043296260.png, /Users/quan.trinh/git/ideaexchangetest/Reports/20230826_163724/TS2 - Post an idea/20230826_163725/1693043296713.png"/>
         <property name="hostName" value="quan.trinh - 192.168.0.22"/>
         <property name="os" value="Mac OS X 64bit"/>
         <property name="katalonVersion" value="8.6.5.208"/>
         <property name="browser" value="Chrome 106.0.0.0"/>
         <property name="hostAddress" value="192.168.0.23"/>
         <property name="sessionId" value="03071aae8f92ffb6f6958f7159687ec0"/>
         <property name="seleniumVersion" value="3.141.59"/>
         <property name="proxyInformation" value="ProxyInformation { proxyOption=NO_PROXY, proxyServerType=HTTP, username=, password=********, proxyServerAddress=, proxyServerPort=0, executionList=&quot;&quot;, isApplyToDesiredCapabilities=true }"/>
         <property name="platform" value="Mac OS X"/>
      </properties>
      <testcase name="Test Cases/Login" time="90.281" classname="Test Cases/Login" status="PASSED">
         <system-out><![CDATA[2023-08-26 16:37:35 - [TEST_CASE][PASSED] - Test Cases/Login: Test Cases/Login

2023-08-26 16:37:36 - [TEST_STEP][PASSED] - Start listener action : enableSauceLabs: [SAUCELABS] Saucelabs Plugin will not attempt to auto update job status and information !

2023-08-26 16:37:36 - [MESSAGE][INFO] - [SAUCELABS] Current run configuration: Chrome

2023-08-26 16:37:36 - [MESSAGE][INFO] - [SAUCELABS] Saucelabs Plugin will not attempt to auto update job status and information !

2023-08-26 16:37:36 - [TEST_STEP][PASSED] - openBrowser(""): Browser is opened with url: ''

2023-08-26 16:37:36 - [MESSAGE][INFO] - Starting 'Chrome' driver

2023-08-26 16:37:36 - [MESSAGE][INFO] - Action delay is set to 0 milliseconds

2023-08-26 16:37:40 - [MESSAGE][PASSED] - Browser is opened with url: ''

2023-08-26 16:37:40 - [TEST_STEP][PASSED] - navigateToUrl("https://katalon-inc--sc.sandbox.my.site.com/katalonhelpcenter/s/"): Navigate to 'https://katalon-inc--sc.sandbox.my.site.com/katalonhelpcenter/s/' successfully

2023-08-26 16:37:51 - [MESSAGE][PASSED] - Navigate to 'https://katalon-inc--sc.sandbox.my.site.com/katalonhelpcenter/s/' successfully

2023-08-26 16:37:51 - [TEST_STEP][PASSED] - click(findTestObject("Object Repository/button_Log in")): Object: 'Object Repository/button_Log in' is clicked on

2023-08-26 16:38:00 - [MESSAGE][PASSED] - Object: 'Object Repository/button_Log in' is clicked on

2023-08-26 16:38:00 - [TEST_STEP][PASSED] - click(findTestObject("Object Repository/a_Katalon Account")): Object: 'Object Repository/a_Katalon Account' is clicked on

2023-08-26 16:38:31 - [MESSAGE][PASSED] - Object: 'Object Repository/a_Katalon Account' is clicked on

2023-08-26 16:38:31 - [TEST_STEP][PASSED] - setText(findTestObject("Object Repository/input_Email_email"), "user3@5wphoto.com"): Text 'user3@5wphoto.com' is set on object 'Object Repository/input_Email_email'

2023-08-26 16:38:35 - [MESSAGE][PASSED] - Text 'user3@5wphoto.com' is set on object 'Object Repository/input_Email_email'

2023-08-26 16:38:35 - [TEST_STEP][PASSED] - setEncryptedText(findTestObject("Object Repository/input_Password_password"), "SLwXyDhhPsbL49YyfNlrYA=="): Text ****** has been set on object 'Object Repository/input_Password_password'

2023-08-26 16:38:37 - [MESSAGE][PASSED] - Text ****** has been set on object 'Object Repository/input_Password_password'

2023-08-26 16:38:37 - [TEST_STEP][PASSED] - click(findTestObject("Object Repository/button_Sign In")): Object: 'Object Repository/button_Sign In' is clicked on

2023-08-26 16:38:42 - [MESSAGE][PASSED] - Object: 'Object Repository/button_Sign In' is clicked on

2023-08-26 16:38:42 - [TEST_STEP][PASSED] - delay(10): Delayed 10 second(s)

2023-08-26 16:38:52 - [MESSAGE][PASSED] - Delayed 10 second(s)

2023-08-26 16:38:52 - [TEST_STEP][PASSED] - navigateToUrl("https://katalon-inc--sc.sandbox.my.site.com/katalonhelpcenter/s/ideas"): Navigate to 'https://katalon-inc--sc.sandbox.my.site.com/katalonhelpcenter/s/ideas' successfully

2023-08-26 16:39:06 - [MESSAGE][PASSED] - Navigate to 'https://katalon-inc--sc.sandbox.my.site.com/katalonhelpcenter/s/ideas' successfully

2023-08-26 16:39:06 - [TEST_STEP][PASSED] - Start listener action : autoUpdateJobStatus: [SAUCELABS] Current run configuration: Chrome

2023-08-26 16:39:06 - [MESSAGE][INFO] - [SAUCELABS] Current run configuration: Chrome]]></system-out>
         <system-err><![CDATA[]]></system-err>
      </testcase>
      <testcase name="Test Cases/Post an idea" time="122.993" classname="Test Cases/Post an idea" status="FAILED">
         <failure type="FAILED" message="Test Cases/Post an idea FAILED.
Reason:
com.kms.katalon.core.exception.StepFailedException: Unable to verify object 'Object Repository/span_Submitted' is present
	at com.kms.katalon.core.webui.keyword.internal.WebUIKeywordMain.stepFailed(WebUIKeywordMain.groovy:64)
	at com.kms.katalon.core.webui.keyword.internal.WebUIKeywordMain.runKeyword(WebUIKeywordMain.groovy:26)
	at com.kms.katalon.core.webui.keyword.builtin.VerifyElementPresentKeyword.verifyElementPresent(VerifyElementPresentKeyword.groovy:92)
	at com.kms.katalon.core.webui.keyword.builtin.VerifyElementPresentKeyword.execute(VerifyElementPresentKeyword.groovy:68)
	at com.kms.katalon.core.keyword.internal.KeywordExecutor.executeKeywordForPlatform(KeywordExecutor.groovy:74)
	at com.kms.katalon.core.webui.keyword.WebUiBuiltInKeywords.verifyElementPresent(WebUiBuiltInKeywords.groovy:1464)
	at com.kms.katalon.core.webui.keyword.WebUiBuiltInKeywords$verifyElementPresent$5.call(Unknown Source)
	at Post an idea.run(Post an idea:66)
	at com.kms.katalon.core.main.ScriptEngine.run(ScriptEngine.java:194)
	at com.kms.katalon.core.main.ScriptEngine.runScriptAsRawText(ScriptEngine.java:119)
	at com.kms.katalon.core.main.TestCaseExecutor.runScript(TestCaseExecutor.java:448)
	at com.kms.katalon.core.main.TestCaseExecutor.doExecute(TestCaseExecutor.java:439)
	at com.kms.katalon.core.main.TestCaseExecutor.processExecutionPhase(TestCaseExecutor.java:418)
	at com.kms.katalon.core.main.TestCaseExecutor.accessMainPhase(TestCaseExecutor.java:410)
	at com.kms.katalon.core.main.TestCaseExecutor.execute(TestCaseExecutor.java:285)
	at com.kms.katalon.core.main.TestCaseExecutor.execute(TestCaseExecutor.java:369)
	at com.kms.katalon.core.main.TestCaseExecutor.execute(TestCaseExecutor.java:369)
	at com.kms.katalon.core.main.TestCaseExecutor.execute(TestCaseExecutor.java:369)
	at com.kms.katalon.core.common.CommonExecutor.accessTestCaseMainPhase(CommonExecutor.java:65)
	at com.kms.katalon.core.main.TestSuiteExecutor.accessTestSuiteMainPhase(TestSuiteExecutor.java:148)
	at com.kms.katalon.core.main.TestSuiteExecutor.execute(TestSuiteExecutor.java:106)
	at com.kms.katalon.core.main.TestCaseMain.startTestSuite(TestCaseMain.java:187)
	at com.kms.katalon.core.main.TestCaseMain$startTestSuite$0.call(Unknown Source)
	at TempTestSuite1693042645628.run(TempTestSuite1693042645628.groovy:36)
Caused by: com.kms.katalon.core.exception.StepFailedException: com.kms.katalon.core.webui.exception.WebElementNotFoundException: Web element with id: 'Object Repository/span_Submitted' located by '//div[@id='4:492;a']/div/div/div[2]/div/div[2]/span/span' not found
	at com.kms.katalon.core.webui.keyword.internal.WebUIKeywordMain.stepFailed(WebUIKeywordMain.groovy:64)
	at com.kms.katalon.core.webui.keyword.builtin.VerifyElementPresentKeyword$_verifyElementPresent_closure1.doCall(VerifyElementPresentKeyword.groovy:85)
	at com.kms.katalon.core.webui.keyword.builtin.VerifyElementPresentKeyword$_verifyElementPresent_closure1.call(VerifyElementPresentKeyword.groovy)
	at com.kms.katalon.core.webui.keyword.internal.WebUIKeywordMain.runKeyword(WebUIKeywordMain.groovy:20)
	... 22 more
"/>
         <system-out><![CDATA[2023-08-26 16:46:14 - [TEST_CASE][FAILED] - Test Cases/Post an idea: Test Cases/Post an idea FAILED.
Reason:
com.kms.katalon.core.exception.StepFailedException: Unable to verify object 'Object Repository/span_Submitted' is present
	at com.kms.katalon.core.webui.keyword.internal.WebUIKeywordMain.stepFailed(WebUIKeywordMain.groovy:64)
	at com.kms.katalon.core.webui.keyword.internal.WebUIKeywordMain.runKeyword(WebUIKeywordMain.groovy:26)
	at com.kms.katalon.core.webui.keyword.builtin.VerifyElementPresentKeyword.verifyElementPresent(VerifyElementPresentKeyword.groovy:92)
	at com.kms.katalon.core.webui.keyword.builtin.VerifyElementPresentKeyword.execute(VerifyElementPresentKeyword.groovy:68)
	at com.kms.katalon.core.keyword.internal.KeywordExecutor.executeKeywordForPlatform(KeywordExecutor.groovy:74)
	at com.kms.katalon.core.webui.keyword.WebUiBuiltInKeywords.verifyElementPresent(WebUiBuiltInKeywords.groovy:1464)
	at com.kms.katalon.core.webui.keyword.WebUiBuiltInKeywords$verifyElementPresent$5.call(Unknown Source)
	at Post an idea.run(Post an idea:66)
	at com.kms.katalon.core.main.ScriptEngine.run(ScriptEngine.java:194)
	at com.kms.katalon.core.main.ScriptEngine.runScriptAsRawText(ScriptEngine.java:119)
	at com.kms.katalon.core.main.TestCaseExecutor.runScript(TestCaseExecutor.java:448)
	at com.kms.katalon.core.main.TestCaseExecutor.doExecute(TestCaseExecutor.java:439)
	at com.kms.katalon.core.main.TestCaseExecutor.processExecutionPhase(TestCaseExecutor.java:418)
	at com.kms.katalon.core.main.TestCaseExecutor.accessMainPhase(TestCaseExecutor.java:410)
	at com.kms.katalon.core.main.TestCaseExecutor.execute(TestCaseExecutor.java:285)
	at com.kms.katalon.core.main.TestCaseExecutor.execute(TestCaseExecutor.java:369)
	at com.kms.katalon.core.main.TestCaseExecutor.execute(TestCaseExecutor.java:369)
	at com.kms.katalon.core.main.TestCaseExecutor.execute(TestCaseExecutor.java:369)
	at com.kms.katalon.core.common.CommonExecutor.accessTestCaseMainPhase(CommonExecutor.java:65)
	at com.kms.katalon.core.main.TestSuiteExecutor.accessTestSuiteMainPhase(TestSuiteExecutor.java:148)
	at com.kms.katalon.core.main.TestSuiteExecutor.execute(TestSuiteExecutor.java:106)
	at com.kms.katalon.core.main.TestCaseMain.startTestSuite(TestCaseMain.java:187)
	at com.kms.katalon.core.main.TestCaseMain$startTestSuite$0.call(Unknown Source)
	at TempTestSuite1693042645628.run(TempTestSuite1693042645628.groovy:36)
Caused by: com.kms.katalon.core.exception.StepFailedException: com.kms.katalon.core.webui.exception.WebElementNotFoundException: Web element with id: 'Object Repository/span_Submitted' located by '//div[@id='4:492;a']/div/div/div[2]/div/div[2]/span/span' not found
	at com.kms.katalon.core.webui.keyword.internal.WebUIKeywordMain.stepFailed(WebUIKeywordMain.groovy:64)
	at com.kms.katalon.core.webui.keyword.builtin.VerifyElementPresentKeyword$_verifyElementPresent_closure1.doCall(VerifyElementPresentKeyword.groovy:85)
	at com.kms.katalon.core.webui.keyword.builtin.VerifyElementPresentKeyword$_verifyElementPresent_closure1.call(VerifyElementPresentKeyword.groovy)
	at com.kms.katalon.core.webui.keyword.internal.WebUIKeywordMain.runKeyword(WebUIKeywordMain.groovy:20)
	... 22 more


2023-08-26 16:46:14 - [TEST_STEP][PASSED] - Start listener action : enableSauceLabs: [SAUCELABS] Saucelabs Plugin will not attempt to auto update job status and information !

2023-08-26 16:46:14 - [MESSAGE][INFO] - [SAUCELABS] Current run configuration: Chrome

2023-08-26 16:46:14 - [MESSAGE][INFO] - [SAUCELABS] Saucelabs Plugin will not attempt to auto update job status and information !

2023-08-26 16:46:14 - [TEST_STEP][PASSED] - openBrowser(""): Browser is opened with url: ''

2023-08-26 16:46:14 - [MESSAGE][WARNING] - A browser is already opened. Closing browser and opening a new one

2023-08-26 16:46:14 - [MESSAGE][INFO] - Starting 'Chrome' driver

2023-08-26 16:46:14 - [MESSAGE][INFO] - Action delay is set to 0 milliseconds

2023-08-26 16:46:16 - [MESSAGE][PASSED] - Browser is opened with url: ''

2023-08-26 16:46:16 - [TEST_STEP][PASSED] - navigateToUrl("https://katalon-inc--sc.sandbox.my.site.com/katalonhelpcenter/s/"): Navigate to 'https://katalon-inc--sc.sandbox.my.site.com/katalonhelpcenter/s/' successfully

2023-08-26 16:46:29 - [MESSAGE][PASSED] - Navigate to 'https://katalon-inc--sc.sandbox.my.site.com/katalonhelpcenter/s/' successfully

2023-08-26 16:46:29 - [TEST_STEP][PASSED] - click(findTestObject("Object Repository/button_Log in")): Object: 'Object Repository/button_Log in' is clicked on

2023-08-26 16:46:37 - [MESSAGE][PASSED] - Object: 'Object Repository/button_Log in' is clicked on

2023-08-26 16:46:37 - [TEST_STEP][PASSED] - click(findTestObject("Object Repository/a_Katalon Account")): Object: 'Object Repository/a_Katalon Account' is clicked on

2023-08-26 16:46:57 - [MESSAGE][PASSED] - Object: 'Object Repository/a_Katalon Account' is clicked on

2023-08-26 16:46:57 - [TEST_STEP][PASSED] - setText(findTestObject("Object Repository/input_Email_email"), "user3@5wphoto.com"): Text 'user3@5wphoto.com' is set on object 'Object Repository/input_Email_email'

2023-08-26 16:47:04 - [MESSAGE][PASSED] - Text 'user3@5wphoto.com' is set on object 'Object Repository/input_Email_email'

2023-08-26 16:47:04 - [TEST_STEP][PASSED] - setEncryptedText(findTestObject("Object Repository/input_Password_password"), "SLwXyDhhPsbL49YyfNlrYA=="): Text ****** has been set on object 'Object Repository/input_Password_password'

2023-08-26 16:47:05 - [MESSAGE][PASSED] - Text ****** has been set on object 'Object Repository/input_Password_password'

2023-08-26 16:47:05 - [TEST_STEP][PASSED] - click(findTestObject("Object Repository/button_Sign In")): Object: 'Object Repository/button_Sign In' is clicked on

2023-08-26 16:47:09 - [MESSAGE][PASSED] - Object: 'Object Repository/button_Sign In' is clicked on

2023-08-26 16:47:09 - [TEST_STEP][PASSED] - delay(15): Delayed 15 second(s)

2023-08-26 16:47:24 - [MESSAGE][PASSED] - Delayed 15 second(s)

2023-08-26 16:47:24 - [TEST_STEP][PASSED] - navigateToUrl("https://katalon-inc--sc.sandbox.my.site.com/katalonhelpcenter/s/ideas"): Navigate to 'https://katalon-inc--sc.sandbox.my.site.com/katalonhelpcenter/s/ideas' successfully

2023-08-26 16:47:39 - [MESSAGE][PASSED] - Navigate to 'https://katalon-inc--sc.sandbox.my.site.com/katalonhelpcenter/s/ideas' successfully

2023-08-26 16:47:39 - [TEST_STEP][PASSED] - click(findTestObject("Object Repository/span_Post Ideas")): Object: 'Object Repository/span_Post Ideas' is clicked on

2023-08-26 16:47:50 - [MESSAGE][PASSED] - Object: 'Object Repository/span_Post Ideas' is clicked on

2023-08-26 16:47:50 - [TEST_STEP][PASSED] - setText(findTestObject("Object Repository/input__Title"), titlepost): Text 'Quan test post idea 3
' is set on object 'Object Repository/input__Title'

2023-08-26 16:47:58 - [MESSAGE][PASSED] - Text 'Quan test post idea 3
' is set on object 'Object Repository/input__Title'

2023-08-26 16:47:58 - [TEST_STEP][PASSED] - click(findTestObject("Object Repository/button__Product")): Object: 'Object Repository/button__Product' is clicked on

2023-08-26 16:48:00 - [MESSAGE][PASSED] - Object: 'Object Repository/button__Product' is clicked on

2023-08-26 16:48:00 - [TEST_STEP][PASSED] - click(findTestObject("Object Repository/span_Cloud Studio")): Object: 'Object Repository/span_Cloud Studio' is clicked on

2023-08-26 16:48:01 - [MESSAGE][PASSED] - Object: 'Object Repository/span_Cloud Studio' is clicked on

2023-08-26 16:48:01 - [TEST_STEP][PASSED] - setText(findTestObject("Object Repository/input__TeamSize"), nomember): Text '10' is set on object 'Object Repository/input__TeamSize'

2023-08-26 16:48:02 - [MESSAGE][PASSED] - Text '10' is set on object 'Object Repository/input__TeamSize'

2023-08-26 16:48:02 - [TEST_STEP][PASSED] - setText(findTestObject("Object Repository/textarea__Description"), description): Text 'hello' is set on object 'Object Repository/textarea__Description'

2023-08-26 16:48:04 - [MESSAGE][PASSED] - Text 'hello' is set on object 'Object Repository/textarea__Description'

2023-08-26 16:48:04 - [TEST_STEP][PASSED] - setText(findTestObject("Object Repository/textarea__Question1"), description2): Text 'hello' is set on object 'Object Repository/textarea__Question1'

2023-08-26 16:48:05 - [MESSAGE][PASSED] - Text 'hello' is set on object 'Object Repository/textarea__Question1'

2023-08-26 16:48:05 - [TEST_STEP][PASSED] - setText(findTestObject("Object Repository/textarea__Question2"), description3): Text 'hello' is set on object 'Object Repository/textarea__Question2'

2023-08-26 16:48:06 - [MESSAGE][PASSED] - Text 'hello' is set on object 'Object Repository/textarea__Question2'

2023-08-26 16:48:06 - [TEST_STEP][PASSED] - verifyElementClickable(findTestObject("Object Repository/button_Post Idea")): Object 'Object Repository/button_Post Idea' is clickable

2023-08-26 16:48:06 - [MESSAGE][PASSED] - Object 'Object Repository/button_Post Idea' is clickable

2023-08-26 16:48:06 - [TEST_STEP][PASSED] - click(findTestObject("Object Repository/button_Post Idea")): Object: 'Object Repository/button_Post Idea' is clicked on

2023-08-26 16:48:07 - [MESSAGE][PASSED] - Object: 'Object Repository/button_Post Idea' is clicked on

2023-08-26 16:48:07 - [TEST_STEP][PASSED] - verifyElementClickable(findTestObject("Object Repository/button_Post")): Object 'Object Repository/button_Post' is clickable

2023-08-26 16:48:07 - [MESSAGE][PASSED] - Object 'Object Repository/button_Post' is clickable

2023-08-26 16:48:07 - [TEST_STEP][PASSED] - click(findTestObject("Object Repository/button_Post")): Object: 'Object Repository/button_Post' is clicked on

2023-08-26 16:48:08 - [MESSAGE][PASSED] - Object: 'Object Repository/button_Post' is clicked on

2023-08-26 16:48:08 - [TEST_STEP][PASSED] - verifyElementPresent(findTestObject("Object Repository/span_Your Idea Created Successfully"), 5): Object 'Object Repository/span_Your Idea Created Successfully' is present

2023-08-26 16:48:09 - [MESSAGE][PASSED] - Object 'Object Repository/span_Your Idea Created Successfully' is present

2023-08-26 16:48:09 - [TEST_STEP][PASSED] - verifyElementPresent(findTestObject("Object Repository/span_Detail"), 5): Object 'Object Repository/span_Detail' is present

2023-08-26 16:48:10 - [MESSAGE][PASSED] - Object 'Object Repository/span_Detail' is present

2023-08-26 16:48:10 - [TEST_STEP][FAILED] - verifyElementPresent(findTestObject("Object Repository/span_Submitted"), 5): Unable to verify object 'Object Repository/span_Submitted' is present (Root cause: com.kms.katalon.core.exception.StepFailedException: Unable to verify object 'Object Repository/span_Submitted' is present
	at com.kms.katalon.core.webui.keyword.internal.WebUIKeywordMain.stepFailed(WebUIKeywordMain.groovy:64)
	at com.kms.katalon.core.webui.keyword.internal.WebUIKeywordMain.runKeyword(WebUIKeywordMain.groovy:26)
	at com.kms.katalon.core.webui.keyword.builtin.VerifyElementPresentKeyword.verifyElementPresent(VerifyElementPresentKeyword.groovy:92)
	at com.kms.katalon.core.webui.keyword.builtin.VerifyElementPresentKeyword.execute(VerifyElementPresentKeyword.groovy:68)
	at com.kms.katalon.core.keyword.internal.KeywordExecutor.executeKeywordForPlatform(KeywordExecutor.groovy:74)
	at com.kms.katalon.core.webui.keyword.WebUiBuiltInKeywords.verifyElementPresent(WebUiBuiltInKeywords.groovy:1464)
	at com.kms.katalon.core.webui.keyword.WebUiBuiltInKeywords$verifyElementPresent$5.call(Unknown Source)
	at Post an idea.run(Post an idea:66)
	at com.kms.katalon.core.main.ScriptEngine.run(ScriptEngine.java:194)
	at com.kms.katalon.core.main.ScriptEngine.runScriptAsRawText(ScriptEngine.java:119)
	at com.kms.katalon.core.main.TestCaseExecutor.runScript(TestCaseExecutor.java:448)
	at com.kms.katalon.core.main.TestCaseExecutor.doExecute(TestCaseExecutor.java:439)
	at com.kms.katalon.core.main.TestCaseExecutor.processExecutionPhase(TestCaseExecutor.java:418)
	at com.kms.katalon.core.main.TestCaseExecutor.accessMainPhase(TestCaseExecutor.java:410)
	at com.kms.katalon.core.main.TestCaseExecutor.execute(TestCaseExecutor.java:285)
	at com.kms.katalon.core.main.TestCaseExecutor.execute(TestCaseExecutor.java:369)
	at com.kms.katalon.core.main.TestCaseExecutor.execute(TestCaseExecutor.java:369)
	at com.kms.katalon.core.main.TestCaseExecutor.execute(TestCaseExecutor.java:369)
	at com.kms.katalon.core.common.CommonExecutor.accessTestCaseMainPhase(CommonExecutor.java:65)
	at com.kms.katalon.core.main.TestSuiteExecutor.accessTestSuiteMainPhase(TestSuiteExecutor.java:148)
	at com.kms.katalon.core.main.TestSuiteExecutor.execute(TestSuiteExecutor.java:106)
	at com.kms.katalon.core.main.TestCaseMain.startTestSuite(TestCaseMain.java:187)
	at com.kms.katalon.core.main.TestCaseMain$startTestSuite$0.call(Unknown Source)
	at TempTestSuite1693042645628.run(TempTestSuite1693042645628.groovy:36)
Caused by: com.kms.katalon.core.exception.StepFailedException: com.kms.katalon.core.webui.exception.WebElementNotFoundException: Web element with id: 'Object Repository/span_Submitted' located by '//div[@id='4:492;a']/div/div/div[2]/div/div[2]/span/span' not found
	at com.kms.katalon.core.webui.keyword.internal.WebUIKeywordMain.stepFailed(WebUIKeywordMain.groovy:64)
	at com.kms.katalon.core.webui.keyword.builtin.VerifyElementPresentKeyword$_verifyElementPresent_closure1.doCall(VerifyElementPresentKeyword.groovy:85)
	at com.kms.katalon.core.webui.keyword.builtin.VerifyElementPresentKeyword$_verifyElementPresent_closure1.call(VerifyElementPresentKeyword.groovy)
	at com.kms.katalon.core.webui.keyword.internal.WebUIKeywordMain.runKeyword(WebUIKeywordMain.groovy:20)
	... 22 more
)

2023-08-26 16:48:16 - [MESSAGE][INFO] - Unable to find the element located by 'By.xpath: //div[@id='4:492;a']/div/div/div[2]/div/div[2]/span/span'. Please recheck the objects properties to make sure the desired element is located. 

2023-08-26 16:48:16 - [MESSAGE][FAILED] - com.kms.katalon.core.webui.exception.WebElementNotFoundException: Web element with id: 'Object Repository/span_Submitted' located by '//div[@id='4:492;a']/div/div/div[2]/div/div[2]/span/span' not found (Root cause: com.kms.katalon.core.exception.StepFailedException: com.kms.katalon.core.webui.exception.WebElementNotFoundException: Web element with id: 'Object Repository/span_Submitted' located by '//div[@id='4:492;a']/div/div/div[2]/div/div[2]/span/span' not found
	at com.kms.katalon.core.webui.keyword.internal.WebUIKeywordMain.stepFailed(WebUIKeywordMain.groovy:64)
	at com.kms.katalon.core.webui.keyword.builtin.VerifyElementPresentKeyword$_verifyElementPresent_closure1.doCall(VerifyElementPresentKeyword.groovy:85)
	at com.kms.katalon.core.webui.keyword.builtin.VerifyElementPresentKeyword$_verifyElementPresent_closure1.call(VerifyElementPresentKeyword.groovy)
	at com.kms.katalon.core.webui.keyword.internal.WebUIKeywordMain.runKeyword(WebUIKeywordMain.groovy:20)
	at com.kms.katalon.core.webui.keyword.builtin.VerifyElementPresentKeyword.verifyElementPresent(VerifyElementPresentKeyword.groovy:92)
	at com.kms.katalon.core.webui.keyword.builtin.VerifyElementPresentKeyword.execute(VerifyElementPresentKeyword.groovy:68)
	at com.kms.katalon.core.keyword.internal.KeywordExecutor.executeKeywordForPlatform(KeywordExecutor.groovy:74)
	at com.kms.katalon.core.webui.keyword.WebUiBuiltInKeywords.verifyElementPresent(WebUiBuiltInKeywords.groovy:1464)
	at com.kms.katalon.core.webui.keyword.WebUiBuiltInKeywords$verifyElementPresent$5.call(Unknown Source)
	at Post an idea.run(Post an idea:66)
	at com.kms.katalon.core.main.ScriptEngine.run(ScriptEngine.java:194)
	at com.kms.katalon.core.main.ScriptEngine.runScriptAsRawText(ScriptEngine.java:119)
	at com.kms.katalon.core.main.TestCaseExecutor.runScript(TestCaseExecutor.java:448)
	at com.kms.katalon.core.main.TestCaseExecutor.doExecute(TestCaseExecutor.java:439)
	at com.kms.katalon.core.main.TestCaseExecutor.processExecutionPhase(TestCaseExecutor.java:418)
	at com.kms.katalon.core.main.TestCaseExecutor.accessMainPhase(TestCaseExecutor.java:410)
	at com.kms.katalon.core.main.TestCaseExecutor.execute(TestCaseExecutor.java:285)
	at com.kms.katalon.core.main.TestCaseExecutor.execute(TestCaseExecutor.java:369)
	at com.kms.katalon.core.main.TestCaseExecutor.execute(TestCaseExecutor.java:369)
	at com.kms.katalon.core.main.TestCaseExecutor.execute(TestCaseExecutor.java:369)
	at com.kms.katalon.core.common.CommonExecutor.accessTestCaseMainPhase(CommonExecutor.java:65)
	at com.kms.katalon.core.main.TestSuiteExecutor.accessTestSuiteMainPhase(TestSuiteExecutor.java:148)
	at com.kms.katalon.core.main.TestSuiteExecutor.execute(TestSuiteExecutor.java:106)
	at com.kms.katalon.core.main.TestCaseMain.startTestSuite(TestCaseMain.java:187)
	at com.kms.katalon.core.main.TestCaseMain$startTestSuite$0.call(Unknown Source)
	at TempTestSuite1693042645628.run(TempTestSuite1693042645628.groovy:36)
)
[[ATTACHMENT|/Users/quan.trinh/git/ideaexchangetest/Reports/20230826_163724/TS2 - Post an idea/20230826_163725/1693043296260.png]]

2023-08-26 16:48:17 - [MESSAGE][FAILED] - Unable to verify object 'Object Repository/span_Submitted' is present (Root cause: com.kms.katalon.core.exception.StepFailedException: Unable to verify object 'Object Repository/span_Submitted' is present
	at com.kms.katalon.core.webui.keyword.internal.WebUIKeywordMain.stepFailed(WebUIKeywordMain.groovy:64)
	at com.kms.katalon.core.webui.keyword.internal.WebUIKeywordMain.runKeyword(WebUIKeywordMain.groovy:26)
	at com.kms.katalon.core.webui.keyword.builtin.VerifyElementPresentKeyword.verifyElementPresent(VerifyElementPresentKeyword.groovy:92)
	at com.kms.katalon.core.webui.keyword.builtin.VerifyElementPresentKeyword.execute(VerifyElementPresentKeyword.groovy:68)
	at com.kms.katalon.core.keyword.internal.KeywordExecutor.executeKeywordForPlatform(KeywordExecutor.groovy:74)
	at com.kms.katalon.core.webui.keyword.WebUiBuiltInKeywords.verifyElementPresent(WebUiBuiltInKeywords.groovy:1464)
	at com.kms.katalon.core.webui.keyword.WebUiBuiltInKeywords$verifyElementPresent$5.call(Unknown Source)
	at Post an idea.run(Post an idea:66)
	at com.kms.katalon.core.main.ScriptEngine.run(ScriptEngine.java:194)
	at com.kms.katalon.core.main.ScriptEngine.runScriptAsRawText(ScriptEngine.java:119)
	at com.kms.katalon.core.main.TestCaseExecutor.runScript(TestCaseExecutor.java:448)
	at com.kms.katalon.core.main.TestCaseExecutor.doExecute(TestCaseExecutor.java:439)
	at com.kms.katalon.core.main.TestCaseExecutor.processExecutionPhase(TestCaseExecutor.java:418)
	at com.kms.katalon.core.main.TestCaseExecutor.accessMainPhase(TestCaseExecutor.java:410)
	at com.kms.katalon.core.main.TestCaseExecutor.execute(TestCaseExecutor.java:285)
	at com.kms.katalon.core.main.TestCaseExecutor.execute(TestCaseExecutor.java:369)
	at com.kms.katalon.core.main.TestCaseExecutor.execute(TestCaseExecutor.java:369)
	at com.kms.katalon.core.main.TestCaseExecutor.execute(TestCaseExecutor.java:369)
	at com.kms.katalon.core.common.CommonExecutor.accessTestCaseMainPhase(CommonExecutor.java:65)
	at com.kms.katalon.core.main.TestSuiteExecutor.accessTestSuiteMainPhase(TestSuiteExecutor.java:148)
	at com.kms.katalon.core.main.TestSuiteExecutor.execute(TestSuiteExecutor.java:106)
	at com.kms.katalon.core.main.TestCaseMain.startTestSuite(TestCaseMain.java:187)
	at com.kms.katalon.core.main.TestCaseMain$startTestSuite$0.call(Unknown Source)
	at TempTestSuite1693042645628.run(TempTestSuite1693042645628.groovy:36)
Caused by: com.kms.katalon.core.exception.StepFailedException: com.kms.katalon.core.webui.exception.WebElementNotFoundException: Web element with id: 'Object Repository/span_Submitted' located by '//div[@id='4:492;a']/div/div/div[2]/div/div[2]/span/span' not found
	at com.kms.katalon.core.webui.keyword.internal.WebUIKeywordMain.stepFailed(WebUIKeywordMain.groovy:64)
	at com.kms.katalon.core.webui.keyword.builtin.VerifyElementPresentKeyword$_verifyElementPresent_closure1.doCall(VerifyElementPresentKeyword.groovy:85)
	at com.kms.katalon.core.webui.keyword.builtin.VerifyElementPresentKeyword$_verifyElementPresent_closure1.call(VerifyElementPresentKeyword.groovy)
	at com.kms.katalon.core.webui.keyword.internal.WebUIKeywordMain.runKeyword(WebUIKeywordMain.groovy:20)
	... 22 more
)
[[ATTACHMENT|/Users/quan.trinh/git/ideaexchangetest/Reports/20230826_163724/TS2 - Post an idea/20230826_163725/1693043296713.png]]

2023-08-26 16:48:17 - [TEST_STEP][PASSED] - Start listener action : autoUpdateJobStatus: [SAUCELABS] Current run configuration: Chrome

2023-08-26 16:48:17 - [MESSAGE][INFO] - [SAUCELABS] Current run configuration: Chrome]]></system-out>
         <system-err><![CDATA[2023-08-26 16:46:14 - [TEST_CASE][FAILED] - Test Cases/Post an idea: Test Cases/Post an idea FAILED.
Reason:
com.kms.katalon.core.exception.StepFailedException: Unable to verify object 'Object Repository/span_Submitted' is present
	at com.kms.katalon.core.webui.keyword.internal.WebUIKeywordMain.stepFailed(WebUIKeywordMain.groovy:64)
	at com.kms.katalon.core.webui.keyword.internal.WebUIKeywordMain.runKeyword(WebUIKeywordMain.groovy:26)
	at com.kms.katalon.core.webui.keyword.builtin.VerifyElementPresentKeyword.verifyElementPresent(VerifyElementPresentKeyword.groovy:92)
	at com.kms.katalon.core.webui.keyword.builtin.VerifyElementPresentKeyword.execute(VerifyElementPresentKeyword.groovy:68)
	at com.kms.katalon.core.keyword.internal.KeywordExecutor.executeKeywordForPlatform(KeywordExecutor.groovy:74)
	at com.kms.katalon.core.webui.keyword.WebUiBuiltInKeywords.verifyElementPresent(WebUiBuiltInKeywords.groovy:1464)
	at com.kms.katalon.core.webui.keyword.WebUiBuiltInKeywords$verifyElementPresent$5.call(Unknown Source)
	at Post an idea.run(Post an idea:66)
	at com.kms.katalon.core.main.ScriptEngine.run(ScriptEngine.java:194)
	at com.kms.katalon.core.main.ScriptEngine.runScriptAsRawText(ScriptEngine.java:119)
	at com.kms.katalon.core.main.TestCaseExecutor.runScript(TestCaseExecutor.java:448)
	at com.kms.katalon.core.main.TestCaseExecutor.doExecute(TestCaseExecutor.java:439)
	at com.kms.katalon.core.main.TestCaseExecutor.processExecutionPhase(TestCaseExecutor.java:418)
	at com.kms.katalon.core.main.TestCaseExecutor.accessMainPhase(TestCaseExecutor.java:410)
	at com.kms.katalon.core.main.TestCaseExecutor.execute(TestCaseExecutor.java:285)
	at com.kms.katalon.core.main.TestCaseExecutor.execute(TestCaseExecutor.java:369)
	at com.kms.katalon.core.main.TestCaseExecutor.execute(TestCaseExecutor.java:369)
	at com.kms.katalon.core.main.TestCaseExecutor.execute(TestCaseExecutor.java:369)
	at com.kms.katalon.core.common.CommonExecutor.accessTestCaseMainPhase(CommonExecutor.java:65)
	at com.kms.katalon.core.main.TestSuiteExecutor.accessTestSuiteMainPhase(TestSuiteExecutor.java:148)
	at com.kms.katalon.core.main.TestSuiteExecutor.execute(TestSuiteExecutor.java:106)
	at com.kms.katalon.core.main.TestCaseMain.startTestSuite(TestCaseMain.java:187)
	at com.kms.katalon.core.main.TestCaseMain$startTestSuite$0.call(Unknown Source)
	at TempTestSuite1693042645628.run(TempTestSuite1693042645628.groovy:36)
Caused by: com.kms.katalon.core.exception.StepFailedException: com.kms.katalon.core.webui.exception.WebElementNotFoundException: Web element with id: 'Object Repository/span_Submitted' located by '//div[@id='4:492;a']/div/div/div[2]/div/div[2]/span/span' not found
	at com.kms.katalon.core.webui.keyword.internal.WebUIKeywordMain.stepFailed(WebUIKeywordMain.groovy:64)
	at com.kms.katalon.core.webui.keyword.builtin.VerifyElementPresentKeyword$_verifyElementPresent_closure1.doCall(VerifyElementPresentKeyword.groovy:85)
	at com.kms.katalon.core.webui.keyword.builtin.VerifyElementPresentKeyword$_verifyElementPresent_closure1.call(VerifyElementPresentKeyword.groovy)
	at com.kms.katalon.core.webui.keyword.internal.WebUIKeywordMain.runKeyword(WebUIKeywordMain.groovy:20)
	... 22 more]]></system-err>
      </testcase>
      <system-out><![CDATA[2023-08-26 16:37:35 - [TEST_SUITE][FAILED] - TS2 - Post an idea: Test Cases/Post an idea FAILED.
Reason:
com.kms.katalon.core.exception.StepFailedException: Unable to verify object 'Object Repository/span_Submitted' is present
	at com.kms.katalon.core.webui.keyword.internal.WebUIKeywordMain.stepFailed(WebUIKeywordMain.groovy:64)
	at com.kms.katalon.core.webui.keyword.internal.WebUIKeywordMain.runKeyword(WebUIKeywordMain.groovy:26)
	at com.kms.katalon.core.webui.keyword.builtin.VerifyElementPresentKeyword.verifyElementPresent(VerifyElementPresentKeyword.groovy:92)
	at com.kms.katalon.core.webui.keyword.builtin.VerifyElementPresentKeyword.execute(VerifyElementPresentKeyword.groovy:68)
	at com.kms.katalon.core.keyword.internal.KeywordExecutor.executeKeywordForPlatform(KeywordExecutor.groovy:74)
	at com.kms.katalon.core.webui.keyword.WebUiBuiltInKeywords.verifyElementPresent(WebUiBuiltInKeywords.groovy:1464)
	at com.kms.katalon.core.webui.keyword.WebUiBuiltInKeywords$verifyElementPresent$5.call(Unknown Source)
	at Post an idea.run(Post an idea:66)
	at com.kms.katalon.core.main.ScriptEngine.run(ScriptEngine.java:194)
	at com.kms.katalon.core.main.ScriptEngine.runScriptAsRawText(ScriptEngine.java:119)
	at com.kms.katalon.core.main.TestCaseExecutor.runScript(TestCaseExecutor.java:448)
	at com.kms.katalon.core.main.TestCaseExecutor.doExecute(TestCaseExecutor.java:439)
	at com.kms.katalon.core.main.TestCaseExecutor.processExecutionPhase(TestCaseExecutor.java:418)
	at com.kms.katalon.core.main.TestCaseExecutor.accessMainPhase(TestCaseExecutor.java:410)
	at com.kms.katalon.core.main.TestCaseExecutor.execute(TestCaseExecutor.java:285)
	at com.kms.katalon.core.common.CommonExecutor.accessTestCaseMainPhase(CommonExecutor.java:65)
	at com.kms.katalon.core.main.TestSuiteExecutor.accessTestSuiteMainPhase(TestSuiteExecutor.java:148)
	at com.kms.katalon.core.main.TestSuiteExecutor.execute(TestSuiteExecutor.java:106)
	at com.kms.katalon.core.main.TestCaseMain.startTestSuite(TestCaseMain.java:187)
	at com.kms.katalon.core.main.TestCaseMain$startTestSuite$0.call(Unknown Source)
	at TempTestSuite1693042645628.run(TempTestSuite1693042645628.groovy:36)
Caused by: com.kms.katalon.core.exception.StepFailedException: com.kms.katalon.core.webui.exception.WebElementNotFoundException: Web element with id: 'Object Repository/span_Submitted' located by '//div[@id='4:492;a']/div/div/div[2]/div/div[2]/span/span' not found
	at com.kms.katalon.core.webui.keyword.internal.WebUIKeywordMain.stepFailed(WebUIKeywordMain.groovy:64)
	at com.kms.katalon.core.webui.keyword.builtin.VerifyElementPresentKeyword$_verifyElementPresent_closure1.doCall(VerifyElementPresentKeyword.groovy:85)
	at com.kms.katalon.core.webui.keyword.builtin.VerifyElementPresentKeyword$_verifyElementPresent_closure1.call(VerifyElementPresentKeyword.groovy)
	at com.kms.katalon.core.webui.keyword.internal.WebUIKeywordMain.runKeyword(WebUIKeywordMain.groovy:20)
	... 19 more]]></system-out>
      <system-err><![CDATA[2023-08-26 16:37:35 - [TEST_SUITE][FAILED] - TS2 - Post an idea: Test Cases/Post an idea FAILED.
Reason:
com.kms.katalon.core.exception.StepFailedException: Unable to verify object 'Object Repository/span_Submitted' is present
	at com.kms.katalon.core.webui.keyword.internal.WebUIKeywordMain.stepFailed(WebUIKeywordMain.groovy:64)
	at com.kms.katalon.core.webui.keyword.internal.WebUIKeywordMain.runKeyword(WebUIKeywordMain.groovy:26)
	at com.kms.katalon.core.webui.keyword.builtin.VerifyElementPresentKeyword.verifyElementPresent(VerifyElementPresentKeyword.groovy:92)
	at com.kms.katalon.core.webui.keyword.builtin.VerifyElementPresentKeyword.execute(VerifyElementPresentKeyword.groovy:68)
	at com.kms.katalon.core.keyword.internal.KeywordExecutor.executeKeywordForPlatform(KeywordExecutor.groovy:74)
	at com.kms.katalon.core.webui.keyword.WebUiBuiltInKeywords.verifyElementPresent(WebUiBuiltInKeywords.groovy:1464)
	at com.kms.katalon.core.webui.keyword.WebUiBuiltInKeywords$verifyElementPresent$5.call(Unknown Source)
	at Post an idea.run(Post an idea:66)
	at com.kms.katalon.core.main.ScriptEngine.run(ScriptEngine.java:194)
	at com.kms.katalon.core.main.ScriptEngine.runScriptAsRawText(ScriptEngine.java:119)
	at com.kms.katalon.core.main.TestCaseExecutor.runScript(TestCaseExecutor.java:448)
	at com.kms.katalon.core.main.TestCaseExecutor.doExecute(TestCaseExecutor.java:439)
	at com.kms.katalon.core.main.TestCaseExecutor.processExecutionPhase(TestCaseExecutor.java:418)
	at com.kms.katalon.core.main.TestCaseExecutor.accessMainPhase(TestCaseExecutor.java:410)
	at com.kms.katalon.core.main.TestCaseExecutor.execute(TestCaseExecutor.java:285)
	at com.kms.katalon.core.common.CommonExecutor.accessTestCaseMainPhase(CommonExecutor.java:65)
	at com.kms.katalon.core.main.TestSuiteExecutor.accessTestSuiteMainPhase(TestSuiteExecutor.java:148)
	at com.kms.katalon.core.main.TestSuiteExecutor.execute(TestSuiteExecutor.java:106)
	at com.kms.katalon.core.main.TestCaseMain.startTestSuite(TestCaseMain.java:187)
	at com.kms.katalon.core.main.TestCaseMain$startTestSuite$0.call(Unknown Source)
	at TempTestSuite1693042645628.run(TempTestSuite1693042645628.groovy:36)
Caused by: com.kms.katalon.core.exception.StepFailedException: com.kms.katalon.core.webui.exception.WebElementNotFoundException: Web element with id: 'Object Repository/span_Submitted' located by '//div[@id='4:492;a']/div/div/div[2]/div/div[2]/span/span' not found
	at com.kms.katalon.core.webui.keyword.internal.WebUIKeywordMain.stepFailed(WebUIKeywordMain.groovy:64)
	at com.kms.katalon.core.webui.keyword.builtin.VerifyElementPresentKeyword$_verifyElementPresent_closure1.doCall(VerifyElementPresentKeyword.groovy:85)
	at com.kms.katalon.core.webui.keyword.builtin.VerifyElementPresentKeyword$_verifyElementPresent_closure1.call(VerifyElementPresentKeyword.groovy)
	at com.kms.katalon.core.webui.keyword.internal.WebUIKeywordMain.runKeyword(WebUIKeywordMain.groovy:20)
	... 19 more]]></system-err>
   </testsuite>
   <testsuite name="TS2 - Post an idea" tests="2" failures="1" errors="0" time="641.394" skipped="0" timestamp="2023-08-26 16:37:45" hostname="quan.trinh - 192.168.0.22" id="Test Suites/TS2 - Post an idea">
      <properties>
         <property name="deviceName" value=""/>
         <property name="devicePlatform" value=""/>
         <property name="logFolder" value="/Users/quan.trinh/git/ideaexchangetest/Reports/20230826_163724/TS2 - Post an idea/20230826_163727"/>
         <property name="logFiles" value="/Users/quan.trinh/git/ideaexchangetest/Reports/20230826_163724/TS2 - Post an idea/20230826_163727/execution0.log"/>
         <property name="attachments" value="/Users/quan.trinh/git/ideaexchangetest/Reports/20230826_163724/TS2 - Post an idea/20230826_163727/1693042909287.png, /Users/quan.trinh/git/ideaexchangetest/Reports/20230826_163724/TS2 - Post an idea/20230826_163727/1693042909726.png, /Users/quan.trinh/git/ideaexchangetest/Reports/20230826_163724/TS2 - Post an idea/20230826_163727/1693043048123.png, /Users/quan.trinh/git/ideaexchangetest/Reports/20230826_163724/TS2 - Post an idea/20230826_163727/1693043048568.png, /Users/quan.trinh/git/ideaexchangetest/Reports/20230826_163724/TS2 - Post an idea/20230826_163727/1693043187477.png, /Users/quan.trinh/git/ideaexchangetest/Reports/20230826_163724/TS2 - Post an idea/20230826_163727/1693043187850.png, /Users/quan.trinh/git/ideaexchangetest/Reports/20230826_163724/TS2 - Post an idea/20230826_163727/1693043306548.png, /Users/quan.trinh/git/ideaexchangetest/Reports/20230826_163724/TS2 - Post an idea/20230826_163727/1693043306865.png"/>
         <property name="hostName" value="quan.trinh - 192.168.0.22"/>
         <property name="os" value="Mac OS X 64bit"/>
         <property name="katalonVersion" value="8.6.5.208"/>
         <property name="browser" value="Chrome 106.0.0.0"/>
         <property name="hostAddress" value="192.168.0.23"/>
         <property name="sessionId" value="b63d8fe6c88504d489429b471084240a"/>
         <property name="seleniumVersion" value="3.141.59"/>
         <property name="proxyInformation" value="ProxyInformation { proxyOption=NO_PROXY, proxyServerType=HTTP, username=, password=********, proxyServerAddress=, proxyServerPort=0, executionList=&quot;&quot;, isApplyToDesiredCapabilities=true }"/>
         <property name="platform" value="Mac OS X"/>
      </properties>
      <testcase name="Test Cases/Login" time="97.172" classname="Test Cases/Login" status="PASSED">
         <system-out><![CDATA[2023-08-26 16:37:46 - [TEST_CASE][PASSED] - Test Cases/Login: Test Cases/Login

2023-08-26 16:37:46 - [TEST_STEP][PASSED] - Start listener action : enableSauceLabs: [SAUCELABS] Saucelabs Plugin will not attempt to auto update job status and information !

2023-08-26 16:37:46 - [MESSAGE][INFO] - [SAUCELABS] Current run configuration: Chrome

2023-08-26 16:37:46 - [MESSAGE][INFO] - [SAUCELABS] Saucelabs Plugin will not attempt to auto update job status and information !

2023-08-26 16:37:46 - [TEST_STEP][PASSED] - openBrowser(""): Browser is opened with url: ''

2023-08-26 16:37:46 - [MESSAGE][INFO] - Starting 'Chrome' driver

2023-08-26 16:37:46 - [MESSAGE][INFO] - Action delay is set to 0 milliseconds

2023-08-26 16:37:50 - [MESSAGE][PASSED] - Browser is opened with url: ''

2023-08-26 16:37:50 - [TEST_STEP][PASSED] - navigateToUrl("https://katalon-inc--sc.sandbox.my.site.com/katalonhelpcenter/s/"): Navigate to 'https://katalon-inc--sc.sandbox.my.site.com/katalonhelpcenter/s/' successfully

2023-08-26 16:38:02 - [MESSAGE][PASSED] - Navigate to 'https://katalon-inc--sc.sandbox.my.site.com/katalonhelpcenter/s/' successfully

2023-08-26 16:38:02 - [TEST_STEP][PASSED] - click(findTestObject("Object Repository/button_Log in")): Object: 'Object Repository/button_Log in' is clicked on

2023-08-26 16:38:14 - [MESSAGE][PASSED] - Object: 'Object Repository/button_Log in' is clicked on

2023-08-26 16:38:14 - [TEST_STEP][PASSED] - click(findTestObject("Object Repository/a_Katalon Account")): Object: 'Object Repository/a_Katalon Account' is clicked on

2023-08-26 16:38:41 - [MESSAGE][PASSED] - Object: 'Object Repository/a_Katalon Account' is clicked on

2023-08-26 16:38:41 - [TEST_STEP][PASSED] - setText(findTestObject("Object Repository/input_Email_email"), "user3@5wphoto.com"): Text 'user3@5wphoto.com' is set on object 'Object Repository/input_Email_email'

2023-08-26 16:38:48 - [MESSAGE][PASSED] - Text 'user3@5wphoto.com' is set on object 'Object Repository/input_Email_email'

2023-08-26 16:38:48 - [TEST_STEP][PASSED] - setEncryptedText(findTestObject("Object Repository/input_Password_password"), "SLwXyDhhPsbL49YyfNlrYA=="): Text ****** has been set on object 'Object Repository/input_Password_password'

2023-08-26 16:38:49 - [MESSAGE][PASSED] - Text ****** has been set on object 'Object Repository/input_Password_password'

2023-08-26 16:38:49 - [TEST_STEP][PASSED] - click(findTestObject("Object Repository/button_Sign In")): Object: 'Object Repository/button_Sign In' is clicked on

2023-08-26 16:38:53 - [MESSAGE][PASSED] - Object: 'Object Repository/button_Sign In' is clicked on

2023-08-26 16:38:53 - [TEST_STEP][PASSED] - delay(10): Delayed 10 second(s)

2023-08-26 16:39:03 - [MESSAGE][PASSED] - Delayed 10 second(s)

2023-08-26 16:39:03 - [TEST_STEP][PASSED] - navigateToUrl("https://katalon-inc--sc.sandbox.my.site.com/katalonhelpcenter/s/ideas"): Navigate to 'https://katalon-inc--sc.sandbox.my.site.com/katalonhelpcenter/s/ideas' successfully

2023-08-26 16:39:23 - [MESSAGE][PASSED] - Navigate to 'https://katalon-inc--sc.sandbox.my.site.com/katalonhelpcenter/s/ideas' successfully

2023-08-26 16:39:23 - [TEST_STEP][PASSED] - Start listener action : autoUpdateJobStatus: [SAUCELABS] Current run configuration: Chrome

2023-08-26 16:39:23 - [MESSAGE][INFO] - [SAUCELABS] Current run configuration: Chrome]]></system-out>
         <system-err><![CDATA[]]></system-err>
      </testcase>
      <testcase name="Test Cases/Post an idea" time="118.884" classname="Test Cases/Post an idea" status="FAILED">
         <failure type="FAILED" message="Test Cases/Post an idea FAILED.
Reason:
com.kms.katalon.core.exception.StepFailedException: Unable to verify object 'Object Repository/span_Submitted' is present
	at com.kms.katalon.core.webui.keyword.internal.WebUIKeywordMain.stepFailed(WebUIKeywordMain.groovy:64)
	at com.kms.katalon.core.webui.keyword.internal.WebUIKeywordMain.runKeyword(WebUIKeywordMain.groovy:26)
	at com.kms.katalon.core.webui.keyword.builtin.VerifyElementPresentKeyword.verifyElementPresent(VerifyElementPresentKeyword.groovy:92)
	at com.kms.katalon.core.webui.keyword.builtin.VerifyElementPresentKeyword.execute(VerifyElementPresentKeyword.groovy:68)
	at com.kms.katalon.core.keyword.internal.KeywordExecutor.executeKeywordForPlatform(KeywordExecutor.groovy:74)
	at com.kms.katalon.core.webui.keyword.WebUiBuiltInKeywords.verifyElementPresent(WebUiBuiltInKeywords.groovy:1464)
	at com.kms.katalon.core.webui.keyword.WebUiBuiltInKeywords$verifyElementPresent$5.call(Unknown Source)
	at Post an idea.run(Post an idea:66)
	at com.kms.katalon.core.main.ScriptEngine.run(ScriptEngine.java:194)
	at com.kms.katalon.core.main.ScriptEngine.runScriptAsRawText(ScriptEngine.java:119)
	at com.kms.katalon.core.main.TestCaseExecutor.runScript(TestCaseExecutor.java:448)
	at com.kms.katalon.core.main.TestCaseExecutor.doExecute(TestCaseExecutor.java:439)
	at com.kms.katalon.core.main.TestCaseExecutor.processExecutionPhase(TestCaseExecutor.java:418)
	at com.kms.katalon.core.main.TestCaseExecutor.accessMainPhase(TestCaseExecutor.java:410)
	at com.kms.katalon.core.main.TestCaseExecutor.execute(TestCaseExecutor.java:285)
	at com.kms.katalon.core.main.TestCaseExecutor.execute(TestCaseExecutor.java:369)
	at com.kms.katalon.core.main.TestCaseExecutor.execute(TestCaseExecutor.java:369)
	at com.kms.katalon.core.main.TestCaseExecutor.execute(TestCaseExecutor.java:369)
	at com.kms.katalon.core.common.CommonExecutor.accessTestCaseMainPhase(CommonExecutor.java:65)
	at com.kms.katalon.core.main.TestSuiteExecutor.accessTestSuiteMainPhase(TestSuiteExecutor.java:148)
	at com.kms.katalon.core.main.TestSuiteExecutor.execute(TestSuiteExecutor.java:106)
	at com.kms.katalon.core.main.TestCaseMain.startTestSuite(TestCaseMain.java:187)
	at com.kms.katalon.core.main.TestCaseMain$startTestSuite$0.call(Unknown Source)
	at TempTestSuite1693042647110.run(TempTestSuite1693042647110.groovy:36)
Caused by: com.kms.katalon.core.exception.StepFailedException: com.kms.katalon.core.webui.exception.WebElementNotFoundException: Web element with id: 'Object Repository/span_Submitted' located by '//div[@id='4:492;a']/div/div/div[2]/div/div[2]/span/span' not found
	at com.kms.katalon.core.webui.keyword.internal.WebUIKeywordMain.stepFailed(WebUIKeywordMain.groovy:64)
	at com.kms.katalon.core.webui.keyword.builtin.VerifyElementPresentKeyword$_verifyElementPresent_closure1.doCall(VerifyElementPresentKeyword.groovy:85)
	at com.kms.katalon.core.webui.keyword.builtin.VerifyElementPresentKeyword$_verifyElementPresent_closure1.call(VerifyElementPresentKeyword.groovy)
	at com.kms.katalon.core.webui.keyword.internal.WebUIKeywordMain.runKeyword(WebUIKeywordMain.groovy:20)
	... 22 more
"/>
         <system-out><![CDATA[2023-08-26 16:46:28 - [TEST_CASE][FAILED] - Test Cases/Post an idea: Test Cases/Post an idea FAILED.
Reason:
com.kms.katalon.core.exception.StepFailedException: Unable to verify object 'Object Repository/span_Submitted' is present
	at com.kms.katalon.core.webui.keyword.internal.WebUIKeywordMain.stepFailed(WebUIKeywordMain.groovy:64)
	at com.kms.katalon.core.webui.keyword.internal.WebUIKeywordMain.runKeyword(WebUIKeywordMain.groovy:26)
	at com.kms.katalon.core.webui.keyword.builtin.VerifyElementPresentKeyword.verifyElementPresent(VerifyElementPresentKeyword.groovy:92)
	at com.kms.katalon.core.webui.keyword.builtin.VerifyElementPresentKeyword.execute(VerifyElementPresentKeyword.groovy:68)
	at com.kms.katalon.core.keyword.internal.KeywordExecutor.executeKeywordForPlatform(KeywordExecutor.groovy:74)
	at com.kms.katalon.core.webui.keyword.WebUiBuiltInKeywords.verifyElementPresent(WebUiBuiltInKeywords.groovy:1464)
	at com.kms.katalon.core.webui.keyword.WebUiBuiltInKeywords$verifyElementPresent$5.call(Unknown Source)
	at Post an idea.run(Post an idea:66)
	at com.kms.katalon.core.main.ScriptEngine.run(ScriptEngine.java:194)
	at com.kms.katalon.core.main.ScriptEngine.runScriptAsRawText(ScriptEngine.java:119)
	at com.kms.katalon.core.main.TestCaseExecutor.runScript(TestCaseExecutor.java:448)
	at com.kms.katalon.core.main.TestCaseExecutor.doExecute(TestCaseExecutor.java:439)
	at com.kms.katalon.core.main.TestCaseExecutor.processExecutionPhase(TestCaseExecutor.java:418)
	at com.kms.katalon.core.main.TestCaseExecutor.accessMainPhase(TestCaseExecutor.java:410)
	at com.kms.katalon.core.main.TestCaseExecutor.execute(TestCaseExecutor.java:285)
	at com.kms.katalon.core.main.TestCaseExecutor.execute(TestCaseExecutor.java:369)
	at com.kms.katalon.core.main.TestCaseExecutor.execute(TestCaseExecutor.java:369)
	at com.kms.katalon.core.main.TestCaseExecutor.execute(TestCaseExecutor.java:369)
	at com.kms.katalon.core.common.CommonExecutor.accessTestCaseMainPhase(CommonExecutor.java:65)
	at com.kms.katalon.core.main.TestSuiteExecutor.accessTestSuiteMainPhase(TestSuiteExecutor.java:148)
	at com.kms.katalon.core.main.TestSuiteExecutor.execute(TestSuiteExecutor.java:106)
	at com.kms.katalon.core.main.TestCaseMain.startTestSuite(TestCaseMain.java:187)
	at com.kms.katalon.core.main.TestCaseMain$startTestSuite$0.call(Unknown Source)
	at TempTestSuite1693042647110.run(TempTestSuite1693042647110.groovy:36)
Caused by: com.kms.katalon.core.exception.StepFailedException: com.kms.katalon.core.webui.exception.WebElementNotFoundException: Web element with id: 'Object Repository/span_Submitted' located by '//div[@id='4:492;a']/div/div/div[2]/div/div[2]/span/span' not found
	at com.kms.katalon.core.webui.keyword.internal.WebUIKeywordMain.stepFailed(WebUIKeywordMain.groovy:64)
	at com.kms.katalon.core.webui.keyword.builtin.VerifyElementPresentKeyword$_verifyElementPresent_closure1.doCall(VerifyElementPresentKeyword.groovy:85)
	at com.kms.katalon.core.webui.keyword.builtin.VerifyElementPresentKeyword$_verifyElementPresent_closure1.call(VerifyElementPresentKeyword.groovy)
	at com.kms.katalon.core.webui.keyword.internal.WebUIKeywordMain.runKeyword(WebUIKeywordMain.groovy:20)
	... 22 more


2023-08-26 16:46:28 - [TEST_STEP][PASSED] - Start listener action : enableSauceLabs: [SAUCELABS] Saucelabs Plugin will not attempt to auto update job status and information !

2023-08-26 16:46:28 - [MESSAGE][INFO] - [SAUCELABS] Current run configuration: Chrome

2023-08-26 16:46:28 - [MESSAGE][INFO] - [SAUCELABS] Saucelabs Plugin will not attempt to auto update job status and information !

2023-08-26 16:46:28 - [TEST_STEP][PASSED] - openBrowser(""): Browser is opened with url: ''

2023-08-26 16:46:28 - [MESSAGE][WARNING] - A browser is already opened. Closing browser and opening a new one

2023-08-26 16:46:28 - [MESSAGE][INFO] - Starting 'Chrome' driver

2023-08-26 16:46:28 - [MESSAGE][INFO] - Action delay is set to 0 milliseconds

2023-08-26 16:46:30 - [MESSAGE][PASSED] - Browser is opened with url: ''

2023-08-26 16:46:30 - [TEST_STEP][PASSED] - navigateToUrl("https://katalon-inc--sc.sandbox.my.site.com/katalonhelpcenter/s/"): Navigate to 'https://katalon-inc--sc.sandbox.my.site.com/katalonhelpcenter/s/' successfully

2023-08-26 16:46:42 - [MESSAGE][PASSED] - Navigate to 'https://katalon-inc--sc.sandbox.my.site.com/katalonhelpcenter/s/' successfully

2023-08-26 16:46:42 - [TEST_STEP][PASSED] - click(findTestObject("Object Repository/button_Log in")): Object: 'Object Repository/button_Log in' is clicked on

2023-08-26 16:46:52 - [MESSAGE][PASSED] - Object: 'Object Repository/button_Log in' is clicked on

2023-08-26 16:46:52 - [TEST_STEP][PASSED] - click(findTestObject("Object Repository/a_Katalon Account")): Object: 'Object Repository/a_Katalon Account' is clicked on

2023-08-26 16:47:15 - [MESSAGE][PASSED] - Object: 'Object Repository/a_Katalon Account' is clicked on

2023-08-26 16:47:15 - [TEST_STEP][PASSED] - setText(findTestObject("Object Repository/input_Email_email"), "user3@5wphoto.com"): Text 'user3@5wphoto.com' is set on object 'Object Repository/input_Email_email'

2023-08-26 16:47:19 - [MESSAGE][PASSED] - Text 'user3@5wphoto.com' is set on object 'Object Repository/input_Email_email'

2023-08-26 16:47:19 - [TEST_STEP][PASSED] - setEncryptedText(findTestObject("Object Repository/input_Password_password"), "SLwXyDhhPsbL49YyfNlrYA=="): Text ****** has been set on object 'Object Repository/input_Password_password'

2023-08-26 16:47:21 - [MESSAGE][PASSED] - Text ****** has been set on object 'Object Repository/input_Password_password'

2023-08-26 16:47:21 - [TEST_STEP][PASSED] - click(findTestObject("Object Repository/button_Sign In")): Object: 'Object Repository/button_Sign In' is clicked on

2023-08-26 16:47:25 - [MESSAGE][PASSED] - Object: 'Object Repository/button_Sign In' is clicked on

2023-08-26 16:47:25 - [TEST_STEP][PASSED] - delay(15): Delayed 15 second(s)

2023-08-26 16:47:40 - [MESSAGE][PASSED] - Delayed 15 second(s)

2023-08-26 16:47:40 - [TEST_STEP][PASSED] - navigateToUrl("https://katalon-inc--sc.sandbox.my.site.com/katalonhelpcenter/s/ideas"): Navigate to 'https://katalon-inc--sc.sandbox.my.site.com/katalonhelpcenter/s/ideas' successfully

2023-08-26 16:47:53 - [MESSAGE][PASSED] - Navigate to 'https://katalon-inc--sc.sandbox.my.site.com/katalonhelpcenter/s/ideas' successfully

2023-08-26 16:47:53 - [TEST_STEP][PASSED] - click(findTestObject("Object Repository/span_Post Ideas")): Object: 'Object Repository/span_Post Ideas' is clicked on

2023-08-26 16:48:02 - [MESSAGE][PASSED] - Object: 'Object Repository/span_Post Ideas' is clicked on

2023-08-26 16:48:02 - [TEST_STEP][PASSED] - setText(findTestObject("Object Repository/input__Title"), titlepost): Text 'Quan test post idea 5
' is set on object 'Object Repository/input__Title'

2023-08-26 16:48:08 - [MESSAGE][PASSED] - Text 'Quan test post idea 5
' is set on object 'Object Repository/input__Title'

2023-08-26 16:48:08 - [TEST_STEP][PASSED] - click(findTestObject("Object Repository/button__Product")): Object: 'Object Repository/button__Product' is clicked on

2023-08-26 16:48:11 - [MESSAGE][PASSED] - Object: 'Object Repository/button__Product' is clicked on

2023-08-26 16:48:11 - [TEST_STEP][PASSED] - click(findTestObject("Object Repository/span_Cloud Studio")): Object: 'Object Repository/span_Cloud Studio' is clicked on

2023-08-26 16:48:12 - [MESSAGE][PASSED] - Object: 'Object Repository/span_Cloud Studio' is clicked on

2023-08-26 16:48:12 - [TEST_STEP][PASSED] - setText(findTestObject("Object Repository/input__TeamSize"), nomember): Text '10' is set on object 'Object Repository/input__TeamSize'

2023-08-26 16:48:13 - [MESSAGE][PASSED] - Text '10' is set on object 'Object Repository/input__TeamSize'

2023-08-26 16:48:13 - [TEST_STEP][PASSED] - setText(findTestObject("Object Repository/textarea__Description"), description): Text 'hello' is set on object 'Object Repository/textarea__Description'

2023-08-26 16:48:14 - [MESSAGE][PASSED] - Text 'hello' is set on object 'Object Repository/textarea__Description'

2023-08-26 16:48:14 - [TEST_STEP][PASSED] - setText(findTestObject("Object Repository/textarea__Question1"), description2): Text 'hello' is set on object 'Object Repository/textarea__Question1'

2023-08-26 16:48:15 - [MESSAGE][PASSED] - Text 'hello' is set on object 'Object Repository/textarea__Question1'

2023-08-26 16:48:15 - [TEST_STEP][PASSED] - setText(findTestObject("Object Repository/textarea__Question2"), description3): Text 'hello' is set on object 'Object Repository/textarea__Question2'

2023-08-26 16:48:16 - [MESSAGE][PASSED] - Text 'hello' is set on object 'Object Repository/textarea__Question2'

2023-08-26 16:48:16 - [TEST_STEP][PASSED] - verifyElementClickable(findTestObject("Object Repository/button_Post Idea")): Object 'Object Repository/button_Post Idea' is clickable

2023-08-26 16:48:17 - [MESSAGE][PASSED] - Object 'Object Repository/button_Post Idea' is clickable

2023-08-26 16:48:17 - [TEST_STEP][PASSED] - click(findTestObject("Object Repository/button_Post Idea")): Object: 'Object Repository/button_Post Idea' is clicked on

2023-08-26 16:48:17 - [MESSAGE][PASSED] - Object: 'Object Repository/button_Post Idea' is clicked on

2023-08-26 16:48:17 - [TEST_STEP][PASSED] - verifyElementClickable(findTestObject("Object Repository/button_Post")): Object 'Object Repository/button_Post' is clickable

2023-08-26 16:48:18 - [MESSAGE][PASSED] - Object 'Object Repository/button_Post' is clickable

2023-08-26 16:48:18 - [TEST_STEP][PASSED] - click(findTestObject("Object Repository/button_Post")): Object: 'Object Repository/button_Post' is clicked on

2023-08-26 16:48:19 - [MESSAGE][PASSED] - Object: 'Object Repository/button_Post' is clicked on

2023-08-26 16:48:19 - [TEST_STEP][PASSED] - verifyElementPresent(findTestObject("Object Repository/span_Your Idea Created Successfully"), 5): Object 'Object Repository/span_Your Idea Created Successfully' is present

2023-08-26 16:48:20 - [MESSAGE][PASSED] - Object 'Object Repository/span_Your Idea Created Successfully' is present

2023-08-26 16:48:20 - [TEST_STEP][PASSED] - verifyElementPresent(findTestObject("Object Repository/span_Detail"), 5): Object 'Object Repository/span_Detail' is present

2023-08-26 16:48:20 - [MESSAGE][PASSED] - Object 'Object Repository/span_Detail' is present

2023-08-26 16:48:20 - [TEST_STEP][FAILED] - verifyElementPresent(findTestObject("Object Repository/span_Submitted"), 5): Unable to verify object 'Object Repository/span_Submitted' is present (Root cause: com.kms.katalon.core.exception.StepFailedException: Unable to verify object 'Object Repository/span_Submitted' is present
	at com.kms.katalon.core.webui.keyword.internal.WebUIKeywordMain.stepFailed(WebUIKeywordMain.groovy:64)
	at com.kms.katalon.core.webui.keyword.internal.WebUIKeywordMain.runKeyword(WebUIKeywordMain.groovy:26)
	at com.kms.katalon.core.webui.keyword.builtin.VerifyElementPresentKeyword.verifyElementPresent(VerifyElementPresentKeyword.groovy:92)
	at com.kms.katalon.core.webui.keyword.builtin.VerifyElementPresentKeyword.execute(VerifyElementPresentKeyword.groovy:68)
	at com.kms.katalon.core.keyword.internal.KeywordExecutor.executeKeywordForPlatform(KeywordExecutor.groovy:74)
	at com.kms.katalon.core.webui.keyword.WebUiBuiltInKeywords.verifyElementPresent(WebUiBuiltInKeywords.groovy:1464)
	at com.kms.katalon.core.webui.keyword.WebUiBuiltInKeywords$verifyElementPresent$5.call(Unknown Source)
	at Post an idea.run(Post an idea:66)
	at com.kms.katalon.core.main.ScriptEngine.run(ScriptEngine.java:194)
	at com.kms.katalon.core.main.ScriptEngine.runScriptAsRawText(ScriptEngine.java:119)
	at com.kms.katalon.core.main.TestCaseExecutor.runScript(TestCaseExecutor.java:448)
	at com.kms.katalon.core.main.TestCaseExecutor.doExecute(TestCaseExecutor.java:439)
	at com.kms.katalon.core.main.TestCaseExecutor.processExecutionPhase(TestCaseExecutor.java:418)
	at com.kms.katalon.core.main.TestCaseExecutor.accessMainPhase(TestCaseExecutor.java:410)
	at com.kms.katalon.core.main.TestCaseExecutor.execute(TestCaseExecutor.java:285)
	at com.kms.katalon.core.main.TestCaseExecutor.execute(TestCaseExecutor.java:369)
	at com.kms.katalon.core.main.TestCaseExecutor.execute(TestCaseExecutor.java:369)
	at com.kms.katalon.core.main.TestCaseExecutor.execute(TestCaseExecutor.java:369)
	at com.kms.katalon.core.common.CommonExecutor.accessTestCaseMainPhase(CommonExecutor.java:65)
	at com.kms.katalon.core.main.TestSuiteExecutor.accessTestSuiteMainPhase(TestSuiteExecutor.java:148)
	at com.kms.katalon.core.main.TestSuiteExecutor.execute(TestSuiteExecutor.java:106)
	at com.kms.katalon.core.main.TestCaseMain.startTestSuite(TestCaseMain.java:187)
	at com.kms.katalon.core.main.TestCaseMain$startTestSuite$0.call(Unknown Source)
	at TempTestSuite1693042647110.run(TempTestSuite1693042647110.groovy:36)
Caused by: com.kms.katalon.core.exception.StepFailedException: com.kms.katalon.core.webui.exception.WebElementNotFoundException: Web element with id: 'Object Repository/span_Submitted' located by '//div[@id='4:492;a']/div/div/div[2]/div/div[2]/span/span' not found
	at com.kms.katalon.core.webui.keyword.internal.WebUIKeywordMain.stepFailed(WebUIKeywordMain.groovy:64)
	at com.kms.katalon.core.webui.keyword.builtin.VerifyElementPresentKeyword$_verifyElementPresent_closure1.doCall(VerifyElementPresentKeyword.groovy:85)
	at com.kms.katalon.core.webui.keyword.builtin.VerifyElementPresentKeyword$_verifyElementPresent_closure1.call(VerifyElementPresentKeyword.groovy)
	at com.kms.katalon.core.webui.keyword.internal.WebUIKeywordMain.runKeyword(WebUIKeywordMain.groovy:20)
	... 22 more
)

2023-08-26 16:48:26 - [MESSAGE][INFO] - Unable to find the element located by 'By.xpath: //div[@id='4:492;a']/div/div/div[2]/div/div[2]/span/span'. Please recheck the objects properties to make sure the desired element is located. 

2023-08-26 16:48:26 - [MESSAGE][FAILED] - com.kms.katalon.core.webui.exception.WebElementNotFoundException: Web element with id: 'Object Repository/span_Submitted' located by '//div[@id='4:492;a']/div/div/div[2]/div/div[2]/span/span' not found (Root cause: com.kms.katalon.core.exception.StepFailedException: com.kms.katalon.core.webui.exception.WebElementNotFoundException: Web element with id: 'Object Repository/span_Submitted' located by '//div[@id='4:492;a']/div/div/div[2]/div/div[2]/span/span' not found
	at com.kms.katalon.core.webui.keyword.internal.WebUIKeywordMain.stepFailed(WebUIKeywordMain.groovy:64)
	at com.kms.katalon.core.webui.keyword.builtin.VerifyElementPresentKeyword$_verifyElementPresent_closure1.doCall(VerifyElementPresentKeyword.groovy:85)
	at com.kms.katalon.core.webui.keyword.builtin.VerifyElementPresentKeyword$_verifyElementPresent_closure1.call(VerifyElementPresentKeyword.groovy)
	at com.kms.katalon.core.webui.keyword.internal.WebUIKeywordMain.runKeyword(WebUIKeywordMain.groovy:20)
	at com.kms.katalon.core.webui.keyword.builtin.VerifyElementPresentKeyword.verifyElementPresent(VerifyElementPresentKeyword.groovy:92)
	at com.kms.katalon.core.webui.keyword.builtin.VerifyElementPresentKeyword.execute(VerifyElementPresentKeyword.groovy:68)
	at com.kms.katalon.core.keyword.internal.KeywordExecutor.executeKeywordForPlatform(KeywordExecutor.groovy:74)
	at com.kms.katalon.core.webui.keyword.WebUiBuiltInKeywords.verifyElementPresent(WebUiBuiltInKeywords.groovy:1464)
	at com.kms.katalon.core.webui.keyword.WebUiBuiltInKeywords$verifyElementPresent$5.call(Unknown Source)
	at Post an idea.run(Post an idea:66)
	at com.kms.katalon.core.main.ScriptEngine.run(ScriptEngine.java:194)
	at com.kms.katalon.core.main.ScriptEngine.runScriptAsRawText(ScriptEngine.java:119)
	at com.kms.katalon.core.main.TestCaseExecutor.runScript(TestCaseExecutor.java:448)
	at com.kms.katalon.core.main.TestCaseExecutor.doExecute(TestCaseExecutor.java:439)
	at com.kms.katalon.core.main.TestCaseExecutor.processExecutionPhase(TestCaseExecutor.java:418)
	at com.kms.katalon.core.main.TestCaseExecutor.accessMainPhase(TestCaseExecutor.java:410)
	at com.kms.katalon.core.main.TestCaseExecutor.execute(TestCaseExecutor.java:285)
	at com.kms.katalon.core.main.TestCaseExecutor.execute(TestCaseExecutor.java:369)
	at com.kms.katalon.core.main.TestCaseExecutor.execute(TestCaseExecutor.java:369)
	at com.kms.katalon.core.main.TestCaseExecutor.execute(TestCaseExecutor.java:369)
	at com.kms.katalon.core.common.CommonExecutor.accessTestCaseMainPhase(CommonExecutor.java:65)
	at com.kms.katalon.core.main.TestSuiteExecutor.accessTestSuiteMainPhase(TestSuiteExecutor.java:148)
	at com.kms.katalon.core.main.TestSuiteExecutor.execute(TestSuiteExecutor.java:106)
	at com.kms.katalon.core.main.TestCaseMain.startTestSuite(TestCaseMain.java:187)
	at com.kms.katalon.core.main.TestCaseMain$startTestSuite$0.call(Unknown Source)
	at TempTestSuite1693042647110.run(TempTestSuite1693042647110.groovy:36)
)
[[ATTACHMENT|/Users/quan.trinh/git/ideaexchangetest/Reports/20230826_163724/TS2 - Post an idea/20230826_163727/1693043306548.png]]

2023-08-26 16:48:27 - [MESSAGE][FAILED] - Unable to verify object 'Object Repository/span_Submitted' is present (Root cause: com.kms.katalon.core.exception.StepFailedException: Unable to verify object 'Object Repository/span_Submitted' is present
	at com.kms.katalon.core.webui.keyword.internal.WebUIKeywordMain.stepFailed(WebUIKeywordMain.groovy:64)
	at com.kms.katalon.core.webui.keyword.internal.WebUIKeywordMain.runKeyword(WebUIKeywordMain.groovy:26)
	at com.kms.katalon.core.webui.keyword.builtin.VerifyElementPresentKeyword.verifyElementPresent(VerifyElementPresentKeyword.groovy:92)
	at com.kms.katalon.core.webui.keyword.builtin.VerifyElementPresentKeyword.execute(VerifyElementPresentKeyword.groovy:68)
	at com.kms.katalon.core.keyword.internal.KeywordExecutor.executeKeywordForPlatform(KeywordExecutor.groovy:74)
	at com.kms.katalon.core.webui.keyword.WebUiBuiltInKeywords.verifyElementPresent(WebUiBuiltInKeywords.groovy:1464)
	at com.kms.katalon.core.webui.keyword.WebUiBuiltInKeywords$verifyElementPresent$5.call(Unknown Source)
	at Post an idea.run(Post an idea:66)
	at com.kms.katalon.core.main.ScriptEngine.run(ScriptEngine.java:194)
	at com.kms.katalon.core.main.ScriptEngine.runScriptAsRawText(ScriptEngine.java:119)
	at com.kms.katalon.core.main.TestCaseExecutor.runScript(TestCaseExecutor.java:448)
	at com.kms.katalon.core.main.TestCaseExecutor.doExecute(TestCaseExecutor.java:439)
	at com.kms.katalon.core.main.TestCaseExecutor.processExecutionPhase(TestCaseExecutor.java:418)
	at com.kms.katalon.core.main.TestCaseExecutor.accessMainPhase(TestCaseExecutor.java:410)
	at com.kms.katalon.core.main.TestCaseExecutor.execute(TestCaseExecutor.java:285)
	at com.kms.katalon.core.main.TestCaseExecutor.execute(TestCaseExecutor.java:369)
	at com.kms.katalon.core.main.TestCaseExecutor.execute(TestCaseExecutor.java:369)
	at com.kms.katalon.core.main.TestCaseExecutor.execute(TestCaseExecutor.java:369)
	at com.kms.katalon.core.common.CommonExecutor.accessTestCaseMainPhase(CommonExecutor.java:65)
	at com.kms.katalon.core.main.TestSuiteExecutor.accessTestSuiteMainPhase(TestSuiteExecutor.java:148)
	at com.kms.katalon.core.main.TestSuiteExecutor.execute(TestSuiteExecutor.java:106)
	at com.kms.katalon.core.main.TestCaseMain.startTestSuite(TestCaseMain.java:187)
	at com.kms.katalon.core.main.TestCaseMain$startTestSuite$0.call(Unknown Source)
	at TempTestSuite1693042647110.run(TempTestSuite1693042647110.groovy:36)
Caused by: com.kms.katalon.core.exception.StepFailedException: com.kms.katalon.core.webui.exception.WebElementNotFoundException: Web element with id: 'Object Repository/span_Submitted' located by '//div[@id='4:492;a']/div/div/div[2]/div/div[2]/span/span' not found
	at com.kms.katalon.core.webui.keyword.internal.WebUIKeywordMain.stepFailed(WebUIKeywordMain.groovy:64)
	at com.kms.katalon.core.webui.keyword.builtin.VerifyElementPresentKeyword$_verifyElementPresent_closure1.doCall(VerifyElementPresentKeyword.groovy:85)
	at com.kms.katalon.core.webui.keyword.builtin.VerifyElementPresentKeyword$_verifyElementPresent_closure1.call(VerifyElementPresentKeyword.groovy)
	at com.kms.katalon.core.webui.keyword.internal.WebUIKeywordMain.runKeyword(WebUIKeywordMain.groovy:20)
	... 22 more
)
[[ATTACHMENT|/Users/quan.trinh/git/ideaexchangetest/Reports/20230826_163724/TS2 - Post an idea/20230826_163727/1693043306865.png]]

2023-08-26 16:48:27 - [TEST_STEP][PASSED] - Start listener action : autoUpdateJobStatus: [SAUCELABS] Current run configuration: Chrome

2023-08-26 16:48:27 - [MESSAGE][INFO] - [SAUCELABS] Current run configuration: Chrome]]></system-out>
         <system-err><![CDATA[2023-08-26 16:46:28 - [TEST_CASE][FAILED] - Test Cases/Post an idea: Test Cases/Post an idea FAILED.
Reason:
com.kms.katalon.core.exception.StepFailedException: Unable to verify object 'Object Repository/span_Submitted' is present
	at com.kms.katalon.core.webui.keyword.internal.WebUIKeywordMain.stepFailed(WebUIKeywordMain.groovy:64)
	at com.kms.katalon.core.webui.keyword.internal.WebUIKeywordMain.runKeyword(WebUIKeywordMain.groovy:26)
	at com.kms.katalon.core.webui.keyword.builtin.VerifyElementPresentKeyword.verifyElementPresent(VerifyElementPresentKeyword.groovy:92)
	at com.kms.katalon.core.webui.keyword.builtin.VerifyElementPresentKeyword.execute(VerifyElementPresentKeyword.groovy:68)
	at com.kms.katalon.core.keyword.internal.KeywordExecutor.executeKeywordForPlatform(KeywordExecutor.groovy:74)
	at com.kms.katalon.core.webui.keyword.WebUiBuiltInKeywords.verifyElementPresent(WebUiBuiltInKeywords.groovy:1464)
	at com.kms.katalon.core.webui.keyword.WebUiBuiltInKeywords$verifyElementPresent$5.call(Unknown Source)
	at Post an idea.run(Post an idea:66)
	at com.kms.katalon.core.main.ScriptEngine.run(ScriptEngine.java:194)
	at com.kms.katalon.core.main.ScriptEngine.runScriptAsRawText(ScriptEngine.java:119)
	at com.kms.katalon.core.main.TestCaseExecutor.runScript(TestCaseExecutor.java:448)
	at com.kms.katalon.core.main.TestCaseExecutor.doExecute(TestCaseExecutor.java:439)
	at com.kms.katalon.core.main.TestCaseExecutor.processExecutionPhase(TestCaseExecutor.java:418)
	at com.kms.katalon.core.main.TestCaseExecutor.accessMainPhase(TestCaseExecutor.java:410)
	at com.kms.katalon.core.main.TestCaseExecutor.execute(TestCaseExecutor.java:285)
	at com.kms.katalon.core.main.TestCaseExecutor.execute(TestCaseExecutor.java:369)
	at com.kms.katalon.core.main.TestCaseExecutor.execute(TestCaseExecutor.java:369)
	at com.kms.katalon.core.main.TestCaseExecutor.execute(TestCaseExecutor.java:369)
	at com.kms.katalon.core.common.CommonExecutor.accessTestCaseMainPhase(CommonExecutor.java:65)
	at com.kms.katalon.core.main.TestSuiteExecutor.accessTestSuiteMainPhase(TestSuiteExecutor.java:148)
	at com.kms.katalon.core.main.TestSuiteExecutor.execute(TestSuiteExecutor.java:106)
	at com.kms.katalon.core.main.TestCaseMain.startTestSuite(TestCaseMain.java:187)
	at com.kms.katalon.core.main.TestCaseMain$startTestSuite$0.call(Unknown Source)
	at TempTestSuite1693042647110.run(TempTestSuite1693042647110.groovy:36)
Caused by: com.kms.katalon.core.exception.StepFailedException: com.kms.katalon.core.webui.exception.WebElementNotFoundException: Web element with id: 'Object Repository/span_Submitted' located by '//div[@id='4:492;a']/div/div/div[2]/div/div[2]/span/span' not found
	at com.kms.katalon.core.webui.keyword.internal.WebUIKeywordMain.stepFailed(WebUIKeywordMain.groovy:64)
	at com.kms.katalon.core.webui.keyword.builtin.VerifyElementPresentKeyword$_verifyElementPresent_closure1.doCall(VerifyElementPresentKeyword.groovy:85)
	at com.kms.katalon.core.webui.keyword.builtin.VerifyElementPresentKeyword$_verifyElementPresent_closure1.call(VerifyElementPresentKeyword.groovy)
	at com.kms.katalon.core.webui.keyword.internal.WebUIKeywordMain.runKeyword(WebUIKeywordMain.groovy:20)
	... 22 more]]></system-err>
      </testcase>
      <system-out><![CDATA[2023-08-26 16:37:45 - [TEST_SUITE][FAILED] - TS2 - Post an idea: Test Cases/Post an idea FAILED.
Reason:
com.kms.katalon.core.exception.StepFailedException: Unable to verify object 'Object Repository/span_Submitted' is present
	at com.kms.katalon.core.webui.keyword.internal.WebUIKeywordMain.stepFailed(WebUIKeywordMain.groovy:64)
	at com.kms.katalon.core.webui.keyword.internal.WebUIKeywordMain.runKeyword(WebUIKeywordMain.groovy:26)
	at com.kms.katalon.core.webui.keyword.builtin.VerifyElementPresentKeyword.verifyElementPresent(VerifyElementPresentKeyword.groovy:92)
	at com.kms.katalon.core.webui.keyword.builtin.VerifyElementPresentKeyword.execute(VerifyElementPresentKeyword.groovy:68)
	at com.kms.katalon.core.keyword.internal.KeywordExecutor.executeKeywordForPlatform(KeywordExecutor.groovy:74)
	at com.kms.katalon.core.webui.keyword.WebUiBuiltInKeywords.verifyElementPresent(WebUiBuiltInKeywords.groovy:1464)
	at com.kms.katalon.core.webui.keyword.WebUiBuiltInKeywords$verifyElementPresent$5.call(Unknown Source)
	at Post an idea.run(Post an idea:66)
	at com.kms.katalon.core.main.ScriptEngine.run(ScriptEngine.java:194)
	at com.kms.katalon.core.main.ScriptEngine.runScriptAsRawText(ScriptEngine.java:119)
	at com.kms.katalon.core.main.TestCaseExecutor.runScript(TestCaseExecutor.java:448)
	at com.kms.katalon.core.main.TestCaseExecutor.doExecute(TestCaseExecutor.java:439)
	at com.kms.katalon.core.main.TestCaseExecutor.processExecutionPhase(TestCaseExecutor.java:418)
	at com.kms.katalon.core.main.TestCaseExecutor.accessMainPhase(TestCaseExecutor.java:410)
	at com.kms.katalon.core.main.TestCaseExecutor.execute(TestCaseExecutor.java:285)
	at com.kms.katalon.core.common.CommonExecutor.accessTestCaseMainPhase(CommonExecutor.java:65)
	at com.kms.katalon.core.main.TestSuiteExecutor.accessTestSuiteMainPhase(TestSuiteExecutor.java:148)
	at com.kms.katalon.core.main.TestSuiteExecutor.execute(TestSuiteExecutor.java:106)
	at com.kms.katalon.core.main.TestCaseMain.startTestSuite(TestCaseMain.java:187)
	at com.kms.katalon.core.main.TestCaseMain$startTestSuite$0.call(Unknown Source)
	at TempTestSuite1693042647110.run(TempTestSuite1693042647110.groovy:36)
Caused by: com.kms.katalon.core.exception.StepFailedException: com.kms.katalon.core.webui.exception.WebElementNotFoundException: Web element with id: 'Object Repository/span_Submitted' located by '//div[@id='4:492;a']/div/div/div[2]/div/div[2]/span/span' not found
	at com.kms.katalon.core.webui.keyword.internal.WebUIKeywordMain.stepFailed(WebUIKeywordMain.groovy:64)
	at com.kms.katalon.core.webui.keyword.builtin.VerifyElementPresentKeyword$_verifyElementPresent_closure1.doCall(VerifyElementPresentKeyword.groovy:85)
	at com.kms.katalon.core.webui.keyword.builtin.VerifyElementPresentKeyword$_verifyElementPresent_closure1.call(VerifyElementPresentKeyword.groovy)
	at com.kms.katalon.core.webui.keyword.internal.WebUIKeywordMain.runKeyword(WebUIKeywordMain.groovy:20)
	... 19 more]]></system-out>
      <system-err><![CDATA[2023-08-26 16:37:45 - [TEST_SUITE][FAILED] - TS2 - Post an idea: Test Cases/Post an idea FAILED.
Reason:
com.kms.katalon.core.exception.StepFailedException: Unable to verify object 'Object Repository/span_Submitted' is present
	at com.kms.katalon.core.webui.keyword.internal.WebUIKeywordMain.stepFailed(WebUIKeywordMain.groovy:64)
	at com.kms.katalon.core.webui.keyword.internal.WebUIKeywordMain.runKeyword(WebUIKeywordMain.groovy:26)
	at com.kms.katalon.core.webui.keyword.builtin.VerifyElementPresentKeyword.verifyElementPresent(VerifyElementPresentKeyword.groovy:92)
	at com.kms.katalon.core.webui.keyword.builtin.VerifyElementPresentKeyword.execute(VerifyElementPresentKeyword.groovy:68)
	at com.kms.katalon.core.keyword.internal.KeywordExecutor.executeKeywordForPlatform(KeywordExecutor.groovy:74)
	at com.kms.katalon.core.webui.keyword.WebUiBuiltInKeywords.verifyElementPresent(WebUiBuiltInKeywords.groovy:1464)
	at com.kms.katalon.core.webui.keyword.WebUiBuiltInKeywords$verifyElementPresent$5.call(Unknown Source)
	at Post an idea.run(Post an idea:66)
	at com.kms.katalon.core.main.ScriptEngine.run(ScriptEngine.java:194)
	at com.kms.katalon.core.main.ScriptEngine.runScriptAsRawText(ScriptEngine.java:119)
	at com.kms.katalon.core.main.TestCaseExecutor.runScript(TestCaseExecutor.java:448)
	at com.kms.katalon.core.main.TestCaseExecutor.doExecute(TestCaseExecutor.java:439)
	at com.kms.katalon.core.main.TestCaseExecutor.processExecutionPhase(TestCaseExecutor.java:418)
	at com.kms.katalon.core.main.TestCaseExecutor.accessMainPhase(TestCaseExecutor.java:410)
	at com.kms.katalon.core.main.TestCaseExecutor.execute(TestCaseExecutor.java:285)
	at com.kms.katalon.core.common.CommonExecutor.accessTestCaseMainPhase(CommonExecutor.java:65)
	at com.kms.katalon.core.main.TestSuiteExecutor.accessTestSuiteMainPhase(TestSuiteExecutor.java:148)
	at com.kms.katalon.core.main.TestSuiteExecutor.execute(TestSuiteExecutor.java:106)
	at com.kms.katalon.core.main.TestCaseMain.startTestSuite(TestCaseMain.java:187)
	at com.kms.katalon.core.main.TestCaseMain$startTestSuite$0.call(Unknown Source)
	at TempTestSuite1693042647110.run(TempTestSuite1693042647110.groovy:36)
Caused by: com.kms.katalon.core.exception.StepFailedException: com.kms.katalon.core.webui.exception.WebElementNotFoundException: Web element with id: 'Object Repository/span_Submitted' located by '//div[@id='4:492;a']/div/div/div[2]/div/div[2]/span/span' not found
	at com.kms.katalon.core.webui.keyword.internal.WebUIKeywordMain.stepFailed(WebUIKeywordMain.groovy:64)
	at com.kms.katalon.core.webui.keyword.builtin.VerifyElementPresentKeyword$_verifyElementPresent_closure1.doCall(VerifyElementPresentKeyword.groovy:85)
	at com.kms.katalon.core.webui.keyword.builtin.VerifyElementPresentKeyword$_verifyElementPresent_closure1.call(VerifyElementPresentKeyword.groovy)
	at com.kms.katalon.core.webui.keyword.internal.WebUIKeywordMain.runKeyword(WebUIKeywordMain.groovy:20)
	... 19 more]]></system-err>
   </testsuite>
   <testsuite name="TS2 - Post an idea" tests="2" failures="1" errors="0" time="644.06" skipped="0" timestamp="2023-08-26 16:37:56" hostname="quan.trinh - 192.168.0.22" id="Test Suites/TS2 - Post an idea">
      <properties>
         <property name="deviceName" value=""/>
         <property name="devicePlatform" value=""/>
         <property name="logFolder" value="/Users/quan.trinh/git/ideaexchangetest/Reports/20230826_163724/TS2 - Post an idea/20230826_163729"/>
         <property name="logFiles" value="/Users/quan.trinh/git/ideaexchangetest/Reports/20230826_163724/TS2 - Post an idea/20230826_163729/execution0.log"/>
         <property name="attachments" value="/Users/quan.trinh/git/ideaexchangetest/Reports/20230826_163724/TS2 - Post an idea/20230826_163729/1693042920922.png, /Users/quan.trinh/git/ideaexchangetest/Reports/20230826_163724/TS2 - Post an idea/20230826_163729/1693042921456.png, /Users/quan.trinh/git/ideaexchangetest/Reports/20230826_163724/TS2 - Post an idea/20230826_163729/1693043069512.png, /Users/quan.trinh/git/ideaexchangetest/Reports/20230826_163724/TS2 - Post an idea/20230826_163729/1693043069890.png, /Users/quan.trinh/git/ideaexchangetest/Reports/20230826_163724/TS2 - Post an idea/20230826_163729/1693043201840.png, /Users/quan.trinh/git/ideaexchangetest/Reports/20230826_163724/TS2 - Post an idea/20230826_163729/1693043202230.png, /Users/quan.trinh/git/ideaexchangetest/Reports/20230826_163724/TS2 - Post an idea/20230826_163729/1693043319927.png, /Users/quan.trinh/git/ideaexchangetest/Reports/20230826_163724/TS2 - Post an idea/20230826_163729/1693043320231.png"/>
         <property name="hostName" value="quan.trinh - 192.168.0.22"/>
         <property name="os" value="Mac OS X 64bit"/>
         <property name="katalonVersion" value="8.6.5.208"/>
         <property name="browser" value="Chrome 106.0.0.0"/>
         <property name="hostAddress" value="192.168.0.23"/>
         <property name="sessionId" value="20c7f16eb32948fefca56bca39abb96f"/>
         <property name="seleniumVersion" value="3.141.59"/>
         <property name="proxyInformation" value="ProxyInformation { proxyOption=NO_PROXY, proxyServerType=HTTP, username=, password=********, proxyServerAddress=, proxyServerPort=0, executionList=&quot;&quot;, isApplyToDesiredCapabilities=true }"/>
         <property name="platform" value="Mac OS X"/>
      </properties>
      <testcase name="Test Cases/Login" time="109.005" classname="Test Cases/Login" status="PASSED">
         <system-out><![CDATA[2023-08-26 16:37:56 - [TEST_CASE][PASSED] - Test Cases/Login: Test Cases/Login

2023-08-26 16:37:57 - [TEST_STEP][PASSED] - Start listener action : enableSauceLabs: [SAUCELABS] Saucelabs Plugin will not attempt to auto update job status and information !

2023-08-26 16:37:57 - [MESSAGE][INFO] - [SAUCELABS] Current run configuration: Chrome

2023-08-26 16:37:57 - [MESSAGE][INFO] - [SAUCELABS] Saucelabs Plugin will not attempt to auto update job status and information !

2023-08-26 16:37:57 - [TEST_STEP][PASSED] - openBrowser(""): Browser is opened with url: ''

2023-08-26 16:37:58 - [MESSAGE][INFO] - Starting 'Chrome' driver

2023-08-26 16:37:58 - [MESSAGE][INFO] - Action delay is set to 0 milliseconds

2023-08-26 16:38:01 - [MESSAGE][PASSED] - Browser is opened with url: ''

2023-08-26 16:38:01 - [TEST_STEP][PASSED] - navigateToUrl("https://katalon-inc--sc.sandbox.my.site.com/katalonhelpcenter/s/"): Navigate to 'https://katalon-inc--sc.sandbox.my.site.com/katalonhelpcenter/s/' successfully

2023-08-26 16:38:19 - [MESSAGE][PASSED] - Navigate to 'https://katalon-inc--sc.sandbox.my.site.com/katalonhelpcenter/s/' successfully

2023-08-26 16:38:19 - [TEST_STEP][PASSED] - click(findTestObject("Object Repository/button_Log in")): Object: 'Object Repository/button_Log in' is clicked on

2023-08-26 16:38:31 - [MESSAGE][PASSED] - Object: 'Object Repository/button_Log in' is clicked on

2023-08-26 16:38:31 - [TEST_STEP][PASSED] - click(findTestObject("Object Repository/a_Katalon Account")): Object: 'Object Repository/a_Katalon Account' is clicked on

2023-08-26 16:38:57 - [MESSAGE][PASSED] - Object: 'Object Repository/a_Katalon Account' is clicked on

2023-08-26 16:38:57 - [TEST_STEP][PASSED] - setText(findTestObject("Object Repository/input_Email_email"), "user3@5wphoto.com"): Text 'user3@5wphoto.com' is set on object 'Object Repository/input_Email_email'

2023-08-26 16:39:02 - [MESSAGE][PASSED] - Text 'user3@5wphoto.com' is set on object 'Object Repository/input_Email_email'

2023-08-26 16:39:02 - [TEST_STEP][PASSED] - setEncryptedText(findTestObject("Object Repository/input_Password_password"), "SLwXyDhhPsbL49YyfNlrYA=="): Text ****** has been set on object 'Object Repository/input_Password_password'

2023-08-26 16:39:04 - [MESSAGE][PASSED] - Text ****** has been set on object 'Object Repository/input_Password_password'

2023-08-26 16:39:04 - [TEST_STEP][PASSED] - click(findTestObject("Object Repository/button_Sign In")): Object: 'Object Repository/button_Sign In' is clicked on

2023-08-26 16:39:08 - [MESSAGE][PASSED] - Object: 'Object Repository/button_Sign In' is clicked on

2023-08-26 16:39:08 - [TEST_STEP][PASSED] - delay(10): Delayed 10 second(s)

2023-08-26 16:39:18 - [MESSAGE][PASSED] - Delayed 10 second(s)

2023-08-26 16:39:18 - [TEST_STEP][PASSED] - navigateToUrl("https://katalon-inc--sc.sandbox.my.site.com/katalonhelpcenter/s/ideas"): Navigate to 'https://katalon-inc--sc.sandbox.my.site.com/katalonhelpcenter/s/ideas' successfully

2023-08-26 16:39:45 - [MESSAGE][PASSED] - Navigate to 'https://katalon-inc--sc.sandbox.my.site.com/katalonhelpcenter/s/ideas' successfully

2023-08-26 16:39:45 - [TEST_STEP][PASSED] - Start listener action : autoUpdateJobStatus: [SAUCELABS] Current run configuration: Chrome

2023-08-26 16:39:45 - [MESSAGE][INFO] - [SAUCELABS] Current run configuration: Chrome]]></system-out>
         <system-err><![CDATA[]]></system-err>
      </testcase>
      <testcase name="Test Cases/Post an idea" time="117.924" classname="Test Cases/Post an idea" status="FAILED">
         <failure type="FAILED" message="Test Cases/Post an idea FAILED.
Reason:
com.kms.katalon.core.exception.StepFailedException: Unable to verify object 'Object Repository/span_Submitted' is present
	at com.kms.katalon.core.webui.keyword.internal.WebUIKeywordMain.stepFailed(WebUIKeywordMain.groovy:64)
	at com.kms.katalon.core.webui.keyword.internal.WebUIKeywordMain.runKeyword(WebUIKeywordMain.groovy:26)
	at com.kms.katalon.core.webui.keyword.builtin.VerifyElementPresentKeyword.verifyElementPresent(VerifyElementPresentKeyword.groovy:92)
	at com.kms.katalon.core.webui.keyword.builtin.VerifyElementPresentKeyword.execute(VerifyElementPresentKeyword.groovy:68)
	at com.kms.katalon.core.keyword.internal.KeywordExecutor.executeKeywordForPlatform(KeywordExecutor.groovy:74)
	at com.kms.katalon.core.webui.keyword.WebUiBuiltInKeywords.verifyElementPresent(WebUiBuiltInKeywords.groovy:1464)
	at com.kms.katalon.core.webui.keyword.WebUiBuiltInKeywords$verifyElementPresent$5.call(Unknown Source)
	at Post an idea.run(Post an idea:66)
	at com.kms.katalon.core.main.ScriptEngine.run(ScriptEngine.java:194)
	at com.kms.katalon.core.main.ScriptEngine.runScriptAsRawText(ScriptEngine.java:119)
	at com.kms.katalon.core.main.TestCaseExecutor.runScript(TestCaseExecutor.java:448)
	at com.kms.katalon.core.main.TestCaseExecutor.doExecute(TestCaseExecutor.java:439)
	at com.kms.katalon.core.main.TestCaseExecutor.processExecutionPhase(TestCaseExecutor.java:418)
	at com.kms.katalon.core.main.TestCaseExecutor.accessMainPhase(TestCaseExecutor.java:410)
	at com.kms.katalon.core.main.TestCaseExecutor.execute(TestCaseExecutor.java:285)
	at com.kms.katalon.core.main.TestCaseExecutor.execute(TestCaseExecutor.java:369)
	at com.kms.katalon.core.main.TestCaseExecutor.execute(TestCaseExecutor.java:369)
	at com.kms.katalon.core.main.TestCaseExecutor.execute(TestCaseExecutor.java:369)
	at com.kms.katalon.core.common.CommonExecutor.accessTestCaseMainPhase(CommonExecutor.java:65)
	at com.kms.katalon.core.main.TestSuiteExecutor.accessTestSuiteMainPhase(TestSuiteExecutor.java:148)
	at com.kms.katalon.core.main.TestSuiteExecutor.execute(TestSuiteExecutor.java:106)
	at com.kms.katalon.core.main.TestCaseMain.startTestSuite(TestCaseMain.java:187)
	at com.kms.katalon.core.main.TestCaseMain$startTestSuite$0.call(Unknown Source)
	at TempTestSuite1693042649475.run(TempTestSuite1693042649475.groovy:36)
Caused by: com.kms.katalon.core.exception.StepFailedException: com.kms.katalon.core.webui.exception.WebElementNotFoundException: Web element with id: 'Object Repository/span_Submitted' located by '//div[@id='4:492;a']/div/div/div[2]/div/div[2]/span/span' not found
	at com.kms.katalon.core.webui.keyword.internal.WebUIKeywordMain.stepFailed(WebUIKeywordMain.groovy:64)
	at com.kms.katalon.core.webui.keyword.builtin.VerifyElementPresentKeyword$_verifyElementPresent_closure1.doCall(VerifyElementPresentKeyword.groovy:85)
	at com.kms.katalon.core.webui.keyword.builtin.VerifyElementPresentKeyword$_verifyElementPresent_closure1.call(VerifyElementPresentKeyword.groovy)
	at com.kms.katalon.core.webui.keyword.internal.WebUIKeywordMain.runKeyword(WebUIKeywordMain.groovy:20)
	... 22 more
"/>
         <system-out><![CDATA[2023-08-26 16:46:42 - [TEST_CASE][FAILED] - Test Cases/Post an idea: Test Cases/Post an idea FAILED.
Reason:
com.kms.katalon.core.exception.StepFailedException: Unable to verify object 'Object Repository/span_Submitted' is present
	at com.kms.katalon.core.webui.keyword.internal.WebUIKeywordMain.stepFailed(WebUIKeywordMain.groovy:64)
	at com.kms.katalon.core.webui.keyword.internal.WebUIKeywordMain.runKeyword(WebUIKeywordMain.groovy:26)
	at com.kms.katalon.core.webui.keyword.builtin.VerifyElementPresentKeyword.verifyElementPresent(VerifyElementPresentKeyword.groovy:92)
	at com.kms.katalon.core.webui.keyword.builtin.VerifyElementPresentKeyword.execute(VerifyElementPresentKeyword.groovy:68)
	at com.kms.katalon.core.keyword.internal.KeywordExecutor.executeKeywordForPlatform(KeywordExecutor.groovy:74)
	at com.kms.katalon.core.webui.keyword.WebUiBuiltInKeywords.verifyElementPresent(WebUiBuiltInKeywords.groovy:1464)
	at com.kms.katalon.core.webui.keyword.WebUiBuiltInKeywords$verifyElementPresent$5.call(Unknown Source)
	at Post an idea.run(Post an idea:66)
	at com.kms.katalon.core.main.ScriptEngine.run(ScriptEngine.java:194)
	at com.kms.katalon.core.main.ScriptEngine.runScriptAsRawText(ScriptEngine.java:119)
	at com.kms.katalon.core.main.TestCaseExecutor.runScript(TestCaseExecutor.java:448)
	at com.kms.katalon.core.main.TestCaseExecutor.doExecute(TestCaseExecutor.java:439)
	at com.kms.katalon.core.main.TestCaseExecutor.processExecutionPhase(TestCaseExecutor.java:418)
	at com.kms.katalon.core.main.TestCaseExecutor.accessMainPhase(TestCaseExecutor.java:410)
	at com.kms.katalon.core.main.TestCaseExecutor.execute(TestCaseExecutor.java:285)
	at com.kms.katalon.core.main.TestCaseExecutor.execute(TestCaseExecutor.java:369)
	at com.kms.katalon.core.main.TestCaseExecutor.execute(TestCaseExecutor.java:369)
	at com.kms.katalon.core.main.TestCaseExecutor.execute(TestCaseExecutor.java:369)
	at com.kms.katalon.core.common.CommonExecutor.accessTestCaseMainPhase(CommonExecutor.java:65)
	at com.kms.katalon.core.main.TestSuiteExecutor.accessTestSuiteMainPhase(TestSuiteExecutor.java:148)
	at com.kms.katalon.core.main.TestSuiteExecutor.execute(TestSuiteExecutor.java:106)
	at com.kms.katalon.core.main.TestCaseMain.startTestSuite(TestCaseMain.java:187)
	at com.kms.katalon.core.main.TestCaseMain$startTestSuite$0.call(Unknown Source)
	at TempTestSuite1693042649475.run(TempTestSuite1693042649475.groovy:36)
Caused by: com.kms.katalon.core.exception.StepFailedException: com.kms.katalon.core.webui.exception.WebElementNotFoundException: Web element with id: 'Object Repository/span_Submitted' located by '//div[@id='4:492;a']/div/div/div[2]/div/div[2]/span/span' not found
	at com.kms.katalon.core.webui.keyword.internal.WebUIKeywordMain.stepFailed(WebUIKeywordMain.groovy:64)
	at com.kms.katalon.core.webui.keyword.builtin.VerifyElementPresentKeyword$_verifyElementPresent_closure1.doCall(VerifyElementPresentKeyword.groovy:85)
	at com.kms.katalon.core.webui.keyword.builtin.VerifyElementPresentKeyword$_verifyElementPresent_closure1.call(VerifyElementPresentKeyword.groovy)
	at com.kms.katalon.core.webui.keyword.internal.WebUIKeywordMain.runKeyword(WebUIKeywordMain.groovy:20)
	... 22 more


2023-08-26 16:46:42 - [TEST_STEP][PASSED] - Start listener action : enableSauceLabs: [SAUCELABS] Saucelabs Plugin will not attempt to auto update job status and information !

2023-08-26 16:46:42 - [MESSAGE][INFO] - [SAUCELABS] Current run configuration: Chrome

2023-08-26 16:46:42 - [MESSAGE][INFO] - [SAUCELABS] Saucelabs Plugin will not attempt to auto update job status and information !

2023-08-26 16:46:42 - [TEST_STEP][PASSED] - openBrowser(""): Browser is opened with url: ''

2023-08-26 16:46:42 - [MESSAGE][WARNING] - A browser is already opened. Closing browser and opening a new one

2023-08-26 16:46:42 - [MESSAGE][INFO] - Starting 'Chrome' driver

2023-08-26 16:46:42 - [MESSAGE][INFO] - Action delay is set to 0 milliseconds

2023-08-26 16:46:45 - [MESSAGE][PASSED] - Browser is opened with url: ''

2023-08-26 16:46:45 - [TEST_STEP][PASSED] - navigateToUrl("https://katalon-inc--sc.sandbox.my.site.com/katalonhelpcenter/s/"): Navigate to 'https://katalon-inc--sc.sandbox.my.site.com/katalonhelpcenter/s/' successfully

2023-08-26 16:46:47 - [MESSAGE][PASSED] - Navigate to 'https://katalon-inc--sc.sandbox.my.site.com/katalonhelpcenter/s/' successfully

2023-08-26 16:46:47 - [TEST_STEP][PASSED] - click(findTestObject("Object Repository/button_Log in")): Object: 'Object Repository/button_Log in' is clicked on

2023-08-26 16:47:12 - [MESSAGE][PASSED] - Object: 'Object Repository/button_Log in' is clicked on

2023-08-26 16:47:12 - [TEST_STEP][PASSED] - click(findTestObject("Object Repository/a_Katalon Account")): Object: 'Object Repository/a_Katalon Account' is clicked on

2023-08-26 16:47:35 - [MESSAGE][PASSED] - Object: 'Object Repository/a_Katalon Account' is clicked on

2023-08-26 16:47:35 - [TEST_STEP][PASSED] - setText(findTestObject("Object Repository/input_Email_email"), "user3@5wphoto.com"): Text 'user3@5wphoto.com' is set on object 'Object Repository/input_Email_email'

2023-08-26 16:47:40 - [MESSAGE][PASSED] - Text 'user3@5wphoto.com' is set on object 'Object Repository/input_Email_email'

2023-08-26 16:47:40 - [TEST_STEP][PASSED] - setEncryptedText(findTestObject("Object Repository/input_Password_password"), "SLwXyDhhPsbL49YyfNlrYA=="): Text ****** has been set on object 'Object Repository/input_Password_password'

2023-08-26 16:47:41 - [MESSAGE][PASSED] - Text ****** has been set on object 'Object Repository/input_Password_password'

2023-08-26 16:47:41 - [TEST_STEP][PASSED] - click(findTestObject("Object Repository/button_Sign In")): Object: 'Object Repository/button_Sign In' is clicked on

2023-08-26 16:47:45 - [MESSAGE][PASSED] - Object: 'Object Repository/button_Sign In' is clicked on

2023-08-26 16:47:45 - [TEST_STEP][PASSED] - delay(15): Delayed 15 second(s)

2023-08-26 16:48:00 - [MESSAGE][PASSED] - Delayed 15 second(s)

2023-08-26 16:48:00 - [TEST_STEP][PASSED] - navigateToUrl("https://katalon-inc--sc.sandbox.my.site.com/katalonhelpcenter/s/ideas"): Navigate to 'https://katalon-inc--sc.sandbox.my.site.com/katalonhelpcenter/s/ideas' successfully

2023-08-26 16:48:11 - [MESSAGE][PASSED] - Navigate to 'https://katalon-inc--sc.sandbox.my.site.com/katalonhelpcenter/s/ideas' successfully

2023-08-26 16:48:11 - [TEST_STEP][PASSED] - click(findTestObject("Object Repository/span_Post Ideas")): Object: 'Object Repository/span_Post Ideas' is clicked on

2023-08-26 16:48:19 - [MESSAGE][PASSED] - Object: 'Object Repository/span_Post Ideas' is clicked on

2023-08-26 16:48:19 - [TEST_STEP][PASSED] - setText(findTestObject("Object Repository/input__Title"), titlepost): Text 'Quan test post idea 4
' is set on object 'Object Repository/input__Title'

2023-08-26 16:48:23 - [MESSAGE][PASSED] - Text 'Quan test post idea 4
' is set on object 'Object Repository/input__Title'

2023-08-26 16:48:23 - [TEST_STEP][PASSED] - click(findTestObject("Object Repository/button__Product")): Object: 'Object Repository/button__Product' is clicked on

2023-08-26 16:48:25 - [MESSAGE][PASSED] - Object: 'Object Repository/button__Product' is clicked on

2023-08-26 16:48:25 - [TEST_STEP][PASSED] - click(findTestObject("Object Repository/span_Cloud Studio")): Object: 'Object Repository/span_Cloud Studio' is clicked on

2023-08-26 16:48:25 - [MESSAGE][PASSED] - Object: 'Object Repository/span_Cloud Studio' is clicked on

2023-08-26 16:48:25 - [TEST_STEP][PASSED] - setText(findTestObject("Object Repository/input__TeamSize"), nomember): Text '10' is set on object 'Object Repository/input__TeamSize'

2023-08-26 16:48:26 - [MESSAGE][PASSED] - Text '10' is set on object 'Object Repository/input__TeamSize'

2023-08-26 16:48:26 - [TEST_STEP][PASSED] - setText(findTestObject("Object Repository/textarea__Description"), description): Text 'hello' is set on object 'Object Repository/textarea__Description'

2023-08-26 16:48:27 - [MESSAGE][PASSED] - Text 'hello' is set on object 'Object Repository/textarea__Description'

2023-08-26 16:48:27 - [TEST_STEP][PASSED] - setText(findTestObject("Object Repository/textarea__Question1"), description2): Text 'hello' is set on object 'Object Repository/textarea__Question1'

2023-08-26 16:48:28 - [MESSAGE][PASSED] - Text 'hello' is set on object 'Object Repository/textarea__Question1'

2023-08-26 16:48:28 - [TEST_STEP][PASSED] - setText(findTestObject("Object Repository/textarea__Question2"), description3): Text 'hello' is set on object 'Object Repository/textarea__Question2'

2023-08-26 16:48:29 - [MESSAGE][PASSED] - Text 'hello' is set on object 'Object Repository/textarea__Question2'

2023-08-26 16:48:29 - [TEST_STEP][PASSED] - verifyElementClickable(findTestObject("Object Repository/button_Post Idea")): Object 'Object Repository/button_Post Idea' is clickable

2023-08-26 16:48:30 - [MESSAGE][PASSED] - Object 'Object Repository/button_Post Idea' is clickable

2023-08-26 16:48:30 - [TEST_STEP][PASSED] - click(findTestObject("Object Repository/button_Post Idea")): Object: 'Object Repository/button_Post Idea' is clicked on

2023-08-26 16:48:30 - [MESSAGE][PASSED] - Object: 'Object Repository/button_Post Idea' is clicked on

2023-08-26 16:48:30 - [TEST_STEP][PASSED] - verifyElementClickable(findTestObject("Object Repository/button_Post")): Object 'Object Repository/button_Post' is clickable

2023-08-26 16:48:30 - [MESSAGE][PASSED] - Object 'Object Repository/button_Post' is clickable

2023-08-26 16:48:30 - [TEST_STEP][PASSED] - click(findTestObject("Object Repository/button_Post")): Object: 'Object Repository/button_Post' is clicked on

2023-08-26 16:48:31 - [MESSAGE][PASSED] - Object: 'Object Repository/button_Post' is clicked on

2023-08-26 16:48:31 - [TEST_STEP][PASSED] - verifyElementPresent(findTestObject("Object Repository/span_Your Idea Created Successfully"), 5): Object 'Object Repository/span_Your Idea Created Successfully' is present

2023-08-26 16:48:33 - [MESSAGE][PASSED] - Object 'Object Repository/span_Your Idea Created Successfully' is present

2023-08-26 16:48:33 - [TEST_STEP][PASSED] - verifyElementPresent(findTestObject("Object Repository/span_Detail"), 5): Object 'Object Repository/span_Detail' is present

2023-08-26 16:48:33 - [MESSAGE][PASSED] - Object 'Object Repository/span_Detail' is present

2023-08-26 16:48:33 - [TEST_STEP][FAILED] - verifyElementPresent(findTestObject("Object Repository/span_Submitted"), 5): Unable to verify object 'Object Repository/span_Submitted' is present (Root cause: com.kms.katalon.core.exception.StepFailedException: Unable to verify object 'Object Repository/span_Submitted' is present
	at com.kms.katalon.core.webui.keyword.internal.WebUIKeywordMain.stepFailed(WebUIKeywordMain.groovy:64)
	at com.kms.katalon.core.webui.keyword.internal.WebUIKeywordMain.runKeyword(WebUIKeywordMain.groovy:26)
	at com.kms.katalon.core.webui.keyword.builtin.VerifyElementPresentKeyword.verifyElementPresent(VerifyElementPresentKeyword.groovy:92)
	at com.kms.katalon.core.webui.keyword.builtin.VerifyElementPresentKeyword.execute(VerifyElementPresentKeyword.groovy:68)
	at com.kms.katalon.core.keyword.internal.KeywordExecutor.executeKeywordForPlatform(KeywordExecutor.groovy:74)
	at com.kms.katalon.core.webui.keyword.WebUiBuiltInKeywords.verifyElementPresent(WebUiBuiltInKeywords.groovy:1464)
	at com.kms.katalon.core.webui.keyword.WebUiBuiltInKeywords$verifyElementPresent$5.call(Unknown Source)
	at Post an idea.run(Post an idea:66)
	at com.kms.katalon.core.main.ScriptEngine.run(ScriptEngine.java:194)
	at com.kms.katalon.core.main.ScriptEngine.runScriptAsRawText(ScriptEngine.java:119)
	at com.kms.katalon.core.main.TestCaseExecutor.runScript(TestCaseExecutor.java:448)
	at com.kms.katalon.core.main.TestCaseExecutor.doExecute(TestCaseExecutor.java:439)
	at com.kms.katalon.core.main.TestCaseExecutor.processExecutionPhase(TestCaseExecutor.java:418)
	at com.kms.katalon.core.main.TestCaseExecutor.accessMainPhase(TestCaseExecutor.java:410)
	at com.kms.katalon.core.main.TestCaseExecutor.execute(TestCaseExecutor.java:285)
	at com.kms.katalon.core.main.TestCaseExecutor.execute(TestCaseExecutor.java:369)
	at com.kms.katalon.core.main.TestCaseExecutor.execute(TestCaseExecutor.java:369)
	at com.kms.katalon.core.main.TestCaseExecutor.execute(TestCaseExecutor.java:369)
	at com.kms.katalon.core.common.CommonExecutor.accessTestCaseMainPhase(CommonExecutor.java:65)
	at com.kms.katalon.core.main.TestSuiteExecutor.accessTestSuiteMainPhase(TestSuiteExecutor.java:148)
	at com.kms.katalon.core.main.TestSuiteExecutor.execute(TestSuiteExecutor.java:106)
	at com.kms.katalon.core.main.TestCaseMain.startTestSuite(TestCaseMain.java:187)
	at com.kms.katalon.core.main.TestCaseMain$startTestSuite$0.call(Unknown Source)
	at TempTestSuite1693042649475.run(TempTestSuite1693042649475.groovy:36)
Caused by: com.kms.katalon.core.exception.StepFailedException: com.kms.katalon.core.webui.exception.WebElementNotFoundException: Web element with id: 'Object Repository/span_Submitted' located by '//div[@id='4:492;a']/div/div/div[2]/div/div[2]/span/span' not found
	at com.kms.katalon.core.webui.keyword.internal.WebUIKeywordMain.stepFailed(WebUIKeywordMain.groovy:64)
	at com.kms.katalon.core.webui.keyword.builtin.VerifyElementPresentKeyword$_verifyElementPresent_closure1.doCall(VerifyElementPresentKeyword.groovy:85)
	at com.kms.katalon.core.webui.keyword.builtin.VerifyElementPresentKeyword$_verifyElementPresent_closure1.call(VerifyElementPresentKeyword.groovy)
	at com.kms.katalon.core.webui.keyword.internal.WebUIKeywordMain.runKeyword(WebUIKeywordMain.groovy:20)
	... 22 more
)

2023-08-26 16:48:39 - [MESSAGE][INFO] - Unable to find the element located by 'By.xpath: //div[@id='4:492;a']/div/div/div[2]/div/div[2]/span/span'. Please recheck the objects properties to make sure the desired element is located. 

2023-08-26 16:48:40 - [MESSAGE][FAILED] - com.kms.katalon.core.webui.exception.WebElementNotFoundException: Web element with id: 'Object Repository/span_Submitted' located by '//div[@id='4:492;a']/div/div/div[2]/div/div[2]/span/span' not found (Root cause: com.kms.katalon.core.exception.StepFailedException: com.kms.katalon.core.webui.exception.WebElementNotFoundException: Web element with id: 'Object Repository/span_Submitted' located by '//div[@id='4:492;a']/div/div/div[2]/div/div[2]/span/span' not found
	at com.kms.katalon.core.webui.keyword.internal.WebUIKeywordMain.stepFailed(WebUIKeywordMain.groovy:64)
	at com.kms.katalon.core.webui.keyword.builtin.VerifyElementPresentKeyword$_verifyElementPresent_closure1.doCall(VerifyElementPresentKeyword.groovy:85)
	at com.kms.katalon.core.webui.keyword.builtin.VerifyElementPresentKeyword$_verifyElementPresent_closure1.call(VerifyElementPresentKeyword.groovy)
	at com.kms.katalon.core.webui.keyword.internal.WebUIKeywordMain.runKeyword(WebUIKeywordMain.groovy:20)
	at com.kms.katalon.core.webui.keyword.builtin.VerifyElementPresentKeyword.verifyElementPresent(VerifyElementPresentKeyword.groovy:92)
	at com.kms.katalon.core.webui.keyword.builtin.VerifyElementPresentKeyword.execute(VerifyElementPresentKeyword.groovy:68)
	at com.kms.katalon.core.keyword.internal.KeywordExecutor.executeKeywordForPlatform(KeywordExecutor.groovy:74)
	at com.kms.katalon.core.webui.keyword.WebUiBuiltInKeywords.verifyElementPresent(WebUiBuiltInKeywords.groovy:1464)
	at com.kms.katalon.core.webui.keyword.WebUiBuiltInKeywords$verifyElementPresent$5.call(Unknown Source)
	at Post an idea.run(Post an idea:66)
	at com.kms.katalon.core.main.ScriptEngine.run(ScriptEngine.java:194)
	at com.kms.katalon.core.main.ScriptEngine.runScriptAsRawText(ScriptEngine.java:119)
	at com.kms.katalon.core.main.TestCaseExecutor.runScript(TestCaseExecutor.java:448)
	at com.kms.katalon.core.main.TestCaseExecutor.doExecute(TestCaseExecutor.java:439)
	at com.kms.katalon.core.main.TestCaseExecutor.processExecutionPhase(TestCaseExecutor.java:418)
	at com.kms.katalon.core.main.TestCaseExecutor.accessMainPhase(TestCaseExecutor.java:410)
	at com.kms.katalon.core.main.TestCaseExecutor.execute(TestCaseExecutor.java:285)
	at com.kms.katalon.core.main.TestCaseExecutor.execute(TestCaseExecutor.java:369)
	at com.kms.katalon.core.main.TestCaseExecutor.execute(TestCaseExecutor.java:369)
	at com.kms.katalon.core.main.TestCaseExecutor.execute(TestCaseExecutor.java:369)
	at com.kms.katalon.core.common.CommonExecutor.accessTestCaseMainPhase(CommonExecutor.java:65)
	at com.kms.katalon.core.main.TestSuiteExecutor.accessTestSuiteMainPhase(TestSuiteExecutor.java:148)
	at com.kms.katalon.core.main.TestSuiteExecutor.execute(TestSuiteExecutor.java:106)
	at com.kms.katalon.core.main.TestCaseMain.startTestSuite(TestCaseMain.java:187)
	at com.kms.katalon.core.main.TestCaseMain$startTestSuite$0.call(Unknown Source)
	at TempTestSuite1693042649475.run(TempTestSuite1693042649475.groovy:36)
)
[[ATTACHMENT|/Users/quan.trinh/git/ideaexchangetest/Reports/20230826_163724/TS2 - Post an idea/20230826_163729/1693043319927.png]]

2023-08-26 16:48:40 - [MESSAGE][FAILED] - Unable to verify object 'Object Repository/span_Submitted' is present (Root cause: com.kms.katalon.core.exception.StepFailedException: Unable to verify object 'Object Repository/span_Submitted' is present
	at com.kms.katalon.core.webui.keyword.internal.WebUIKeywordMain.stepFailed(WebUIKeywordMain.groovy:64)
	at com.kms.katalon.core.webui.keyword.internal.WebUIKeywordMain.runKeyword(WebUIKeywordMain.groovy:26)
	at com.kms.katalon.core.webui.keyword.builtin.VerifyElementPresentKeyword.verifyElementPresent(VerifyElementPresentKeyword.groovy:92)
	at com.kms.katalon.core.webui.keyword.builtin.VerifyElementPresentKeyword.execute(VerifyElementPresentKeyword.groovy:68)
	at com.kms.katalon.core.keyword.internal.KeywordExecutor.executeKeywordForPlatform(KeywordExecutor.groovy:74)
	at com.kms.katalon.core.webui.keyword.WebUiBuiltInKeywords.verifyElementPresent(WebUiBuiltInKeywords.groovy:1464)
	at com.kms.katalon.core.webui.keyword.WebUiBuiltInKeywords$verifyElementPresent$5.call(Unknown Source)
	at Post an idea.run(Post an idea:66)
	at com.kms.katalon.core.main.ScriptEngine.run(ScriptEngine.java:194)
	at com.kms.katalon.core.main.ScriptEngine.runScriptAsRawText(ScriptEngine.java:119)
	at com.kms.katalon.core.main.TestCaseExecutor.runScript(TestCaseExecutor.java:448)
	at com.kms.katalon.core.main.TestCaseExecutor.doExecute(TestCaseExecutor.java:439)
	at com.kms.katalon.core.main.TestCaseExecutor.processExecutionPhase(TestCaseExecutor.java:418)
	at com.kms.katalon.core.main.TestCaseExecutor.accessMainPhase(TestCaseExecutor.java:410)
	at com.kms.katalon.core.main.TestCaseExecutor.execute(TestCaseExecutor.java:285)
	at com.kms.katalon.core.main.TestCaseExecutor.execute(TestCaseExecutor.java:369)
	at com.kms.katalon.core.main.TestCaseExecutor.execute(TestCaseExecutor.java:369)
	at com.kms.katalon.core.main.TestCaseExecutor.execute(TestCaseExecutor.java:369)
	at com.kms.katalon.core.common.CommonExecutor.accessTestCaseMainPhase(CommonExecutor.java:65)
	at com.kms.katalon.core.main.TestSuiteExecutor.accessTestSuiteMainPhase(TestSuiteExecutor.java:148)
	at com.kms.katalon.core.main.TestSuiteExecutor.execute(TestSuiteExecutor.java:106)
	at com.kms.katalon.core.main.TestCaseMain.startTestSuite(TestCaseMain.java:187)
	at com.kms.katalon.core.main.TestCaseMain$startTestSuite$0.call(Unknown Source)
	at TempTestSuite1693042649475.run(TempTestSuite1693042649475.groovy:36)
Caused by: com.kms.katalon.core.exception.StepFailedException: com.kms.katalon.core.webui.exception.WebElementNotFoundException: Web element with id: 'Object Repository/span_Submitted' located by '//div[@id='4:492;a']/div/div/div[2]/div/div[2]/span/span' not found
	at com.kms.katalon.core.webui.keyword.internal.WebUIKeywordMain.stepFailed(WebUIKeywordMain.groovy:64)
	at com.kms.katalon.core.webui.keyword.builtin.VerifyElementPresentKeyword$_verifyElementPresent_closure1.doCall(VerifyElementPresentKeyword.groovy:85)
	at com.kms.katalon.core.webui.keyword.builtin.VerifyElementPresentKeyword$_verifyElementPresent_closure1.call(VerifyElementPresentKeyword.groovy)
	at com.kms.katalon.core.webui.keyword.internal.WebUIKeywordMain.runKeyword(WebUIKeywordMain.groovy:20)
	... 22 more
)
[[ATTACHMENT|/Users/quan.trinh/git/ideaexchangetest/Reports/20230826_163724/TS2 - Post an idea/20230826_163729/1693043320231.png]]

2023-08-26 16:48:40 - [TEST_STEP][PASSED] - Start listener action : autoUpdateJobStatus: [SAUCELABS] Current run configuration: Chrome

2023-08-26 16:48:40 - [MESSAGE][INFO] - [SAUCELABS] Current run configuration: Chrome]]></system-out>
         <system-err><![CDATA[2023-08-26 16:46:42 - [TEST_CASE][FAILED] - Test Cases/Post an idea: Test Cases/Post an idea FAILED.
Reason:
com.kms.katalon.core.exception.StepFailedException: Unable to verify object 'Object Repository/span_Submitted' is present
	at com.kms.katalon.core.webui.keyword.internal.WebUIKeywordMain.stepFailed(WebUIKeywordMain.groovy:64)
	at com.kms.katalon.core.webui.keyword.internal.WebUIKeywordMain.runKeyword(WebUIKeywordMain.groovy:26)
	at com.kms.katalon.core.webui.keyword.builtin.VerifyElementPresentKeyword.verifyElementPresent(VerifyElementPresentKeyword.groovy:92)
	at com.kms.katalon.core.webui.keyword.builtin.VerifyElementPresentKeyword.execute(VerifyElementPresentKeyword.groovy:68)
	at com.kms.katalon.core.keyword.internal.KeywordExecutor.executeKeywordForPlatform(KeywordExecutor.groovy:74)
	at com.kms.katalon.core.webui.keyword.WebUiBuiltInKeywords.verifyElementPresent(WebUiBuiltInKeywords.groovy:1464)
	at com.kms.katalon.core.webui.keyword.WebUiBuiltInKeywords$verifyElementPresent$5.call(Unknown Source)
	at Post an idea.run(Post an idea:66)
	at com.kms.katalon.core.main.ScriptEngine.run(ScriptEngine.java:194)
	at com.kms.katalon.core.main.ScriptEngine.runScriptAsRawText(ScriptEngine.java:119)
	at com.kms.katalon.core.main.TestCaseExecutor.runScript(TestCaseExecutor.java:448)
	at com.kms.katalon.core.main.TestCaseExecutor.doExecute(TestCaseExecutor.java:439)
	at com.kms.katalon.core.main.TestCaseExecutor.processExecutionPhase(TestCaseExecutor.java:418)
	at com.kms.katalon.core.main.TestCaseExecutor.accessMainPhase(TestCaseExecutor.java:410)
	at com.kms.katalon.core.main.TestCaseExecutor.execute(TestCaseExecutor.java:285)
	at com.kms.katalon.core.main.TestCaseExecutor.execute(TestCaseExecutor.java:369)
	at com.kms.katalon.core.main.TestCaseExecutor.execute(TestCaseExecutor.java:369)
	at com.kms.katalon.core.main.TestCaseExecutor.execute(TestCaseExecutor.java:369)
	at com.kms.katalon.core.common.CommonExecutor.accessTestCaseMainPhase(CommonExecutor.java:65)
	at com.kms.katalon.core.main.TestSuiteExecutor.accessTestSuiteMainPhase(TestSuiteExecutor.java:148)
	at com.kms.katalon.core.main.TestSuiteExecutor.execute(TestSuiteExecutor.java:106)
	at com.kms.katalon.core.main.TestCaseMain.startTestSuite(TestCaseMain.java:187)
	at com.kms.katalon.core.main.TestCaseMain$startTestSuite$0.call(Unknown Source)
	at TempTestSuite1693042649475.run(TempTestSuite1693042649475.groovy:36)
Caused by: com.kms.katalon.core.exception.StepFailedException: com.kms.katalon.core.webui.exception.WebElementNotFoundException: Web element with id: 'Object Repository/span_Submitted' located by '//div[@id='4:492;a']/div/div/div[2]/div/div[2]/span/span' not found
	at com.kms.katalon.core.webui.keyword.internal.WebUIKeywordMain.stepFailed(WebUIKeywordMain.groovy:64)
	at com.kms.katalon.core.webui.keyword.builtin.VerifyElementPresentKeyword$_verifyElementPresent_closure1.doCall(VerifyElementPresentKeyword.groovy:85)
	at com.kms.katalon.core.webui.keyword.builtin.VerifyElementPresentKeyword$_verifyElementPresent_closure1.call(VerifyElementPresentKeyword.groovy)
	at com.kms.katalon.core.webui.keyword.internal.WebUIKeywordMain.runKeyword(WebUIKeywordMain.groovy:20)
	... 22 more]]></system-err>
      </testcase>
      <system-out><![CDATA[2023-08-26 16:37:56 - [TEST_SUITE][FAILED] - TS2 - Post an idea: Test Cases/Post an idea FAILED.
Reason:
com.kms.katalon.core.exception.StepFailedException: Unable to verify object 'Object Repository/span_Submitted' is present
	at com.kms.katalon.core.webui.keyword.internal.WebUIKeywordMain.stepFailed(WebUIKeywordMain.groovy:64)
	at com.kms.katalon.core.webui.keyword.internal.WebUIKeywordMain.runKeyword(WebUIKeywordMain.groovy:26)
	at com.kms.katalon.core.webui.keyword.builtin.VerifyElementPresentKeyword.verifyElementPresent(VerifyElementPresentKeyword.groovy:92)
	at com.kms.katalon.core.webui.keyword.builtin.VerifyElementPresentKeyword.execute(VerifyElementPresentKeyword.groovy:68)
	at com.kms.katalon.core.keyword.internal.KeywordExecutor.executeKeywordForPlatform(KeywordExecutor.groovy:74)
	at com.kms.katalon.core.webui.keyword.WebUiBuiltInKeywords.verifyElementPresent(WebUiBuiltInKeywords.groovy:1464)
	at com.kms.katalon.core.webui.keyword.WebUiBuiltInKeywords$verifyElementPresent$5.call(Unknown Source)
	at Post an idea.run(Post an idea:66)
	at com.kms.katalon.core.main.ScriptEngine.run(ScriptEngine.java:194)
	at com.kms.katalon.core.main.ScriptEngine.runScriptAsRawText(ScriptEngine.java:119)
	at com.kms.katalon.core.main.TestCaseExecutor.runScript(TestCaseExecutor.java:448)
	at com.kms.katalon.core.main.TestCaseExecutor.doExecute(TestCaseExecutor.java:439)
	at com.kms.katalon.core.main.TestCaseExecutor.processExecutionPhase(TestCaseExecutor.java:418)
	at com.kms.katalon.core.main.TestCaseExecutor.accessMainPhase(TestCaseExecutor.java:410)
	at com.kms.katalon.core.main.TestCaseExecutor.execute(TestCaseExecutor.java:285)
	at com.kms.katalon.core.common.CommonExecutor.accessTestCaseMainPhase(CommonExecutor.java:65)
	at com.kms.katalon.core.main.TestSuiteExecutor.accessTestSuiteMainPhase(TestSuiteExecutor.java:148)
	at com.kms.katalon.core.main.TestSuiteExecutor.execute(TestSuiteExecutor.java:106)
	at com.kms.katalon.core.main.TestCaseMain.startTestSuite(TestCaseMain.java:187)
	at com.kms.katalon.core.main.TestCaseMain$startTestSuite$0.call(Unknown Source)
	at TempTestSuite1693042649475.run(TempTestSuite1693042649475.groovy:36)
Caused by: com.kms.katalon.core.exception.StepFailedException: com.kms.katalon.core.webui.exception.WebElementNotFoundException: Web element with id: 'Object Repository/span_Submitted' located by '//div[@id='4:492;a']/div/div/div[2]/div/div[2]/span/span' not found
	at com.kms.katalon.core.webui.keyword.internal.WebUIKeywordMain.stepFailed(WebUIKeywordMain.groovy:64)
	at com.kms.katalon.core.webui.keyword.builtin.VerifyElementPresentKeyword$_verifyElementPresent_closure1.doCall(VerifyElementPresentKeyword.groovy:85)
	at com.kms.katalon.core.webui.keyword.builtin.VerifyElementPresentKeyword$_verifyElementPresent_closure1.call(VerifyElementPresentKeyword.groovy)
	at com.kms.katalon.core.webui.keyword.internal.WebUIKeywordMain.runKeyword(WebUIKeywordMain.groovy:20)
	... 19 more]]></system-out>
      <system-err><![CDATA[2023-08-26 16:37:56 - [TEST_SUITE][FAILED] - TS2 - Post an idea: Test Cases/Post an idea FAILED.
Reason:
com.kms.katalon.core.exception.StepFailedException: Unable to verify object 'Object Repository/span_Submitted' is present
	at com.kms.katalon.core.webui.keyword.internal.WebUIKeywordMain.stepFailed(WebUIKeywordMain.groovy:64)
	at com.kms.katalon.core.webui.keyword.internal.WebUIKeywordMain.runKeyword(WebUIKeywordMain.groovy:26)
	at com.kms.katalon.core.webui.keyword.builtin.VerifyElementPresentKeyword.verifyElementPresent(VerifyElementPresentKeyword.groovy:92)
	at com.kms.katalon.core.webui.keyword.builtin.VerifyElementPresentKeyword.execute(VerifyElementPresentKeyword.groovy:68)
	at com.kms.katalon.core.keyword.internal.KeywordExecutor.executeKeywordForPlatform(KeywordExecutor.groovy:74)
	at com.kms.katalon.core.webui.keyword.WebUiBuiltInKeywords.verifyElementPresent(WebUiBuiltInKeywords.groovy:1464)
	at com.kms.katalon.core.webui.keyword.WebUiBuiltInKeywords$verifyElementPresent$5.call(Unknown Source)
	at Post an idea.run(Post an idea:66)
	at com.kms.katalon.core.main.ScriptEngine.run(ScriptEngine.java:194)
	at com.kms.katalon.core.main.ScriptEngine.runScriptAsRawText(ScriptEngine.java:119)
	at com.kms.katalon.core.main.TestCaseExecutor.runScript(TestCaseExecutor.java:448)
	at com.kms.katalon.core.main.TestCaseExecutor.doExecute(TestCaseExecutor.java:439)
	at com.kms.katalon.core.main.TestCaseExecutor.processExecutionPhase(TestCaseExecutor.java:418)
	at com.kms.katalon.core.main.TestCaseExecutor.accessMainPhase(TestCaseExecutor.java:410)
	at com.kms.katalon.core.main.TestCaseExecutor.execute(TestCaseExecutor.java:285)
	at com.kms.katalon.core.common.CommonExecutor.accessTestCaseMainPhase(CommonExecutor.java:65)
	at com.kms.katalon.core.main.TestSuiteExecutor.accessTestSuiteMainPhase(TestSuiteExecutor.java:148)
	at com.kms.katalon.core.main.TestSuiteExecutor.execute(TestSuiteExecutor.java:106)
	at com.kms.katalon.core.main.TestCaseMain.startTestSuite(TestCaseMain.java:187)
	at com.kms.katalon.core.main.TestCaseMain$startTestSuite$0.call(Unknown Source)
	at TempTestSuite1693042649475.run(TempTestSuite1693042649475.groovy:36)
Caused by: com.kms.katalon.core.exception.StepFailedException: com.kms.katalon.core.webui.exception.WebElementNotFoundException: Web element with id: 'Object Repository/span_Submitted' located by '//div[@id='4:492;a']/div/div/div[2]/div/div[2]/span/span' not found
	at com.kms.katalon.core.webui.keyword.internal.WebUIKeywordMain.stepFailed(WebUIKeywordMain.groovy:64)
	at com.kms.katalon.core.webui.keyword.builtin.VerifyElementPresentKeyword$_verifyElementPresent_closure1.doCall(VerifyElementPresentKeyword.groovy:85)
	at com.kms.katalon.core.webui.keyword.builtin.VerifyElementPresentKeyword$_verifyElementPresent_closure1.call(VerifyElementPresentKeyword.groovy)
	at com.kms.katalon.core.webui.keyword.internal.WebUIKeywordMain.runKeyword(WebUIKeywordMain.groovy:20)
	... 19 more]]></system-err>
   </testsuite>
   <testsuite name="TS1 - Without Login vs Login" tests="2" failures="1" errors="0" time="418.658" skipped="0" timestamp="2023-08-26 16:38:07" hostname="quan.trinh - 192.168.0.22" id="Test Suites/TS1 - Without Login vs Login">
      <properties>
         <property name="deviceName" value=""/>
         <property name="devicePlatform" value=""/>
         <property name="logFolder" value="/Users/quan.trinh/git/ideaexchangetest/Reports/20230826_163724/TS1 - Without Login vs Login/20230826_163731"/>
         <property name="logFiles" value="/Users/quan.trinh/git/ideaexchangetest/Reports/20230826_163724/TS1 - Without Login vs Login/20230826_163731/execution0.log"/>
         <property name="attachments" value="/Users/quan.trinh/git/ideaexchangetest/Reports/20230826_163724/TS1 - Without Login vs Login/20230826_163731/1693042773951.png, /Users/quan.trinh/git/ideaexchangetest/Reports/20230826_163724/TS1 - Without Login vs Login/20230826_163731/1693042774423.png, /Users/quan.trinh/git/ideaexchangetest/Reports/20230826_163724/TS1 - Without Login vs Login/20230826_163731/1693042844403.png, /Users/quan.trinh/git/ideaexchangetest/Reports/20230826_163724/TS1 - Without Login vs Login/20230826_163731/1693042844852.png, /Users/quan.trinh/git/ideaexchangetest/Reports/20230826_163724/TS1 - Without Login vs Login/20230826_163731/1693042915614.png, /Users/quan.trinh/git/ideaexchangetest/Reports/20230826_163724/TS1 - Without Login vs Login/20230826_163731/1693042916059.png, /Users/quan.trinh/git/ideaexchangetest/Reports/20230826_163724/TS1 - Without Login vs Login/20230826_163731/1693042995806.png, /Users/quan.trinh/git/ideaexchangetest/Reports/20230826_163724/TS1 - Without Login vs Login/20230826_163731/1693042996285.png"/>
         <property name="hostName" value="quan.trinh - 192.168.0.22"/>
         <property name="os" value="Mac OS X 64bit"/>
         <property name="katalonVersion" value="8.6.5.208"/>
         <property name="browser" value="Chrome 106.0.0.0"/>
         <property name="hostAddress" value="192.168.0.23"/>
         <property name="sessionId" value="f23cc45f09a9a8ad01dadffc553c21c5"/>
         <property name="seleniumVersion" value="3.141.59"/>
         <property name="proxyInformation" value="ProxyInformation { proxyOption=NO_PROXY, proxyServerType=HTTP, username=, password=********, proxyServerAddress=, proxyServerPort=0, executionList=&quot;&quot;, isApplyToDesiredCapabilities=true }"/>
         <property name="platform" value="Mac OS X"/>
      </properties>
      <testcase name="Test Cases/User without login" time="80.246" classname="Test Cases/User without login" status="FAILED">
         <failure type="FAILED" message="Test Cases/User without login FAILED.
Reason:
com.kms.katalon.core.exception.StepFailedException: Verify element text of test object 'Object Repository/p_Hello there' FAILED.
	at com.kms.katalon.core.webui.keyword.internal.WebUIKeywordMain.stepFailed(WebUIKeywordMain.groovy:64)
	at com.kms.katalon.core.webui.keyword.internal.WebUIKeywordMain.runKeyword(WebUIKeywordMain.groovy:26)
	at com.kms.katalon.core.webui.keyword.builtin.VerifyElementTextKeyword.verifyElementText(VerifyElementTextKeyword.groovy:72)
	at com.kms.katalon.core.webui.keyword.builtin.VerifyElementTextKeyword.execute(VerifyElementTextKeyword.groovy:40)
	at com.kms.katalon.core.keyword.internal.KeywordExecutor.executeKeywordForPlatform(KeywordExecutor.groovy:74)
	at com.kms.katalon.core.webui.keyword.WebUiBuiltInKeywords.verifyElementText(WebUiBuiltInKeywords.groovy:4749)
	at com.kms.katalon.core.webui.keyword.WebUiBuiltInKeywords$verifyElementText$2.call(Unknown Source)
	at User without login.run(User without login:26)
	at com.kms.katalon.core.main.ScriptEngine.run(ScriptEngine.java:194)
	at com.kms.katalon.core.main.ScriptEngine.runScriptAsRawText(ScriptEngine.java:119)
	at com.kms.katalon.core.main.TestCaseExecutor.runScript(TestCaseExecutor.java:448)
	at com.kms.katalon.core.main.TestCaseExecutor.doExecute(TestCaseExecutor.java:439)
	at com.kms.katalon.core.main.TestCaseExecutor.processExecutionPhase(TestCaseExecutor.java:418)
	at com.kms.katalon.core.main.TestCaseExecutor.accessMainPhase(TestCaseExecutor.java:410)
	at com.kms.katalon.core.main.TestCaseExecutor.execute(TestCaseExecutor.java:285)
	at com.kms.katalon.core.main.TestCaseExecutor.execute(TestCaseExecutor.java:369)
	at com.kms.katalon.core.main.TestCaseExecutor.execute(TestCaseExecutor.java:369)
	at com.kms.katalon.core.main.TestCaseExecutor.execute(TestCaseExecutor.java:369)
	at com.kms.katalon.core.common.CommonExecutor.accessTestCaseMainPhase(CommonExecutor.java:65)
	at com.kms.katalon.core.main.TestSuiteExecutor.accessTestSuiteMainPhase(TestSuiteExecutor.java:148)
	at com.kms.katalon.core.main.TestSuiteExecutor.execute(TestSuiteExecutor.java:106)
	at com.kms.katalon.core.main.TestCaseMain.startTestSuite(TestCaseMain.java:187)
	at com.kms.katalon.core.main.TestCaseMain$startTestSuite$0.call(Unknown Source)
	at TempTestSuite1693042651019.run(TempTestSuite1693042651019.groovy:36)
Caused by: com.kms.katalon.core.exception.StepFailedException: Actual text '                                  You got any questions about the ideaExchange? We have available answer below.' and expected text 'Hello there!' of test object 'Object Repository/p_Hello there' are NOT matched.
	at com.kms.katalon.core.webui.keyword.internal.WebUIKeywordMain.stepFailed(WebUIKeywordMain.groovy:64)
	at com.kms.katalon.core.webui.keyword.builtin.VerifyElementTextKeyword$_verifyElementText_closure1.doCall(VerifyElementTextKeyword.groovy:57)
	at com.kms.katalon.core.webui.keyword.builtin.VerifyElementTextKeyword$_verifyElementText_closure1.call(VerifyElementTextKeyword.groovy)
	at com.kms.katalon.core.webui.keyword.internal.WebUIKeywordMain.runKeyword(WebUIKeywordMain.groovy:20)
	... 22 more
"/>
         <system-out><![CDATA[2023-08-26 16:41:56 - [TEST_CASE][FAILED] - Test Cases/User without login: Test Cases/User without login FAILED.
Reason:
com.kms.katalon.core.exception.StepFailedException: Verify element text of test object 'Object Repository/p_Hello there' FAILED.
	at com.kms.katalon.core.webui.keyword.internal.WebUIKeywordMain.stepFailed(WebUIKeywordMain.groovy:64)
	at com.kms.katalon.core.webui.keyword.internal.WebUIKeywordMain.runKeyword(WebUIKeywordMain.groovy:26)
	at com.kms.katalon.core.webui.keyword.builtin.VerifyElementTextKeyword.verifyElementText(VerifyElementTextKeyword.groovy:72)
	at com.kms.katalon.core.webui.keyword.builtin.VerifyElementTextKeyword.execute(VerifyElementTextKeyword.groovy:40)
	at com.kms.katalon.core.keyword.internal.KeywordExecutor.executeKeywordForPlatform(KeywordExecutor.groovy:74)
	at com.kms.katalon.core.webui.keyword.WebUiBuiltInKeywords.verifyElementText(WebUiBuiltInKeywords.groovy:4749)
	at com.kms.katalon.core.webui.keyword.WebUiBuiltInKeywords$verifyElementText$2.call(Unknown Source)
	at User without login.run(User without login:26)
	at com.kms.katalon.core.main.ScriptEngine.run(ScriptEngine.java:194)
	at com.kms.katalon.core.main.ScriptEngine.runScriptAsRawText(ScriptEngine.java:119)
	at com.kms.katalon.core.main.TestCaseExecutor.runScript(TestCaseExecutor.java:448)
	at com.kms.katalon.core.main.TestCaseExecutor.doExecute(TestCaseExecutor.java:439)
	at com.kms.katalon.core.main.TestCaseExecutor.processExecutionPhase(TestCaseExecutor.java:418)
	at com.kms.katalon.core.main.TestCaseExecutor.accessMainPhase(TestCaseExecutor.java:410)
	at com.kms.katalon.core.main.TestCaseExecutor.execute(TestCaseExecutor.java:285)
	at com.kms.katalon.core.main.TestCaseExecutor.execute(TestCaseExecutor.java:369)
	at com.kms.katalon.core.main.TestCaseExecutor.execute(TestCaseExecutor.java:369)
	at com.kms.katalon.core.main.TestCaseExecutor.execute(TestCaseExecutor.java:369)
	at com.kms.katalon.core.common.CommonExecutor.accessTestCaseMainPhase(CommonExecutor.java:65)
	at com.kms.katalon.core.main.TestSuiteExecutor.accessTestSuiteMainPhase(TestSuiteExecutor.java:148)
	at com.kms.katalon.core.main.TestSuiteExecutor.execute(TestSuiteExecutor.java:106)
	at com.kms.katalon.core.main.TestCaseMain.startTestSuite(TestCaseMain.java:187)
	at com.kms.katalon.core.main.TestCaseMain$startTestSuite$0.call(Unknown Source)
	at TempTestSuite1693042651019.run(TempTestSuite1693042651019.groovy:36)
Caused by: com.kms.katalon.core.exception.StepFailedException: Actual text '                                  You got any questions about the ideaExchange? We have available answer below.' and expected text 'Hello there!' of test object 'Object Repository/p_Hello there' are NOT matched.
	at com.kms.katalon.core.webui.keyword.internal.WebUIKeywordMain.stepFailed(WebUIKeywordMain.groovy:64)
	at com.kms.katalon.core.webui.keyword.builtin.VerifyElementTextKeyword$_verifyElementText_closure1.doCall(VerifyElementTextKeyword.groovy:57)
	at com.kms.katalon.core.webui.keyword.builtin.VerifyElementTextKeyword$_verifyElementText_closure1.call(VerifyElementTextKeyword.groovy)
	at com.kms.katalon.core.webui.keyword.internal.WebUIKeywordMain.runKeyword(WebUIKeywordMain.groovy:20)
	... 22 more


2023-08-26 16:41:56 - [TEST_STEP][PASSED] - Start listener action : enableSauceLabs: [SAUCELABS] Saucelabs Plugin will not attempt to auto update job status and information !

2023-08-26 16:41:56 - [MESSAGE][INFO] - [SAUCELABS] Current run configuration: Chrome

2023-08-26 16:41:56 - [MESSAGE][INFO] - [SAUCELABS] Saucelabs Plugin will not attempt to auto update job status and information !

2023-08-26 16:41:56 - [TEST_STEP][PASSED] - openBrowser(""): Browser is opened with url: ''

2023-08-26 16:41:56 - [MESSAGE][WARNING] - A browser is already opened. Closing browser and opening a new one

2023-08-26 16:41:56 - [MESSAGE][INFO] - Starting 'Chrome' driver

2023-08-26 16:41:56 - [MESSAGE][INFO] - Action delay is set to 0 milliseconds

2023-08-26 16:41:58 - [MESSAGE][PASSED] - Browser is opened with url: ''

2023-08-26 16:41:58 - [TEST_STEP][PASSED] - navigateToUrl("https://katalon-inc--sc.sandbox.my.site.com/katalonhelpcenter/s/ideas"): Navigate to 'https://katalon-inc--sc.sandbox.my.site.com/katalonhelpcenter/s/ideas' successfully

2023-08-26 16:42:12 - [MESSAGE][PASSED] - Navigate to 'https://katalon-inc--sc.sandbox.my.site.com/katalonhelpcenter/s/ideas' successfully

2023-08-26 16:42:12 - [TEST_STEP][PASSED] - click(findTestObject("Object Repository/span_Post Ideas")): Object: 'Object Repository/span_Post Ideas' is clicked on

2023-08-26 16:42:43 - [MESSAGE][INFO] - Unable to find the element located by 'By.xpath: (.//*[normalize-space(text()) and normalize-space(.)='My Ideas'])[1]/following::span[2]'. Please recheck the objects properties to make sure the desired element is located. 

2023-08-26 16:42:43 - [MESSAGE][WARNING] - [SELF-HEALING] Failed to find element with id 'Object Repository/span_Post Ideas'. Try using Self-healing.

2023-08-26 16:42:43 - [MESSAGE][WARNING] - [SELF-HEALING] The current locator of test object 'Object Repository/span_Post Ideas' was broken. Propose an alternative one: '(.//*[normalize-space(text()) and normalize-space(.)='All Ideas'])[1]/following::span[4]'.

2023-08-26 16:42:44 - [MESSAGE][PASSED] - Object: 'Object Repository/span_Post Ideas' is clicked on

2023-08-26 16:42:44 - [TEST_STEP][FAILED] - verifyElementText(findTestObject("Object Repository/p_Hello there"), "Hello there!"): Verify element text of test object 'Object Repository/p_Hello there' FAILED. (Root cause: com.kms.katalon.core.exception.StepFailedException: Verify element text of test object 'Object Repository/p_Hello there' FAILED.
	at com.kms.katalon.core.webui.keyword.internal.WebUIKeywordMain.stepFailed(WebUIKeywordMain.groovy:64)
	at com.kms.katalon.core.webui.keyword.internal.WebUIKeywordMain.runKeyword(WebUIKeywordMain.groovy:26)
	at com.kms.katalon.core.webui.keyword.builtin.VerifyElementTextKeyword.verifyElementText(VerifyElementTextKeyword.groovy:72)
	at com.kms.katalon.core.webui.keyword.builtin.VerifyElementTextKeyword.execute(VerifyElementTextKeyword.groovy:40)
	at com.kms.katalon.core.keyword.internal.KeywordExecutor.executeKeywordForPlatform(KeywordExecutor.groovy:74)
	at com.kms.katalon.core.webui.keyword.WebUiBuiltInKeywords.verifyElementText(WebUiBuiltInKeywords.groovy:4749)
	at com.kms.katalon.core.webui.keyword.WebUiBuiltInKeywords$verifyElementText$2.call(Unknown Source)
	at User without login.run(User without login:26)
	at com.kms.katalon.core.main.ScriptEngine.run(ScriptEngine.java:194)
	at com.kms.katalon.core.main.ScriptEngine.runScriptAsRawText(ScriptEngine.java:119)
	at com.kms.katalon.core.main.TestCaseExecutor.runScript(TestCaseExecutor.java:448)
	at com.kms.katalon.core.main.TestCaseExecutor.doExecute(TestCaseExecutor.java:439)
	at com.kms.katalon.core.main.TestCaseExecutor.processExecutionPhase(TestCaseExecutor.java:418)
	at com.kms.katalon.core.main.TestCaseExecutor.accessMainPhase(TestCaseExecutor.java:410)
	at com.kms.katalon.core.main.TestCaseExecutor.execute(TestCaseExecutor.java:285)
	at com.kms.katalon.core.main.TestCaseExecutor.execute(TestCaseExecutor.java:369)
	at com.kms.katalon.core.main.TestCaseExecutor.execute(TestCaseExecutor.java:369)
	at com.kms.katalon.core.main.TestCaseExecutor.execute(TestCaseExecutor.java:369)
	at com.kms.katalon.core.common.CommonExecutor.accessTestCaseMainPhase(CommonExecutor.java:65)
	at com.kms.katalon.core.main.TestSuiteExecutor.accessTestSuiteMainPhase(TestSuiteExecutor.java:148)
	at com.kms.katalon.core.main.TestSuiteExecutor.execute(TestSuiteExecutor.java:106)
	at com.kms.katalon.core.main.TestCaseMain.startTestSuite(TestCaseMain.java:187)
	at com.kms.katalon.core.main.TestCaseMain$startTestSuite$0.call(Unknown Source)
	at TempTestSuite1693042651019.run(TempTestSuite1693042651019.groovy:36)
Caused by: com.kms.katalon.core.exception.StepFailedException: Actual text '                                  You got any questions about the ideaExchange? We have available answer below.' and expected text 'Hello there!' of test object 'Object Repository/p_Hello there' are NOT matched.
	at com.kms.katalon.core.webui.keyword.internal.WebUIKeywordMain.stepFailed(WebUIKeywordMain.groovy:64)
	at com.kms.katalon.core.webui.keyword.builtin.VerifyElementTextKeyword$_verifyElementText_closure1.doCall(VerifyElementTextKeyword.groovy:57)
	at com.kms.katalon.core.webui.keyword.builtin.VerifyElementTextKeyword$_verifyElementText_closure1.call(VerifyElementTextKeyword.groovy)
	at com.kms.katalon.core.webui.keyword.internal.WebUIKeywordMain.runKeyword(WebUIKeywordMain.groovy:20)
	... 22 more
)

2023-08-26 16:43:15 - [MESSAGE][INFO] - Unable to find the element located by 'By.xpath: //section[@id='428:0']/div/div[2]/c-k-i_-post-idea-l-w-c/div/div/h1/p'. Please recheck the objects properties to make sure the desired element is located. 

2023-08-26 16:43:15 - [MESSAGE][WARNING] - [SELF-HEALING] Failed to find element with id 'Object Repository/p_Hello there'. Try using Self-healing.

2023-08-26 16:43:15 - [MESSAGE][WARNING] - [SELF-HEALING] The current locator of test object 'Object Repository/p_Hello there' was broken. Propose an alternative one: '(.//*[normalize-space(text()) and normalize-space(.)='Loading'])[2]/preceding::p[2]'.

2023-08-26 16:43:16 - [MESSAGE][FAILED] - Actual text '                                  You got any questions about the ideaExchange? We have available answer below.' and expected text 'Hello there!' of test object 'Object Repository/p_Hello there' are NOT matched. (Root cause: com.kms.katalon.core.exception.StepFailedException: Actual text '                                  You got any questions about the ideaExchange? We have available answer below.' and expected text 'Hello there!' of test object 'Object Repository/p_Hello there' are NOT matched.
	at com.kms.katalon.core.webui.keyword.internal.WebUIKeywordMain.stepFailed(WebUIKeywordMain.groovy:64)
	at com.kms.katalon.core.webui.keyword.builtin.VerifyElementTextKeyword$_verifyElementText_closure1.doCall(VerifyElementTextKeyword.groovy:57)
	at com.kms.katalon.core.webui.keyword.builtin.VerifyElementTextKeyword$_verifyElementText_closure1.call(VerifyElementTextKeyword.groovy)
	at com.kms.katalon.core.webui.keyword.internal.WebUIKeywordMain.runKeyword(WebUIKeywordMain.groovy:20)
	at com.kms.katalon.core.webui.keyword.builtin.VerifyElementTextKeyword.verifyElementText(VerifyElementTextKeyword.groovy:72)
	at com.kms.katalon.core.webui.keyword.builtin.VerifyElementTextKeyword.execute(VerifyElementTextKeyword.groovy:40)
	at com.kms.katalon.core.keyword.internal.KeywordExecutor.executeKeywordForPlatform(KeywordExecutor.groovy:74)
	at com.kms.katalon.core.webui.keyword.WebUiBuiltInKeywords.verifyElementText(WebUiBuiltInKeywords.groovy:4749)
	at com.kms.katalon.core.webui.keyword.WebUiBuiltInKeywords$verifyElementText$2.call(Unknown Source)
	at User without login.run(User without login:26)
	at com.kms.katalon.core.main.ScriptEngine.run(ScriptEngine.java:194)
	at com.kms.katalon.core.main.ScriptEngine.runScriptAsRawText(ScriptEngine.java:119)
	at com.kms.katalon.core.main.TestCaseExecutor.runScript(TestCaseExecutor.java:448)
	at com.kms.katalon.core.main.TestCaseExecutor.doExecute(TestCaseExecutor.java:439)
	at com.kms.katalon.core.main.TestCaseExecutor.processExecutionPhase(TestCaseExecutor.java:418)
	at com.kms.katalon.core.main.TestCaseExecutor.accessMainPhase(TestCaseExecutor.java:410)
	at com.kms.katalon.core.main.TestCaseExecutor.execute(TestCaseExecutor.java:285)
	at com.kms.katalon.core.main.TestCaseExecutor.execute(TestCaseExecutor.java:369)
	at com.kms.katalon.core.main.TestCaseExecutor.execute(TestCaseExecutor.java:369)
	at com.kms.katalon.core.main.TestCaseExecutor.execute(TestCaseExecutor.java:369)
	at com.kms.katalon.core.common.CommonExecutor.accessTestCaseMainPhase(CommonExecutor.java:65)
	at com.kms.katalon.core.main.TestSuiteExecutor.accessTestSuiteMainPhase(TestSuiteExecutor.java:148)
	at com.kms.katalon.core.main.TestSuiteExecutor.execute(TestSuiteExecutor.java:106)
	at com.kms.katalon.core.main.TestCaseMain.startTestSuite(TestCaseMain.java:187)
	at com.kms.katalon.core.main.TestCaseMain$startTestSuite$0.call(Unknown Source)
	at TempTestSuite1693042651019.run(TempTestSuite1693042651019.groovy:36)
)
[[ATTACHMENT|/Users/quan.trinh/git/ideaexchangetest/Reports/20230826_163724/TS1 - Without Login vs Login/20230826_163731/1693042995806.png]]

2023-08-26 16:43:16 - [MESSAGE][FAILED] - Verify element text of test object 'Object Repository/p_Hello there' FAILED. (Root cause: com.kms.katalon.core.exception.StepFailedException: Verify element text of test object 'Object Repository/p_Hello there' FAILED.
	at com.kms.katalon.core.webui.keyword.internal.WebUIKeywordMain.stepFailed(WebUIKeywordMain.groovy:64)
	at com.kms.katalon.core.webui.keyword.internal.WebUIKeywordMain.runKeyword(WebUIKeywordMain.groovy:26)
	at com.kms.katalon.core.webui.keyword.builtin.VerifyElementTextKeyword.verifyElementText(VerifyElementTextKeyword.groovy:72)
	at com.kms.katalon.core.webui.keyword.builtin.VerifyElementTextKeyword.execute(VerifyElementTextKeyword.groovy:40)
	at com.kms.katalon.core.keyword.internal.KeywordExecutor.executeKeywordForPlatform(KeywordExecutor.groovy:74)
	at com.kms.katalon.core.webui.keyword.WebUiBuiltInKeywords.verifyElementText(WebUiBuiltInKeywords.groovy:4749)
	at com.kms.katalon.core.webui.keyword.WebUiBuiltInKeywords$verifyElementText$2.call(Unknown Source)
	at User without login.run(User without login:26)
	at com.kms.katalon.core.main.ScriptEngine.run(ScriptEngine.java:194)
	at com.kms.katalon.core.main.ScriptEngine.runScriptAsRawText(ScriptEngine.java:119)
	at com.kms.katalon.core.main.TestCaseExecutor.runScript(TestCaseExecutor.java:448)
	at com.kms.katalon.core.main.TestCaseExecutor.doExecute(TestCaseExecutor.java:439)
	at com.kms.katalon.core.main.TestCaseExecutor.processExecutionPhase(TestCaseExecutor.java:418)
	at com.kms.katalon.core.main.TestCaseExecutor.accessMainPhase(TestCaseExecutor.java:410)
	at com.kms.katalon.core.main.TestCaseExecutor.execute(TestCaseExecutor.java:285)
	at com.kms.katalon.core.main.TestCaseExecutor.execute(TestCaseExecutor.java:369)
	at com.kms.katalon.core.main.TestCaseExecutor.execute(TestCaseExecutor.java:369)
	at com.kms.katalon.core.main.TestCaseExecutor.execute(TestCaseExecutor.java:369)
	at com.kms.katalon.core.common.CommonExecutor.accessTestCaseMainPhase(CommonExecutor.java:65)
	at com.kms.katalon.core.main.TestSuiteExecutor.accessTestSuiteMainPhase(TestSuiteExecutor.java:148)
	at com.kms.katalon.core.main.TestSuiteExecutor.execute(TestSuiteExecutor.java:106)
	at com.kms.katalon.core.main.TestCaseMain.startTestSuite(TestCaseMain.java:187)
	at com.kms.katalon.core.main.TestCaseMain$startTestSuite$0.call(Unknown Source)
	at TempTestSuite1693042651019.run(TempTestSuite1693042651019.groovy:36)
Caused by: com.kms.katalon.core.exception.StepFailedException: Actual text '                                  You got any questions about the ideaExchange? We have available answer below.' and expected text 'Hello there!' of test object 'Object Repository/p_Hello there' are NOT matched.
	at com.kms.katalon.core.webui.keyword.internal.WebUIKeywordMain.stepFailed(WebUIKeywordMain.groovy:64)
	at com.kms.katalon.core.webui.keyword.builtin.VerifyElementTextKeyword$_verifyElementText_closure1.doCall(VerifyElementTextKeyword.groovy:57)
	at com.kms.katalon.core.webui.keyword.builtin.VerifyElementTextKeyword$_verifyElementText_closure1.call(VerifyElementTextKeyword.groovy)
	at com.kms.katalon.core.webui.keyword.internal.WebUIKeywordMain.runKeyword(WebUIKeywordMain.groovy:20)
	... 22 more
)
[[ATTACHMENT|/Users/quan.trinh/git/ideaexchangetest/Reports/20230826_163724/TS1 - Without Login vs Login/20230826_163731/1693042996285.png]]

2023-08-26 16:43:16 - [TEST_STEP][PASSED] - Start listener action : autoUpdateJobStatus: [SAUCELABS] Current run configuration: Chrome

2023-08-26 16:43:16 - [MESSAGE][INFO] - [SAUCELABS] Current run configuration: Chrome]]></system-out>
         <system-err><![CDATA[2023-08-26 16:41:56 - [TEST_CASE][FAILED] - Test Cases/User without login: Test Cases/User without login FAILED.
Reason:
com.kms.katalon.core.exception.StepFailedException: Verify element text of test object 'Object Repository/p_Hello there' FAILED.
	at com.kms.katalon.core.webui.keyword.internal.WebUIKeywordMain.stepFailed(WebUIKeywordMain.groovy:64)
	at com.kms.katalon.core.webui.keyword.internal.WebUIKeywordMain.runKeyword(WebUIKeywordMain.groovy:26)
	at com.kms.katalon.core.webui.keyword.builtin.VerifyElementTextKeyword.verifyElementText(VerifyElementTextKeyword.groovy:72)
	at com.kms.katalon.core.webui.keyword.builtin.VerifyElementTextKeyword.execute(VerifyElementTextKeyword.groovy:40)
	at com.kms.katalon.core.keyword.internal.KeywordExecutor.executeKeywordForPlatform(KeywordExecutor.groovy:74)
	at com.kms.katalon.core.webui.keyword.WebUiBuiltInKeywords.verifyElementText(WebUiBuiltInKeywords.groovy:4749)
	at com.kms.katalon.core.webui.keyword.WebUiBuiltInKeywords$verifyElementText$2.call(Unknown Source)
	at User without login.run(User without login:26)
	at com.kms.katalon.core.main.ScriptEngine.run(ScriptEngine.java:194)
	at com.kms.katalon.core.main.ScriptEngine.runScriptAsRawText(ScriptEngine.java:119)
	at com.kms.katalon.core.main.TestCaseExecutor.runScript(TestCaseExecutor.java:448)
	at com.kms.katalon.core.main.TestCaseExecutor.doExecute(TestCaseExecutor.java:439)
	at com.kms.katalon.core.main.TestCaseExecutor.processExecutionPhase(TestCaseExecutor.java:418)
	at com.kms.katalon.core.main.TestCaseExecutor.accessMainPhase(TestCaseExecutor.java:410)
	at com.kms.katalon.core.main.TestCaseExecutor.execute(TestCaseExecutor.java:285)
	at com.kms.katalon.core.main.TestCaseExecutor.execute(TestCaseExecutor.java:369)
	at com.kms.katalon.core.main.TestCaseExecutor.execute(TestCaseExecutor.java:369)
	at com.kms.katalon.core.main.TestCaseExecutor.execute(TestCaseExecutor.java:369)
	at com.kms.katalon.core.common.CommonExecutor.accessTestCaseMainPhase(CommonExecutor.java:65)
	at com.kms.katalon.core.main.TestSuiteExecutor.accessTestSuiteMainPhase(TestSuiteExecutor.java:148)
	at com.kms.katalon.core.main.TestSuiteExecutor.execute(TestSuiteExecutor.java:106)
	at com.kms.katalon.core.main.TestCaseMain.startTestSuite(TestCaseMain.java:187)
	at com.kms.katalon.core.main.TestCaseMain$startTestSuite$0.call(Unknown Source)
	at TempTestSuite1693042651019.run(TempTestSuite1693042651019.groovy:36)
Caused by: com.kms.katalon.core.exception.StepFailedException: Actual text '                                  You got any questions about the ideaExchange? We have available answer below.' and expected text 'Hello there!' of test object 'Object Repository/p_Hello there' are NOT matched.
	at com.kms.katalon.core.webui.keyword.internal.WebUIKeywordMain.stepFailed(WebUIKeywordMain.groovy:64)
	at com.kms.katalon.core.webui.keyword.builtin.VerifyElementTextKeyword$_verifyElementText_closure1.doCall(VerifyElementTextKeyword.groovy:57)
	at com.kms.katalon.core.webui.keyword.builtin.VerifyElementTextKeyword$_verifyElementText_closure1.call(VerifyElementTextKeyword.groovy)
	at com.kms.katalon.core.webui.keyword.internal.WebUIKeywordMain.runKeyword(WebUIKeywordMain.groovy:20)
	... 22 more]]></system-err>
      </testcase>
      <testcase name="Test Cases/Login" time="109.093" classname="Test Cases/Login" status="PASSED">
         <system-out><![CDATA[2023-08-26 16:43:16 - [TEST_CASE][PASSED] - Test Cases/Login: Test Cases/Login

2023-08-26 16:43:16 - [TEST_STEP][PASSED] - Start listener action : enableSauceLabs: [SAUCELABS] Saucelabs Plugin will not attempt to auto update job status and information !

2023-08-26 16:43:16 - [MESSAGE][INFO] - [SAUCELABS] Current run configuration: Chrome

2023-08-26 16:43:16 - [MESSAGE][INFO] - [SAUCELABS] Saucelabs Plugin will not attempt to auto update job status and information !

2023-08-26 16:43:17 - [TEST_STEP][PASSED] - openBrowser(""): Browser is opened with url: ''

2023-08-26 16:43:17 - [MESSAGE][WARNING] - A browser is already opened. Closing browser and opening a new one

2023-08-26 16:43:17 - [MESSAGE][INFO] - Starting 'Chrome' driver

2023-08-26 16:43:17 - [MESSAGE][INFO] - Action delay is set to 0 milliseconds

2023-08-26 16:43:20 - [MESSAGE][PASSED] - Browser is opened with url: ''

2023-08-26 16:43:20 - [TEST_STEP][PASSED] - navigateToUrl("https://katalon-inc--sc.sandbox.my.site.com/katalonhelpcenter/s/"): Navigate to 'https://katalon-inc--sc.sandbox.my.site.com/katalonhelpcenter/s/' successfully

2023-08-26 16:43:23 - [MESSAGE][PASSED] - Navigate to 'https://katalon-inc--sc.sandbox.my.site.com/katalonhelpcenter/s/' successfully

2023-08-26 16:43:24 - [TEST_STEP][PASSED] - click(findTestObject("Object Repository/button_Log in")): Object: 'Object Repository/button_Log in' is clicked on

2023-08-26 16:43:51 - [MESSAGE][PASSED] - Object: 'Object Repository/button_Log in' is clicked on

2023-08-26 16:43:51 - [TEST_STEP][PASSED] - click(findTestObject("Object Repository/a_Katalon Account")): Object: 'Object Repository/a_Katalon Account' is clicked on

2023-08-26 16:44:17 - [MESSAGE][PASSED] - Object: 'Object Repository/a_Katalon Account' is clicked on

2023-08-26 16:44:17 - [TEST_STEP][PASSED] - setText(findTestObject("Object Repository/input_Email_email"), "user3@5wphoto.com"): Text 'user3@5wphoto.com' is set on object 'Object Repository/input_Email_email'

2023-08-26 16:44:21 - [MESSAGE][PASSED] - Text 'user3@5wphoto.com' is set on object 'Object Repository/input_Email_email'

2023-08-26 16:44:21 - [TEST_STEP][PASSED] - setEncryptedText(findTestObject("Object Repository/input_Password_password"), "SLwXyDhhPsbL49YyfNlrYA=="): Text ****** has been set on object 'Object Repository/input_Password_password'

2023-08-26 16:44:25 - [MESSAGE][PASSED] - Text ****** has been set on object 'Object Repository/input_Password_password'

2023-08-26 16:44:25 - [TEST_STEP][PASSED] - click(findTestObject("Object Repository/button_Sign In")): Object: 'Object Repository/button_Sign In' is clicked on

2023-08-26 16:44:28 - [MESSAGE][PASSED] - Object: 'Object Repository/button_Sign In' is clicked on

2023-08-26 16:44:28 - [TEST_STEP][PASSED] - delay(10): Delayed 10 second(s)

2023-08-26 16:44:38 - [MESSAGE][PASSED] - Delayed 10 second(s)

2023-08-26 16:44:38 - [TEST_STEP][PASSED] - navigateToUrl("https://katalon-inc--sc.sandbox.my.site.com/katalonhelpcenter/s/ideas"): Navigate to 'https://katalon-inc--sc.sandbox.my.site.com/katalonhelpcenter/s/ideas' successfully

2023-08-26 16:45:05 - [MESSAGE][PASSED] - Navigate to 'https://katalon-inc--sc.sandbox.my.site.com/katalonhelpcenter/s/ideas' successfully

2023-08-26 16:45:05 - [TEST_STEP][PASSED] - Start listener action : autoUpdateJobStatus: [SAUCELABS] Current run configuration: Chrome

2023-08-26 16:45:05 - [MESSAGE][INFO] - [SAUCELABS] Current run configuration: Chrome]]></system-out>
         <system-err><![CDATA[]]></system-err>
      </testcase>
      <system-out><![CDATA[2023-08-26 16:38:07 - [TEST_SUITE][FAILED] - TS1 - Without Login vs Login: Test Cases/User without login FAILED.
Reason:
com.kms.katalon.core.exception.StepFailedException: Verify element text of test object 'Object Repository/p_Hello there' FAILED.
	at com.kms.katalon.core.webui.keyword.internal.WebUIKeywordMain.stepFailed(WebUIKeywordMain.groovy:64)
	at com.kms.katalon.core.webui.keyword.internal.WebUIKeywordMain.runKeyword(WebUIKeywordMain.groovy:26)
	at com.kms.katalon.core.webui.keyword.builtin.VerifyElementTextKeyword.verifyElementText(VerifyElementTextKeyword.groovy:72)
	at com.kms.katalon.core.webui.keyword.builtin.VerifyElementTextKeyword.execute(VerifyElementTextKeyword.groovy:40)
	at com.kms.katalon.core.keyword.internal.KeywordExecutor.executeKeywordForPlatform(KeywordExecutor.groovy:74)
	at com.kms.katalon.core.webui.keyword.WebUiBuiltInKeywords.verifyElementText(WebUiBuiltInKeywords.groovy:4749)
	at com.kms.katalon.core.webui.keyword.WebUiBuiltInKeywords$verifyElementText$2.call(Unknown Source)
	at User without login.run(User without login:26)
	at com.kms.katalon.core.main.ScriptEngine.run(ScriptEngine.java:194)
	at com.kms.katalon.core.main.ScriptEngine.runScriptAsRawText(ScriptEngine.java:119)
	at com.kms.katalon.core.main.TestCaseExecutor.runScript(TestCaseExecutor.java:448)
	at com.kms.katalon.core.main.TestCaseExecutor.doExecute(TestCaseExecutor.java:439)
	at com.kms.katalon.core.main.TestCaseExecutor.processExecutionPhase(TestCaseExecutor.java:418)
	at com.kms.katalon.core.main.TestCaseExecutor.accessMainPhase(TestCaseExecutor.java:410)
	at com.kms.katalon.core.main.TestCaseExecutor.execute(TestCaseExecutor.java:285)
	at com.kms.katalon.core.common.CommonExecutor.accessTestCaseMainPhase(CommonExecutor.java:65)
	at com.kms.katalon.core.main.TestSuiteExecutor.accessTestSuiteMainPhase(TestSuiteExecutor.java:148)
	at com.kms.katalon.core.main.TestSuiteExecutor.execute(TestSuiteExecutor.java:106)
	at com.kms.katalon.core.main.TestCaseMain.startTestSuite(TestCaseMain.java:187)
	at com.kms.katalon.core.main.TestCaseMain$startTestSuite$0.call(Unknown Source)
	at TempTestSuite1693042651019.run(TempTestSuite1693042651019.groovy:36)
Caused by: com.kms.katalon.core.exception.StepFailedException: Actual text '                                  You got any questions about the ideaExchange? We have available answer below.' and expected text 'Hello there!' of test object 'Object Repository/p_Hello there' are NOT matched.
	at com.kms.katalon.core.webui.keyword.internal.WebUIKeywordMain.stepFailed(WebUIKeywordMain.groovy:64)
	at com.kms.katalon.core.webui.keyword.builtin.VerifyElementTextKeyword$_verifyElementText_closure1.doCall(VerifyElementTextKeyword.groovy:57)
	at com.kms.katalon.core.webui.keyword.builtin.VerifyElementTextKeyword$_verifyElementText_closure1.call(VerifyElementTextKeyword.groovy)
	at com.kms.katalon.core.webui.keyword.internal.WebUIKeywordMain.runKeyword(WebUIKeywordMain.groovy:20)
	... 19 more]]></system-out>
      <system-err><![CDATA[2023-08-26 16:38:07 - [TEST_SUITE][FAILED] - TS1 - Without Login vs Login: Test Cases/User without login FAILED.
Reason:
com.kms.katalon.core.exception.StepFailedException: Verify element text of test object 'Object Repository/p_Hello there' FAILED.
	at com.kms.katalon.core.webui.keyword.internal.WebUIKeywordMain.stepFailed(WebUIKeywordMain.groovy:64)
	at com.kms.katalon.core.webui.keyword.internal.WebUIKeywordMain.runKeyword(WebUIKeywordMain.groovy:26)
	at com.kms.katalon.core.webui.keyword.builtin.VerifyElementTextKeyword.verifyElementText(VerifyElementTextKeyword.groovy:72)
	at com.kms.katalon.core.webui.keyword.builtin.VerifyElementTextKeyword.execute(VerifyElementTextKeyword.groovy:40)
	at com.kms.katalon.core.keyword.internal.KeywordExecutor.executeKeywordForPlatform(KeywordExecutor.groovy:74)
	at com.kms.katalon.core.webui.keyword.WebUiBuiltInKeywords.verifyElementText(WebUiBuiltInKeywords.groovy:4749)
	at com.kms.katalon.core.webui.keyword.WebUiBuiltInKeywords$verifyElementText$2.call(Unknown Source)
	at User without login.run(User without login:26)
	at com.kms.katalon.core.main.ScriptEngine.run(ScriptEngine.java:194)
	at com.kms.katalon.core.main.ScriptEngine.runScriptAsRawText(ScriptEngine.java:119)
	at com.kms.katalon.core.main.TestCaseExecutor.runScript(TestCaseExecutor.java:448)
	at com.kms.katalon.core.main.TestCaseExecutor.doExecute(TestCaseExecutor.java:439)
	at com.kms.katalon.core.main.TestCaseExecutor.processExecutionPhase(TestCaseExecutor.java:418)
	at com.kms.katalon.core.main.TestCaseExecutor.accessMainPhase(TestCaseExecutor.java:410)
	at com.kms.katalon.core.main.TestCaseExecutor.execute(TestCaseExecutor.java:285)
	at com.kms.katalon.core.common.CommonExecutor.accessTestCaseMainPhase(CommonExecutor.java:65)
	at com.kms.katalon.core.main.TestSuiteExecutor.accessTestSuiteMainPhase(TestSuiteExecutor.java:148)
	at com.kms.katalon.core.main.TestSuiteExecutor.execute(TestSuiteExecutor.java:106)
	at com.kms.katalon.core.main.TestCaseMain.startTestSuite(TestCaseMain.java:187)
	at com.kms.katalon.core.main.TestCaseMain$startTestSuite$0.call(Unknown Source)
	at TempTestSuite1693042651019.run(TempTestSuite1693042651019.groovy:36)
Caused by: com.kms.katalon.core.exception.StepFailedException: Actual text '                                  You got any questions about the ideaExchange? We have available answer below.' and expected text 'Hello there!' of test object 'Object Repository/p_Hello there' are NOT matched.
	at com.kms.katalon.core.webui.keyword.internal.WebUIKeywordMain.stepFailed(WebUIKeywordMain.groovy:64)
	at com.kms.katalon.core.webui.keyword.builtin.VerifyElementTextKeyword$_verifyElementText_closure1.doCall(VerifyElementTextKeyword.groovy:57)
	at com.kms.katalon.core.webui.keyword.builtin.VerifyElementTextKeyword$_verifyElementText_closure1.call(VerifyElementTextKeyword.groovy)
	at com.kms.katalon.core.webui.keyword.internal.WebUIKeywordMain.runKeyword(WebUIKeywordMain.groovy:20)
	... 19 more]]></system-err>
   </testsuite>
</testsuites>
