<?xml version="1.0" encoding="UTF-8"?>
<testsuites name="TS2 - Post an idea" time="641.531" tests="2" failures="1" errors="0">
   <testsuite name="TS2 - Post an idea" tests="2" failures="1" errors="0" time="641.531" skipped="0" timestamp="2023-08-26 16:37:35" hostname="quan.trinh - 192.168.0.22" id="Test Suites/TS2 - Post an idea">
      <properties>
         <property name="deviceName" value=""/>
         <property name="devicePlatform" value=""/>
         <property name="logFolder" value="/Users/quan.trinh/git/ideaexchangetest/Reports/20230826_163724/TS2 - Post an idea/20230826_163725"/>
         <property name="logFiles" value="/Users/quan.trinh/git/ideaexchangetest/Reports/20230826_163724/TS2 - Post an idea/20230826_163725/execution0.log"/>
         <property name="attachments" value="/Users/quan.trinh/git/ideaexchangetest/Reports/20230826_163724/TS2 - Post an idea/20230826_163725/1693042890104.png, /Users/quan.trinh/git/ideaexchangetest/Reports/20230826_163724/TS2 - Post an idea/20230826_163725/1693042890658.png, /Users/quan.trinh/git/ideaexchangetest/Reports/20230826_163724/TS2 - Post an idea/20230826_163725/1693043030807.png, /Users/quan.trinh/git/ideaexchangetest/Reports/20230826_163724/TS2 - Post an idea/20230826_163725/1693043031284.png, /Users/quan.trinh/git/ideaexchangetest/Reports/20230826_163724/TS2 - Post an idea/20230826_163725/1693043173373.png, /Users/quan.trinh/git/ideaexchangetest/Reports/20230826_163724/TS2 - Post an idea/20230826_163725/1693043173783.png, /Users/quan.trinh/git/ideaexchangetest/Reports/20230826_163724/TS2 - Post an idea/20230826_163725/1693043296260.png, /Users/quan.trinh/git/ideaexchangetest/Reports/20230826_163724/TS2 - Post an idea/20230826_163725/1693043296713.png"/>
         <property name="hostName" value="quan.trinh - 192.168.0.22"/>
         <property name="os" value="Mac OS X 64bit"/>
         <property name="katalonVersion" value="8.6.5.208"/>
         <property name="browser" value="Chrome 106.0.0.0"/>
         <property name="hostAddress" value="192.168.0.23"/>
         <property name="sessionId" value="03071aae8f92ffb6f6958f7159687ec0"/>
         <property name="seleniumVersion" value="3.141.59"/>
         <property name="proxyInformation" value="ProxyInformation { proxyOption=NO_PROXY, proxyServerType=HTTP, username=, password=********, proxyServerAddress=, proxyServerPort=0, executionList=&quot;&quot;, isApplyToDesiredCapabilities=true }"/>
         <property name="platform" value="Mac OS X"/>
      </properties>
      <testcase name="Test Cases/Login" time="90.281" classname="Test Cases/Login" status="PASSED">
         <system-out><![CDATA[2023-08-26 16:37:35 - [TEST_CASE][PASSED] - Test Cases/Login: Test Cases/Login

2023-08-26 16:37:36 - [TEST_STEP][PASSED] - Start listener action : enableSauceLabs: [SAUCELABS] Saucelabs Plugin will not attempt to auto update job status and information !

2023-08-26 16:37:36 - [MESSAGE][INFO] - [SAUCELABS] Current run configuration: Chrome

2023-08-26 16:37:36 - [MESSAGE][INFO] - [SAUCELABS] Saucelabs Plugin will not attempt to auto update job status and information !

2023-08-26 16:37:36 - [TEST_STEP][PASSED] - openBrowser(""): Browser is opened with url: ''

2023-08-26 16:37:36 - [MESSAGE][INFO] - Starting 'Chrome' driver

2023-08-26 16:37:36 - [MESSAGE][INFO] - Action delay is set to 0 milliseconds

2023-08-26 16:37:40 - [MESSAGE][PASSED] - Browser is opened with url: ''

2023-08-26 16:37:40 - [TEST_STEP][PASSED] - navigateToUrl("https://katalon-inc--sc.sandbox.my.site.com/katalonhelpcenter/s/"): Navigate to 'https://katalon-inc--sc.sandbox.my.site.com/katalonhelpcenter/s/' successfully

2023-08-26 16:37:51 - [MESSAGE][PASSED] - Navigate to 'https://katalon-inc--sc.sandbox.my.site.com/katalonhelpcenter/s/' successfully

2023-08-26 16:37:51 - [TEST_STEP][PASSED] - click(findTestObject("Object Repository/button_Log in")): Object: 'Object Repository/button_Log in' is clicked on

2023-08-26 16:38:00 - [MESSAGE][PASSED] - Object: 'Object Repository/button_Log in' is clicked on

2023-08-26 16:38:00 - [TEST_STEP][PASSED] - click(findTestObject("Object Repository/a_Katalon Account")): Object: 'Object Repository/a_Katalon Account' is clicked on

2023-08-26 16:38:31 - [MESSAGE][PASSED] - Object: 'Object Repository/a_Katalon Account' is clicked on

2023-08-26 16:38:31 - [TEST_STEP][PASSED] - setText(findTestObject("Object Repository/input_Email_email"), "user3@5wphoto.com"): Text 'user3@5wphoto.com' is set on object 'Object Repository/input_Email_email'

2023-08-26 16:38:35 - [MESSAGE][PASSED] - Text 'user3@5wphoto.com' is set on object 'Object Repository/input_Email_email'

2023-08-26 16:38:35 - [TEST_STEP][PASSED] - setEncryptedText(findTestObject("Object Repository/input_Password_password"), "SLwXyDhhPsbL49YyfNlrYA=="): Text ****** has been set on object 'Object Repository/input_Password_password'

2023-08-26 16:38:37 - [MESSAGE][PASSED] - Text ****** has been set on object 'Object Repository/input_Password_password'

2023-08-26 16:38:37 - [TEST_STEP][PASSED] - click(findTestObject("Object Repository/button_Sign In")): Object: 'Object Repository/button_Sign In' is clicked on

2023-08-26 16:38:42 - [MESSAGE][PASSED] - Object: 'Object Repository/button_Sign In' is clicked on

2023-08-26 16:38:42 - [TEST_STEP][PASSED] - delay(10): Delayed 10 second(s)

2023-08-26 16:38:52 - [MESSAGE][PASSED] - Delayed 10 second(s)

2023-08-26 16:38:52 - [TEST_STEP][PASSED] - navigateToUrl("https://katalon-inc--sc.sandbox.my.site.com/katalonhelpcenter/s/ideas"): Navigate to 'https://katalon-inc--sc.sandbox.my.site.com/katalonhelpcenter/s/ideas' successfully

2023-08-26 16:39:06 - [MESSAGE][PASSED] - Navigate to 'https://katalon-inc--sc.sandbox.my.site.com/katalonhelpcenter/s/ideas' successfully

2023-08-26 16:39:06 - [TEST_STEP][PASSED] - Start listener action : autoUpdateJobStatus: [SAUCELABS] Current run configuration: Chrome

2023-08-26 16:39:06 - [MESSAGE][INFO] - [SAUCELABS] Current run configuration: Chrome]]></system-out>
         <system-err><![CDATA[]]></system-err>
      </testcase>
      <testcase name="Test Cases/Post an idea" time="122.993" classname="Test Cases/Post an idea" status="FAILED">
         <failure type="FAILED" message="Test Cases/Post an idea FAILED.
Reason:
com.kms.katalon.core.exception.StepFailedException: Unable to verify object 'Object Repository/span_Submitted' is present
	at com.kms.katalon.core.webui.keyword.internal.WebUIKeywordMain.stepFailed(WebUIKeywordMain.groovy:64)
	at com.kms.katalon.core.webui.keyword.internal.WebUIKeywordMain.runKeyword(WebUIKeywordMain.groovy:26)
	at com.kms.katalon.core.webui.keyword.builtin.VerifyElementPresentKeyword.verifyElementPresent(VerifyElementPresentKeyword.groovy:92)
	at com.kms.katalon.core.webui.keyword.builtin.VerifyElementPresentKeyword.execute(VerifyElementPresentKeyword.groovy:68)
	at com.kms.katalon.core.keyword.internal.KeywordExecutor.executeKeywordForPlatform(KeywordExecutor.groovy:74)
	at com.kms.katalon.core.webui.keyword.WebUiBuiltInKeywords.verifyElementPresent(WebUiBuiltInKeywords.groovy:1464)
	at com.kms.katalon.core.webui.keyword.WebUiBuiltInKeywords$verifyElementPresent$5.call(Unknown Source)
	at Post an idea.run(Post an idea:66)
	at com.kms.katalon.core.main.ScriptEngine.run(ScriptEngine.java:194)
	at com.kms.katalon.core.main.ScriptEngine.runScriptAsRawText(ScriptEngine.java:119)
	at com.kms.katalon.core.main.TestCaseExecutor.runScript(TestCaseExecutor.java:448)
	at com.kms.katalon.core.main.TestCaseExecutor.doExecute(TestCaseExecutor.java:439)
	at com.kms.katalon.core.main.TestCaseExecutor.processExecutionPhase(TestCaseExecutor.java:418)
	at com.kms.katalon.core.main.TestCaseExecutor.accessMainPhase(TestCaseExecutor.java:410)
	at com.kms.katalon.core.main.TestCaseExecutor.execute(TestCaseExecutor.java:285)
	at com.kms.katalon.core.main.TestCaseExecutor.execute(TestCaseExecutor.java:369)
	at com.kms.katalon.core.main.TestCaseExecutor.execute(TestCaseExecutor.java:369)
	at com.kms.katalon.core.main.TestCaseExecutor.execute(TestCaseExecutor.java:369)
	at com.kms.katalon.core.common.CommonExecutor.accessTestCaseMainPhase(CommonExecutor.java:65)
	at com.kms.katalon.core.main.TestSuiteExecutor.accessTestSuiteMainPhase(TestSuiteExecutor.java:148)
	at com.kms.katalon.core.main.TestSuiteExecutor.execute(TestSuiteExecutor.java:106)
	at com.kms.katalon.core.main.TestCaseMain.startTestSuite(TestCaseMain.java:187)
	at com.kms.katalon.core.main.TestCaseMain$startTestSuite$0.call(Unknown Source)
	at TempTestSuite1693042645628.run(TempTestSuite1693042645628.groovy:36)
Caused by: com.kms.katalon.core.exception.StepFailedException: com.kms.katalon.core.webui.exception.WebElementNotFoundException: Web element with id: 'Object Repository/span_Submitted' located by '//div[@id='4:492;a']/div/div/div[2]/div/div[2]/span/span' not found
	at com.kms.katalon.core.webui.keyword.internal.WebUIKeywordMain.stepFailed(WebUIKeywordMain.groovy:64)
	at com.kms.katalon.core.webui.keyword.builtin.VerifyElementPresentKeyword$_verifyElementPresent_closure1.doCall(VerifyElementPresentKeyword.groovy:85)
	at com.kms.katalon.core.webui.keyword.builtin.VerifyElementPresentKeyword$_verifyElementPresent_closure1.call(VerifyElementPresentKeyword.groovy)
	at com.kms.katalon.core.webui.keyword.internal.WebUIKeywordMain.runKeyword(WebUIKeywordMain.groovy:20)
	... 22 more
"/>
         <system-out><![CDATA[2023-08-26 16:46:14 - [TEST_CASE][FAILED] - Test Cases/Post an idea: Test Cases/Post an idea FAILED.
Reason:
com.kms.katalon.core.exception.StepFailedException: Unable to verify object 'Object Repository/span_Submitted' is present
	at com.kms.katalon.core.webui.keyword.internal.WebUIKeywordMain.stepFailed(WebUIKeywordMain.groovy:64)
	at com.kms.katalon.core.webui.keyword.internal.WebUIKeywordMain.runKeyword(WebUIKeywordMain.groovy:26)
	at com.kms.katalon.core.webui.keyword.builtin.VerifyElementPresentKeyword.verifyElementPresent(VerifyElementPresentKeyword.groovy:92)
	at com.kms.katalon.core.webui.keyword.builtin.VerifyElementPresentKeyword.execute(VerifyElementPresentKeyword.groovy:68)
	at com.kms.katalon.core.keyword.internal.KeywordExecutor.executeKeywordForPlatform(KeywordExecutor.groovy:74)
	at com.kms.katalon.core.webui.keyword.WebUiBuiltInKeywords.verifyElementPresent(WebUiBuiltInKeywords.groovy:1464)
	at com.kms.katalon.core.webui.keyword.WebUiBuiltInKeywords$verifyElementPresent$5.call(Unknown Source)
	at Post an idea.run(Post an idea:66)
	at com.kms.katalon.core.main.ScriptEngine.run(ScriptEngine.java:194)
	at com.kms.katalon.core.main.ScriptEngine.runScriptAsRawText(ScriptEngine.java:119)
	at com.kms.katalon.core.main.TestCaseExecutor.runScript(TestCaseExecutor.java:448)
	at com.kms.katalon.core.main.TestCaseExecutor.doExecute(TestCaseExecutor.java:439)
	at com.kms.katalon.core.main.TestCaseExecutor.processExecutionPhase(TestCaseExecutor.java:418)
	at com.kms.katalon.core.main.TestCaseExecutor.accessMainPhase(TestCaseExecutor.java:410)
	at com.kms.katalon.core.main.TestCaseExecutor.execute(TestCaseExecutor.java:285)
	at com.kms.katalon.core.main.TestCaseExecutor.execute(TestCaseExecutor.java:369)
	at com.kms.katalon.core.main.TestCaseExecutor.execute(TestCaseExecutor.java:369)
	at com.kms.katalon.core.main.TestCaseExecutor.execute(TestCaseExecutor.java:369)
	at com.kms.katalon.core.common.CommonExecutor.accessTestCaseMainPhase(CommonExecutor.java:65)
	at com.kms.katalon.core.main.TestSuiteExecutor.accessTestSuiteMainPhase(TestSuiteExecutor.java:148)
	at com.kms.katalon.core.main.TestSuiteExecutor.execute(TestSuiteExecutor.java:106)
	at com.kms.katalon.core.main.TestCaseMain.startTestSuite(TestCaseMain.java:187)
	at com.kms.katalon.core.main.TestCaseMain$startTestSuite$0.call(Unknown Source)
	at TempTestSuite1693042645628.run(TempTestSuite1693042645628.groovy:36)
Caused by: com.kms.katalon.core.exception.StepFailedException: com.kms.katalon.core.webui.exception.WebElementNotFoundException: Web element with id: 'Object Repository/span_Submitted' located by '//div[@id='4:492;a']/div/div/div[2]/div/div[2]/span/span' not found
	at com.kms.katalon.core.webui.keyword.internal.WebUIKeywordMain.stepFailed(WebUIKeywordMain.groovy:64)
	at com.kms.katalon.core.webui.keyword.builtin.VerifyElementPresentKeyword$_verifyElementPresent_closure1.doCall(VerifyElementPresentKeyword.groovy:85)
	at com.kms.katalon.core.webui.keyword.builtin.VerifyElementPresentKeyword$_verifyElementPresent_closure1.call(VerifyElementPresentKeyword.groovy)
	at com.kms.katalon.core.webui.keyword.internal.WebUIKeywordMain.runKeyword(WebUIKeywordMain.groovy:20)
	... 22 more


2023-08-26 16:46:14 - [TEST_STEP][PASSED] - Start listener action : enableSauceLabs: [SAUCELABS] Saucelabs Plugin will not attempt to auto update job status and information !

2023-08-26 16:46:14 - [MESSAGE][INFO] - [SAUCELABS] Current run configuration: Chrome

2023-08-26 16:46:14 - [MESSAGE][INFO] - [SAUCELABS] Saucelabs Plugin will not attempt to auto update job status and information !

2023-08-26 16:46:14 - [TEST_STEP][PASSED] - openBrowser(""): Browser is opened with url: ''

2023-08-26 16:46:14 - [MESSAGE][WARNING] - A browser is already opened. Closing browser and opening a new one

2023-08-26 16:46:14 - [MESSAGE][INFO] - Starting 'Chrome' driver

2023-08-26 16:46:14 - [MESSAGE][INFO] - Action delay is set to 0 milliseconds

2023-08-26 16:46:16 - [MESSAGE][PASSED] - Browser is opened with url: ''

2023-08-26 16:46:16 - [TEST_STEP][PASSED] - navigateToUrl("https://katalon-inc--sc.sandbox.my.site.com/katalonhelpcenter/s/"): Navigate to 'https://katalon-inc--sc.sandbox.my.site.com/katalonhelpcenter/s/' successfully

2023-08-26 16:46:29 - [MESSAGE][PASSED] - Navigate to 'https://katalon-inc--sc.sandbox.my.site.com/katalonhelpcenter/s/' successfully

2023-08-26 16:46:29 - [TEST_STEP][PASSED] - click(findTestObject("Object Repository/button_Log in")): Object: 'Object Repository/button_Log in' is clicked on

2023-08-26 16:46:37 - [MESSAGE][PASSED] - Object: 'Object Repository/button_Log in' is clicked on

2023-08-26 16:46:37 - [TEST_STEP][PASSED] - click(findTestObject("Object Repository/a_Katalon Account")): Object: 'Object Repository/a_Katalon Account' is clicked on

2023-08-26 16:46:57 - [MESSAGE][PASSED] - Object: 'Object Repository/a_Katalon Account' is clicked on

2023-08-26 16:46:57 - [TEST_STEP][PASSED] - setText(findTestObject("Object Repository/input_Email_email"), "user3@5wphoto.com"): Text 'user3@5wphoto.com' is set on object 'Object Repository/input_Email_email'

2023-08-26 16:47:04 - [MESSAGE][PASSED] - Text 'user3@5wphoto.com' is set on object 'Object Repository/input_Email_email'

2023-08-26 16:47:04 - [TEST_STEP][PASSED] - setEncryptedText(findTestObject("Object Repository/input_Password_password"), "SLwXyDhhPsbL49YyfNlrYA=="): Text ****** has been set on object 'Object Repository/input_Password_password'

2023-08-26 16:47:05 - [MESSAGE][PASSED] - Text ****** has been set on object 'Object Repository/input_Password_password'

2023-08-26 16:47:05 - [TEST_STEP][PASSED] - click(findTestObject("Object Repository/button_Sign In")): Object: 'Object Repository/button_Sign In' is clicked on

2023-08-26 16:47:09 - [MESSAGE][PASSED] - Object: 'Object Repository/button_Sign In' is clicked on

2023-08-26 16:47:09 - [TEST_STEP][PASSED] - delay(15): Delayed 15 second(s)

2023-08-26 16:47:24 - [MESSAGE][PASSED] - Delayed 15 second(s)

2023-08-26 16:47:24 - [TEST_STEP][PASSED] - navigateToUrl("https://katalon-inc--sc.sandbox.my.site.com/katalonhelpcenter/s/ideas"): Navigate to 'https://katalon-inc--sc.sandbox.my.site.com/katalonhelpcenter/s/ideas' successfully

2023-08-26 16:47:39 - [MESSAGE][PASSED] - Navigate to 'https://katalon-inc--sc.sandbox.my.site.com/katalonhelpcenter/s/ideas' successfully

2023-08-26 16:47:39 - [TEST_STEP][PASSED] - click(findTestObject("Object Repository/span_Post Ideas")): Object: 'Object Repository/span_Post Ideas' is clicked on

2023-08-26 16:47:50 - [MESSAGE][PASSED] - Object: 'Object Repository/span_Post Ideas' is clicked on

2023-08-26 16:47:50 - [TEST_STEP][PASSED] - setText(findTestObject("Object Repository/input__Title"), titlepost): Text 'Quan test post idea 3
' is set on object 'Object Repository/input__Title'

2023-08-26 16:47:58 - [MESSAGE][PASSED] - Text 'Quan test post idea 3
' is set on object 'Object Repository/input__Title'

2023-08-26 16:47:58 - [TEST_STEP][PASSED] - click(findTestObject("Object Repository/button__Product")): Object: 'Object Repository/button__Product' is clicked on

2023-08-26 16:48:00 - [MESSAGE][PASSED] - Object: 'Object Repository/button__Product' is clicked on

2023-08-26 16:48:00 - [TEST_STEP][PASSED] - click(findTestObject("Object Repository/span_Cloud Studio")): Object: 'Object Repository/span_Cloud Studio' is clicked on

2023-08-26 16:48:01 - [MESSAGE][PASSED] - Object: 'Object Repository/span_Cloud Studio' is clicked on

2023-08-26 16:48:01 - [TEST_STEP][PASSED] - setText(findTestObject("Object Repository/input__TeamSize"), nomember): Text '10' is set on object 'Object Repository/input__TeamSize'

2023-08-26 16:48:02 - [MESSAGE][PASSED] - Text '10' is set on object 'Object Repository/input__TeamSize'

2023-08-26 16:48:02 - [TEST_STEP][PASSED] - setText(findTestObject("Object Repository/textarea__Description"), description): Text 'hello' is set on object 'Object Repository/textarea__Description'

2023-08-26 16:48:04 - [MESSAGE][PASSED] - Text 'hello' is set on object 'Object Repository/textarea__Description'

2023-08-26 16:48:04 - [TEST_STEP][PASSED] - setText(findTestObject("Object Repository/textarea__Question1"), description2): Text 'hello' is set on object 'Object Repository/textarea__Question1'

2023-08-26 16:48:05 - [MESSAGE][PASSED] - Text 'hello' is set on object 'Object Repository/textarea__Question1'

2023-08-26 16:48:05 - [TEST_STEP][PASSED] - setText(findTestObject("Object Repository/textarea__Question2"), description3): Text 'hello' is set on object 'Object Repository/textarea__Question2'

2023-08-26 16:48:06 - [MESSAGE][PASSED] - Text 'hello' is set on object 'Object Repository/textarea__Question2'

2023-08-26 16:48:06 - [TEST_STEP][PASSED] - verifyElementClickable(findTestObject("Object Repository/button_Post Idea")): Object 'Object Repository/button_Post Idea' is clickable

2023-08-26 16:48:06 - [MESSAGE][PASSED] - Object 'Object Repository/button_Post Idea' is clickable

2023-08-26 16:48:06 - [TEST_STEP][PASSED] - click(findTestObject("Object Repository/button_Post Idea")): Object: 'Object Repository/button_Post Idea' is clicked on

2023-08-26 16:48:07 - [MESSAGE][PASSED] - Object: 'Object Repository/button_Post Idea' is clicked on

2023-08-26 16:48:07 - [TEST_STEP][PASSED] - verifyElementClickable(findTestObject("Object Repository/button_Post")): Object 'Object Repository/button_Post' is clickable

2023-08-26 16:48:07 - [MESSAGE][PASSED] - Object 'Object Repository/button_Post' is clickable

2023-08-26 16:48:07 - [TEST_STEP][PASSED] - click(findTestObject("Object Repository/button_Post")): Object: 'Object Repository/button_Post' is clicked on

2023-08-26 16:48:08 - [MESSAGE][PASSED] - Object: 'Object Repository/button_Post' is clicked on

2023-08-26 16:48:08 - [TEST_STEP][PASSED] - verifyElementPresent(findTestObject("Object Repository/span_Your Idea Created Successfully"), 5): Object 'Object Repository/span_Your Idea Created Successfully' is present

2023-08-26 16:48:09 - [MESSAGE][PASSED] - Object 'Object Repository/span_Your Idea Created Successfully' is present

2023-08-26 16:48:09 - [TEST_STEP][PASSED] - verifyElementPresent(findTestObject("Object Repository/span_Detail"), 5): Object 'Object Repository/span_Detail' is present

2023-08-26 16:48:10 - [MESSAGE][PASSED] - Object 'Object Repository/span_Detail' is present

2023-08-26 16:48:10 - [TEST_STEP][FAILED] - verifyElementPresent(findTestObject("Object Repository/span_Submitted"), 5): Unable to verify object 'Object Repository/span_Submitted' is present (Root cause: com.kms.katalon.core.exception.StepFailedException: Unable to verify object 'Object Repository/span_Submitted' is present
	at com.kms.katalon.core.webui.keyword.internal.WebUIKeywordMain.stepFailed(WebUIKeywordMain.groovy:64)
	at com.kms.katalon.core.webui.keyword.internal.WebUIKeywordMain.runKeyword(WebUIKeywordMain.groovy:26)
	at com.kms.katalon.core.webui.keyword.builtin.VerifyElementPresentKeyword.verifyElementPresent(VerifyElementPresentKeyword.groovy:92)
	at com.kms.katalon.core.webui.keyword.builtin.VerifyElementPresentKeyword.execute(VerifyElementPresentKeyword.groovy:68)
	at com.kms.katalon.core.keyword.internal.KeywordExecutor.executeKeywordForPlatform(KeywordExecutor.groovy:74)
	at com.kms.katalon.core.webui.keyword.WebUiBuiltInKeywords.verifyElementPresent(WebUiBuiltInKeywords.groovy:1464)
	at com.kms.katalon.core.webui.keyword.WebUiBuiltInKeywords$verifyElementPresent$5.call(Unknown Source)
	at Post an idea.run(Post an idea:66)
	at com.kms.katalon.core.main.ScriptEngine.run(ScriptEngine.java:194)
	at com.kms.katalon.core.main.ScriptEngine.runScriptAsRawText(ScriptEngine.java:119)
	at com.kms.katalon.core.main.TestCaseExecutor.runScript(TestCaseExecutor.java:448)
	at com.kms.katalon.core.main.TestCaseExecutor.doExecute(TestCaseExecutor.java:439)
	at com.kms.katalon.core.main.TestCaseExecutor.processExecutionPhase(TestCaseExecutor.java:418)
	at com.kms.katalon.core.main.TestCaseExecutor.accessMainPhase(TestCaseExecutor.java:410)
	at com.kms.katalon.core.main.TestCaseExecutor.execute(TestCaseExecutor.java:285)
	at com.kms.katalon.core.main.TestCaseExecutor.execute(TestCaseExecutor.java:369)
	at com.kms.katalon.core.main.TestCaseExecutor.execute(TestCaseExecutor.java:369)
	at com.kms.katalon.core.main.TestCaseExecutor.execute(TestCaseExecutor.java:369)
	at com.kms.katalon.core.common.CommonExecutor.accessTestCaseMainPhase(CommonExecutor.java:65)
	at com.kms.katalon.core.main.TestSuiteExecutor.accessTestSuiteMainPhase(TestSuiteExecutor.java:148)
	at com.kms.katalon.core.main.TestSuiteExecutor.execute(TestSuiteExecutor.java:106)
	at com.kms.katalon.core.main.TestCaseMain.startTestSuite(TestCaseMain.java:187)
	at com.kms.katalon.core.main.TestCaseMain$startTestSuite$0.call(Unknown Source)
	at TempTestSuite1693042645628.run(TempTestSuite1693042645628.groovy:36)
Caused by: com.kms.katalon.core.exception.StepFailedException: com.kms.katalon.core.webui.exception.WebElementNotFoundException: Web element with id: 'Object Repository/span_Submitted' located by '//div[@id='4:492;a']/div/div/div[2]/div/div[2]/span/span' not found
	at com.kms.katalon.core.webui.keyword.internal.WebUIKeywordMain.stepFailed(WebUIKeywordMain.groovy:64)
	at com.kms.katalon.core.webui.keyword.builtin.VerifyElementPresentKeyword$_verifyElementPresent_closure1.doCall(VerifyElementPresentKeyword.groovy:85)
	at com.kms.katalon.core.webui.keyword.builtin.VerifyElementPresentKeyword$_verifyElementPresent_closure1.call(VerifyElementPresentKeyword.groovy)
	at com.kms.katalon.core.webui.keyword.internal.WebUIKeywordMain.runKeyword(WebUIKeywordMain.groovy:20)
	... 22 more
)

2023-08-26 16:48:16 - [MESSAGE][INFO] - Unable to find the element located by 'By.xpath: //div[@id='4:492;a']/div/div/div[2]/div/div[2]/span/span'. Please recheck the objects properties to make sure the desired element is located. 

2023-08-26 16:48:16 - [MESSAGE][FAILED] - com.kms.katalon.core.webui.exception.WebElementNotFoundException: Web element with id: 'Object Repository/span_Submitted' located by '//div[@id='4:492;a']/div/div/div[2]/div/div[2]/span/span' not found (Root cause: com.kms.katalon.core.exception.StepFailedException: com.kms.katalon.core.webui.exception.WebElementNotFoundException: Web element with id: 'Object Repository/span_Submitted' located by '//div[@id='4:492;a']/div/div/div[2]/div/div[2]/span/span' not found
	at com.kms.katalon.core.webui.keyword.internal.WebUIKeywordMain.stepFailed(WebUIKeywordMain.groovy:64)
	at com.kms.katalon.core.webui.keyword.builtin.VerifyElementPresentKeyword$_verifyElementPresent_closure1.doCall(VerifyElementPresentKeyword.groovy:85)
	at com.kms.katalon.core.webui.keyword.builtin.VerifyElementPresentKeyword$_verifyElementPresent_closure1.call(VerifyElementPresentKeyword.groovy)
	at com.kms.katalon.core.webui.keyword.internal.WebUIKeywordMain.runKeyword(WebUIKeywordMain.groovy:20)
	at com.kms.katalon.core.webui.keyword.builtin.VerifyElementPresentKeyword.verifyElementPresent(VerifyElementPresentKeyword.groovy:92)
	at com.kms.katalon.core.webui.keyword.builtin.VerifyElementPresentKeyword.execute(VerifyElementPresentKeyword.groovy:68)
	at com.kms.katalon.core.keyword.internal.KeywordExecutor.executeKeywordForPlatform(KeywordExecutor.groovy:74)
	at com.kms.katalon.core.webui.keyword.WebUiBuiltInKeywords.verifyElementPresent(WebUiBuiltInKeywords.groovy:1464)
	at com.kms.katalon.core.webui.keyword.WebUiBuiltInKeywords$verifyElementPresent$5.call(Unknown Source)
	at Post an idea.run(Post an idea:66)
	at com.kms.katalon.core.main.ScriptEngine.run(ScriptEngine.java:194)
	at com.kms.katalon.core.main.ScriptEngine.runScriptAsRawText(ScriptEngine.java:119)
	at com.kms.katalon.core.main.TestCaseExecutor.runScript(TestCaseExecutor.java:448)
	at com.kms.katalon.core.main.TestCaseExecutor.doExecute(TestCaseExecutor.java:439)
	at com.kms.katalon.core.main.TestCaseExecutor.processExecutionPhase(TestCaseExecutor.java:418)
	at com.kms.katalon.core.main.TestCaseExecutor.accessMainPhase(TestCaseExecutor.java:410)
	at com.kms.katalon.core.main.TestCaseExecutor.execute(TestCaseExecutor.java:285)
	at com.kms.katalon.core.main.TestCaseExecutor.execute(TestCaseExecutor.java:369)
	at com.kms.katalon.core.main.TestCaseExecutor.execute(TestCaseExecutor.java:369)
	at com.kms.katalon.core.main.TestCaseExecutor.execute(TestCaseExecutor.java:369)
	at com.kms.katalon.core.common.CommonExecutor.accessTestCaseMainPhase(CommonExecutor.java:65)
	at com.kms.katalon.core.main.TestSuiteExecutor.accessTestSuiteMainPhase(TestSuiteExecutor.java:148)
	at com.kms.katalon.core.main.TestSuiteExecutor.execute(TestSuiteExecutor.java:106)
	at com.kms.katalon.core.main.TestCaseMain.startTestSuite(TestCaseMain.java:187)
	at com.kms.katalon.core.main.TestCaseMain$startTestSuite$0.call(Unknown Source)
	at TempTestSuite1693042645628.run(TempTestSuite1693042645628.groovy:36)
)
[[ATTACHMENT|/Users/quan.trinh/git/ideaexchangetest/Reports/20230826_163724/TS2 - Post an idea/20230826_163725/1693043296260.png]]

2023-08-26 16:48:17 - [MESSAGE][FAILED] - Unable to verify object 'Object Repository/span_Submitted' is present (Root cause: com.kms.katalon.core.exception.StepFailedException: Unable to verify object 'Object Repository/span_Submitted' is present
	at com.kms.katalon.core.webui.keyword.internal.WebUIKeywordMain.stepFailed(WebUIKeywordMain.groovy:64)
	at com.kms.katalon.core.webui.keyword.internal.WebUIKeywordMain.runKeyword(WebUIKeywordMain.groovy:26)
	at com.kms.katalon.core.webui.keyword.builtin.VerifyElementPresentKeyword.verifyElementPresent(VerifyElementPresentKeyword.groovy:92)
	at com.kms.katalon.core.webui.keyword.builtin.VerifyElementPresentKeyword.execute(VerifyElementPresentKeyword.groovy:68)
	at com.kms.katalon.core.keyword.internal.KeywordExecutor.executeKeywordForPlatform(KeywordExecutor.groovy:74)
	at com.kms.katalon.core.webui.keyword.WebUiBuiltInKeywords.verifyElementPresent(WebUiBuiltInKeywords.groovy:1464)
	at com.kms.katalon.core.webui.keyword.WebUiBuiltInKeywords$verifyElementPresent$5.call(Unknown Source)
	at Post an idea.run(Post an idea:66)
	at com.kms.katalon.core.main.ScriptEngine.run(ScriptEngine.java:194)
	at com.kms.katalon.core.main.ScriptEngine.runScriptAsRawText(ScriptEngine.java:119)
	at com.kms.katalon.core.main.TestCaseExecutor.runScript(TestCaseExecutor.java:448)
	at com.kms.katalon.core.main.TestCaseExecutor.doExecute(TestCaseExecutor.java:439)
	at com.kms.katalon.core.main.TestCaseExecutor.processExecutionPhase(TestCaseExecutor.java:418)
	at com.kms.katalon.core.main.TestCaseExecutor.accessMainPhase(TestCaseExecutor.java:410)
	at com.kms.katalon.core.main.TestCaseExecutor.execute(TestCaseExecutor.java:285)
	at com.kms.katalon.core.main.TestCaseExecutor.execute(TestCaseExecutor.java:369)
	at com.kms.katalon.core.main.TestCaseExecutor.execute(TestCaseExecutor.java:369)
	at com.kms.katalon.core.main.TestCaseExecutor.execute(TestCaseExecutor.java:369)
	at com.kms.katalon.core.common.CommonExecutor.accessTestCaseMainPhase(CommonExecutor.java:65)
	at com.kms.katalon.core.main.TestSuiteExecutor.accessTestSuiteMainPhase(TestSuiteExecutor.java:148)
	at com.kms.katalon.core.main.TestSuiteExecutor.execute(TestSuiteExecutor.java:106)
	at com.kms.katalon.core.main.TestCaseMain.startTestSuite(TestCaseMain.java:187)
	at com.kms.katalon.core.main.TestCaseMain$startTestSuite$0.call(Unknown Source)
	at TempTestSuite1693042645628.run(TempTestSuite1693042645628.groovy:36)
Caused by: com.kms.katalon.core.exception.StepFailedException: com.kms.katalon.core.webui.exception.WebElementNotFoundException: Web element with id: 'Object Repository/span_Submitted' located by '//div[@id='4:492;a']/div/div/div[2]/div/div[2]/span/span' not found
	at com.kms.katalon.core.webui.keyword.internal.WebUIKeywordMain.stepFailed(WebUIKeywordMain.groovy:64)
	at com.kms.katalon.core.webui.keyword.builtin.VerifyElementPresentKeyword$_verifyElementPresent_closure1.doCall(VerifyElementPresentKeyword.groovy:85)
	at com.kms.katalon.core.webui.keyword.builtin.VerifyElementPresentKeyword$_verifyElementPresent_closure1.call(VerifyElementPresentKeyword.groovy)
	at com.kms.katalon.core.webui.keyword.internal.WebUIKeywordMain.runKeyword(WebUIKeywordMain.groovy:20)
	... 22 more
)
[[ATTACHMENT|/Users/quan.trinh/git/ideaexchangetest/Reports/20230826_163724/TS2 - Post an idea/20230826_163725/1693043296713.png]]

2023-08-26 16:48:17 - [TEST_STEP][PASSED] - Start listener action : autoUpdateJobStatus: [SAUCELABS] Current run configuration: Chrome

2023-08-26 16:48:17 - [MESSAGE][INFO] - [SAUCELABS] Current run configuration: Chrome]]></system-out>
         <system-err><![CDATA[2023-08-26 16:46:14 - [TEST_CASE][FAILED] - Test Cases/Post an idea: Test Cases/Post an idea FAILED.
Reason:
com.kms.katalon.core.exception.StepFailedException: Unable to verify object 'Object Repository/span_Submitted' is present
	at com.kms.katalon.core.webui.keyword.internal.WebUIKeywordMain.stepFailed(WebUIKeywordMain.groovy:64)
	at com.kms.katalon.core.webui.keyword.internal.WebUIKeywordMain.runKeyword(WebUIKeywordMain.groovy:26)
	at com.kms.katalon.core.webui.keyword.builtin.VerifyElementPresentKeyword.verifyElementPresent(VerifyElementPresentKeyword.groovy:92)
	at com.kms.katalon.core.webui.keyword.builtin.VerifyElementPresentKeyword.execute(VerifyElementPresentKeyword.groovy:68)
	at com.kms.katalon.core.keyword.internal.KeywordExecutor.executeKeywordForPlatform(KeywordExecutor.groovy:74)
	at com.kms.katalon.core.webui.keyword.WebUiBuiltInKeywords.verifyElementPresent(WebUiBuiltInKeywords.groovy:1464)
	at com.kms.katalon.core.webui.keyword.WebUiBuiltInKeywords$verifyElementPresent$5.call(Unknown Source)
	at Post an idea.run(Post an idea:66)
	at com.kms.katalon.core.main.ScriptEngine.run(ScriptEngine.java:194)
	at com.kms.katalon.core.main.ScriptEngine.runScriptAsRawText(ScriptEngine.java:119)
	at com.kms.katalon.core.main.TestCaseExecutor.runScript(TestCaseExecutor.java:448)
	at com.kms.katalon.core.main.TestCaseExecutor.doExecute(TestCaseExecutor.java:439)
	at com.kms.katalon.core.main.TestCaseExecutor.processExecutionPhase(TestCaseExecutor.java:418)
	at com.kms.katalon.core.main.TestCaseExecutor.accessMainPhase(TestCaseExecutor.java:410)
	at com.kms.katalon.core.main.TestCaseExecutor.execute(TestCaseExecutor.java:285)
	at com.kms.katalon.core.main.TestCaseExecutor.execute(TestCaseExecutor.java:369)
	at com.kms.katalon.core.main.TestCaseExecutor.execute(TestCaseExecutor.java:369)
	at com.kms.katalon.core.main.TestCaseExecutor.execute(TestCaseExecutor.java:369)
	at com.kms.katalon.core.common.CommonExecutor.accessTestCaseMainPhase(CommonExecutor.java:65)
	at com.kms.katalon.core.main.TestSuiteExecutor.accessTestSuiteMainPhase(TestSuiteExecutor.java:148)
	at com.kms.katalon.core.main.TestSuiteExecutor.execute(TestSuiteExecutor.java:106)
	at com.kms.katalon.core.main.TestCaseMain.startTestSuite(TestCaseMain.java:187)
	at com.kms.katalon.core.main.TestCaseMain$startTestSuite$0.call(Unknown Source)
	at TempTestSuite1693042645628.run(TempTestSuite1693042645628.groovy:36)
Caused by: com.kms.katalon.core.exception.StepFailedException: com.kms.katalon.core.webui.exception.WebElementNotFoundException: Web element with id: 'Object Repository/span_Submitted' located by '//div[@id='4:492;a']/div/div/div[2]/div/div[2]/span/span' not found
	at com.kms.katalon.core.webui.keyword.internal.WebUIKeywordMain.stepFailed(WebUIKeywordMain.groovy:64)
	at com.kms.katalon.core.webui.keyword.builtin.VerifyElementPresentKeyword$_verifyElementPresent_closure1.doCall(VerifyElementPresentKeyword.groovy:85)
	at com.kms.katalon.core.webui.keyword.builtin.VerifyElementPresentKeyword$_verifyElementPresent_closure1.call(VerifyElementPresentKeyword.groovy)
	at com.kms.katalon.core.webui.keyword.internal.WebUIKeywordMain.runKeyword(WebUIKeywordMain.groovy:20)
	... 22 more]]></system-err>
      </testcase>
      <system-out><![CDATA[2023-08-26 16:37:35 - [TEST_SUITE][FAILED] - TS2 - Post an idea: Test Cases/Post an idea FAILED.
Reason:
com.kms.katalon.core.exception.StepFailedException: Unable to verify object 'Object Repository/span_Submitted' is present
	at com.kms.katalon.core.webui.keyword.internal.WebUIKeywordMain.stepFailed(WebUIKeywordMain.groovy:64)
	at com.kms.katalon.core.webui.keyword.internal.WebUIKeywordMain.runKeyword(WebUIKeywordMain.groovy:26)
	at com.kms.katalon.core.webui.keyword.builtin.VerifyElementPresentKeyword.verifyElementPresent(VerifyElementPresentKeyword.groovy:92)
	at com.kms.katalon.core.webui.keyword.builtin.VerifyElementPresentKeyword.execute(VerifyElementPresentKeyword.groovy:68)
	at com.kms.katalon.core.keyword.internal.KeywordExecutor.executeKeywordForPlatform(KeywordExecutor.groovy:74)
	at com.kms.katalon.core.webui.keyword.WebUiBuiltInKeywords.verifyElementPresent(WebUiBuiltInKeywords.groovy:1464)
	at com.kms.katalon.core.webui.keyword.WebUiBuiltInKeywords$verifyElementPresent$5.call(Unknown Source)
	at Post an idea.run(Post an idea:66)
	at com.kms.katalon.core.main.ScriptEngine.run(ScriptEngine.java:194)
	at com.kms.katalon.core.main.ScriptEngine.runScriptAsRawText(ScriptEngine.java:119)
	at com.kms.katalon.core.main.TestCaseExecutor.runScript(TestCaseExecutor.java:448)
	at com.kms.katalon.core.main.TestCaseExecutor.doExecute(TestCaseExecutor.java:439)
	at com.kms.katalon.core.main.TestCaseExecutor.processExecutionPhase(TestCaseExecutor.java:418)
	at com.kms.katalon.core.main.TestCaseExecutor.accessMainPhase(TestCaseExecutor.java:410)
	at com.kms.katalon.core.main.TestCaseExecutor.execute(TestCaseExecutor.java:285)
	at com.kms.katalon.core.common.CommonExecutor.accessTestCaseMainPhase(CommonExecutor.java:65)
	at com.kms.katalon.core.main.TestSuiteExecutor.accessTestSuiteMainPhase(TestSuiteExecutor.java:148)
	at com.kms.katalon.core.main.TestSuiteExecutor.execute(TestSuiteExecutor.java:106)
	at com.kms.katalon.core.main.TestCaseMain.startTestSuite(TestCaseMain.java:187)
	at com.kms.katalon.core.main.TestCaseMain$startTestSuite$0.call(Unknown Source)
	at TempTestSuite1693042645628.run(TempTestSuite1693042645628.groovy:36)
Caused by: com.kms.katalon.core.exception.StepFailedException: com.kms.katalon.core.webui.exception.WebElementNotFoundException: Web element with id: 'Object Repository/span_Submitted' located by '//div[@id='4:492;a']/div/div/div[2]/div/div[2]/span/span' not found
	at com.kms.katalon.core.webui.keyword.internal.WebUIKeywordMain.stepFailed(WebUIKeywordMain.groovy:64)
	at com.kms.katalon.core.webui.keyword.builtin.VerifyElementPresentKeyword$_verifyElementPresent_closure1.doCall(VerifyElementPresentKeyword.groovy:85)
	at com.kms.katalon.core.webui.keyword.builtin.VerifyElementPresentKeyword$_verifyElementPresent_closure1.call(VerifyElementPresentKeyword.groovy)
	at com.kms.katalon.core.webui.keyword.internal.WebUIKeywordMain.runKeyword(WebUIKeywordMain.groovy:20)
	... 19 more]]></system-out>
      <system-err><![CDATA[2023-08-26 16:37:35 - [TEST_SUITE][FAILED] - TS2 - Post an idea: Test Cases/Post an idea FAILED.
Reason:
com.kms.katalon.core.exception.StepFailedException: Unable to verify object 'Object Repository/span_Submitted' is present
	at com.kms.katalon.core.webui.keyword.internal.WebUIKeywordMain.stepFailed(WebUIKeywordMain.groovy:64)
	at com.kms.katalon.core.webui.keyword.internal.WebUIKeywordMain.runKeyword(WebUIKeywordMain.groovy:26)
	at com.kms.katalon.core.webui.keyword.builtin.VerifyElementPresentKeyword.verifyElementPresent(VerifyElementPresentKeyword.groovy:92)
	at com.kms.katalon.core.webui.keyword.builtin.VerifyElementPresentKeyword.execute(VerifyElementPresentKeyword.groovy:68)
	at com.kms.katalon.core.keyword.internal.KeywordExecutor.executeKeywordForPlatform(KeywordExecutor.groovy:74)
	at com.kms.katalon.core.webui.keyword.WebUiBuiltInKeywords.verifyElementPresent(WebUiBuiltInKeywords.groovy:1464)
	at com.kms.katalon.core.webui.keyword.WebUiBuiltInKeywords$verifyElementPresent$5.call(Unknown Source)
	at Post an idea.run(Post an idea:66)
	at com.kms.katalon.core.main.ScriptEngine.run(ScriptEngine.java:194)
	at com.kms.katalon.core.main.ScriptEngine.runScriptAsRawText(ScriptEngine.java:119)
	at com.kms.katalon.core.main.TestCaseExecutor.runScript(TestCaseExecutor.java:448)
	at com.kms.katalon.core.main.TestCaseExecutor.doExecute(TestCaseExecutor.java:439)
	at com.kms.katalon.core.main.TestCaseExecutor.processExecutionPhase(TestCaseExecutor.java:418)
	at com.kms.katalon.core.main.TestCaseExecutor.accessMainPhase(TestCaseExecutor.java:410)
	at com.kms.katalon.core.main.TestCaseExecutor.execute(TestCaseExecutor.java:285)
	at com.kms.katalon.core.common.CommonExecutor.accessTestCaseMainPhase(CommonExecutor.java:65)
	at com.kms.katalon.core.main.TestSuiteExecutor.accessTestSuiteMainPhase(TestSuiteExecutor.java:148)
	at com.kms.katalon.core.main.TestSuiteExecutor.execute(TestSuiteExecutor.java:106)
	at com.kms.katalon.core.main.TestCaseMain.startTestSuite(TestCaseMain.java:187)
	at com.kms.katalon.core.main.TestCaseMain$startTestSuite$0.call(Unknown Source)
	at TempTestSuite1693042645628.run(TempTestSuite1693042645628.groovy:36)
Caused by: com.kms.katalon.core.exception.StepFailedException: com.kms.katalon.core.webui.exception.WebElementNotFoundException: Web element with id: 'Object Repository/span_Submitted' located by '//div[@id='4:492;a']/div/div/div[2]/div/div[2]/span/span' not found
	at com.kms.katalon.core.webui.keyword.internal.WebUIKeywordMain.stepFailed(WebUIKeywordMain.groovy:64)
	at com.kms.katalon.core.webui.keyword.builtin.VerifyElementPresentKeyword$_verifyElementPresent_closure1.doCall(VerifyElementPresentKeyword.groovy:85)
	at com.kms.katalon.core.webui.keyword.builtin.VerifyElementPresentKeyword$_verifyElementPresent_closure1.call(VerifyElementPresentKeyword.groovy)
	at com.kms.katalon.core.webui.keyword.internal.WebUIKeywordMain.runKeyword(WebUIKeywordMain.groovy:20)
	... 19 more]]></system-err>
   </testsuite>
</testsuites>
